2024-07-05 16:29:35,209 INFO SPI service [com.alipay.sofa.jraft.JRaftServiceFactory - com.alipay.sofa.jraft.core.DefaultJRaftServiceFactory] loading.

2024-07-05 16:29:35,265 INFO SPI service [com.alipay.sofa.jraft.rpc.RaftRpcFactory - com.alipay.sofa.jraft.rpc.impl.GrpcRaftRpcFactory] loading.

2024-07-05 16:29:35,360 INFO SPI service [com.alipay.sofa.jraft.util.timer.RaftTimerFactory - com.alipay.sofa.jraft.util.timer.DefaultRaftTimerFactory] loading.

2024-07-05 16:29:35,366 INFO The number of active nodes increment to 1.

2024-07-05 16:29:36,321 INFO Starts FSMCaller successfully.

2024-07-05 16:29:36,323 WARN No data for snapshot reader F:\WebAppDevlopment\RenYiBang\server\nacos\nacos\data\protocol\raft\naming_persistent_service_v2\snapshot.

2024-07-05 16:29:36,329 INFO Node <naming_persistent_service_v2/2.0.0.1:7848> init, term=0, lastLogId=LogId [index=0, term=0], conf=2.0.0.1:7848, oldConf=.

2024-07-05 16:29:36,330 INFO Node <naming_persistent_service_v2/2.0.0.1:7848> start vote and grant vote self, term=0.

2024-07-05 16:29:36,345 WARN Unable to fsync directory F:\WebAppDevlopment\RenYiBang\server\nacos\nacos\data\protocol\raft\naming_persistent_service_v2\meta-data on windows.

2024-07-05 16:29:36,347 INFO Save raft meta, path=F:\WebAppDevlopment\RenYiBang\server\nacos\nacos\data\protocol\raft\naming_persistent_service_v2\meta-data, term=1, votedFor=2.0.0.1:7848, cost time=14 ms

2024-07-05 16:29:36,348 INFO Node <naming_persistent_service_v2/2.0.0.1:7848> become leader of group, term=1, conf=2.0.0.1:7848, oldConf=.

2024-07-05 16:29:36,349 INFO -Djraft.recyclers.maxCapacityPerThread: 4096.

2024-07-05 16:29:36,351 WARN RPC server is not started in RaftGroupService.

2024-07-05 16:29:36,351 INFO Start the RaftGroupService successfully.

2024-07-05 16:29:36,362 INFO The number of active nodes increment to 2.

2024-07-05 16:29:36,364 INFO onLeaderStart: term=1.

2024-07-05 16:29:36,401 INFO Starts FSMCaller successfully.

2024-07-05 16:29:36,401 WARN No data for snapshot reader F:\WebAppDevlopment\RenYiBang\server\nacos\nacos\data\protocol\raft\naming_instance_metadata\snapshot.

2024-07-05 16:29:36,402 INFO Node <naming_instance_metadata/2.0.0.1:7848> init, term=0, lastLogId=LogId [index=0, term=0], conf=2.0.0.1:7848, oldConf=.

2024-07-05 16:29:36,402 INFO Node <naming_instance_metadata/2.0.0.1:7848> start vote and grant vote self, term=0.

2024-07-05 16:29:36,406 WARN Unable to fsync directory F:\WebAppDevlopment\RenYiBang\server\nacos\nacos\data\protocol\raft\naming_instance_metadata\meta-data on windows.

2024-07-05 16:29:36,406 INFO Creating new channel to: 2.0.0.1:7848.

2024-07-05 16:29:36,406 INFO Save raft meta, path=F:\WebAppDevlopment\RenYiBang\server\nacos\nacos\data\protocol\raft\naming_instance_metadata\meta-data, term=1, votedFor=2.0.0.1:7848, cost time=4 ms

2024-07-05 16:29:36,406 INFO Node <naming_instance_metadata/2.0.0.1:7848> become leader of group, term=1, conf=2.0.0.1:7848, oldConf=.

2024-07-05 16:29:36,406 WARN RPC server is not started in RaftGroupService.

2024-07-05 16:29:36,407 INFO Start the RaftGroupService successfully.

2024-07-05 16:29:36,409 INFO onLeaderStart: term=1.

2024-07-05 16:29:36,409 INFO The number of active nodes increment to 3.

2024-07-05 16:29:36,437 INFO The channel 2.0.0.1:7848 is in state: CONNECTING.

2024-07-05 16:29:36,443 INFO Starts FSMCaller successfully.

2024-07-05 16:29:36,443 WARN No data for snapshot reader F:\WebAppDevlopment\RenYiBang\server\nacos\nacos\data\protocol\raft\naming_service_metadata\snapshot.

2024-07-05 16:29:36,444 INFO Node <naming_service_metadata/2.0.0.1:7848> init, term=0, lastLogId=LogId [index=0, term=0], conf=2.0.0.1:7848, oldConf=.

2024-07-05 16:29:36,444 INFO Node <naming_service_metadata/2.0.0.1:7848> start vote and grant vote self, term=0.

2024-07-05 16:29:36,448 WARN Unable to fsync directory F:\WebAppDevlopment\RenYiBang\server\nacos\nacos\data\protocol\raft\naming_service_metadata\meta-data on windows.

2024-07-05 16:29:36,448 INFO Save raft meta, path=F:\WebAppDevlopment\RenYiBang\server\nacos\nacos\data\protocol\raft\naming_service_metadata\meta-data, term=1, votedFor=2.0.0.1:7848, cost time=4 ms

2024-07-05 16:29:36,448 INFO Node <naming_service_metadata/2.0.0.1:7848> become leader of group, term=1, conf=2.0.0.1:7848, oldConf=.

2024-07-05 16:29:36,448 WARN RPC server is not started in RaftGroupService.

2024-07-05 16:29:36,448 INFO Start the RaftGroupService successfully.

2024-07-05 16:29:36,451 INFO onLeaderStart: term=1.

2024-07-05 16:29:36,571 INFO The channel 2.0.0.1:7848 is in state: READY.

2024-07-05 16:29:36,571 INFO The channel 2.0.0.1:7848 has successfully established.

2024-07-05 16:49:08,641 WARN Unable to fsync directory F:\WebAppDevlopment\RenYiBang\server\nacos\nacos\data\protocol\raft\naming_instance_metadata\snapshot\temp on windows.

2024-07-05 16:49:08,642 INFO Deleting snapshot F:\WebAppDevlopment\RenYiBang\server\nacos\nacos\data\protocol\raft\naming_instance_metadata\snapshot\snapshot_1.

2024-07-05 16:49:08,642 INFO Renaming F:\WebAppDevlopment\RenYiBang\server\nacos\nacos\data\protocol\raft\naming_instance_metadata\snapshot\temp to F:\WebAppDevlopment\RenYiBang\server\nacos\nacos\data\protocol\raft\naming_instance_metadata\snapshot\snapshot_1.

2024-07-05 16:49:08,642 WARN Unable to fsync directory F:\WebAppDevlopment\RenYiBang\server\nacos\nacos\data\protocol\raft\naming_instance_metadata\snapshot on windows.

2024-07-05 16:49:08,662 WARN Unable to fsync directory F:\WebAppDevlopment\RenYiBang\server\nacos\nacos\data\protocol\raft\naming_service_metadata\snapshot\temp on windows.

2024-07-05 16:49:08,662 INFO Deleting snapshot F:\WebAppDevlopment\RenYiBang\server\nacos\nacos\data\protocol\raft\naming_service_metadata\snapshot\snapshot_1.

2024-07-05 16:49:08,662 INFO Renaming F:\WebAppDevlopment\RenYiBang\server\nacos\nacos\data\protocol\raft\naming_service_metadata\snapshot\temp to F:\WebAppDevlopment\RenYiBang\server\nacos\nacos\data\protocol\raft\naming_service_metadata\snapshot\snapshot_1.

2024-07-05 16:49:08,662 WARN Unable to fsync directory F:\WebAppDevlopment\RenYiBang\server\nacos\nacos\data\protocol\raft\naming_service_metadata\snapshot on windows.

2024-07-05 16:56:29,769 WARN Unable to fsync directory F:\WebAppDevlopment\RenYiBang\server\nacos\nacos\data\protocol\raft\naming_persistent_service_v2\snapshot\temp on windows.

2024-07-05 16:56:29,769 INFO Deleting snapshot F:\WebAppDevlopment\RenYiBang\server\nacos\nacos\data\protocol\raft\naming_persistent_service_v2\snapshot\snapshot_1.

2024-07-05 16:56:29,769 INFO Renaming F:\WebAppDevlopment\RenYiBang\server\nacos\nacos\data\protocol\raft\naming_persistent_service_v2\snapshot\temp to F:\WebAppDevlopment\RenYiBang\server\nacos\nacos\data\protocol\raft\naming_persistent_service_v2\snapshot\snapshot_1.

2024-07-05 16:56:29,770 WARN Unable to fsync directory F:\WebAppDevlopment\RenYiBang\server\nacos\nacos\data\protocol\raft\naming_persistent_service_v2\snapshot on windows.

2024-07-05 17:19:08,631 INFO Truncated prefix logs in data path: F:\WebAppDevlopment\RenYiBang\server\nacos\nacos\data\protocol\raft\naming_instance_metadata\log from log index 1 to 2, cost 1 ms.

2024-07-05 17:19:08,662 INFO Truncated prefix logs in data path: F:\WebAppDevlopment\RenYiBang\server\nacos\nacos\data\protocol\raft\naming_service_metadata\log from log index 1 to 2, cost 0 ms.

2024-07-05 17:26:29,769 INFO Truncated prefix logs in data path: F:\WebAppDevlopment\RenYiBang\server\nacos\nacos\data\protocol\raft\naming_persistent_service_v2\log from log index 1 to 2, cost 0 ms.

