2024-07-08 14:23:42,213 INFO SPI service [com.alipay.sofa.jraft.JRaftServiceFactory - com.alipay.sofa.jraft.core.DefaultJRaftServiceFactory] loading.

2024-07-08 14:23:42,258 INFO SPI service [com.alipay.sofa.jraft.rpc.RaftRpcFactory - com.alipay.sofa.jraft.rpc.impl.GrpcRaftRpcFactory] loading.

2024-07-08 14:23:42,339 INFO SPI service [com.alipay.sofa.jraft.util.timer.RaftTimerFactory - com.alipay.sofa.jraft.util.timer.DefaultRaftTimerFactory] loading.

2024-07-08 14:23:42,340 INFO The number of active nodes increment to 1.

2024-07-08 14:23:42,670 INFO Starts FSMCaller successfully.

2024-07-08 14:23:42,674 WARN No data for snapshot reader F:\WebAppDevlopment\RenYiBang\micro-server-demo\nacos\data\protocol\raft\naming_persistent_service_v2\snapshot.

2024-07-08 14:23:42,678 INFO Node <naming_persistent_service_v2/2.0.0.1:7848> init, term=0, lastLogId=LogId [index=0, term=0], conf=2.0.0.1:7848, oldConf=.

2024-07-08 14:23:42,679 INFO Node <naming_persistent_service_v2/2.0.0.1:7848> start vote and grant vote self, term=0.

2024-07-08 14:23:42,693 WARN Unable to fsync directory F:\WebAppDevlopment\RenYiBang\micro-server-demo\nacos\data\protocol\raft\naming_persistent_service_v2\meta-data on windows.

2024-07-08 14:23:42,695 INFO Save raft meta, path=F:\WebAppDevlopment\RenYiBang\micro-server-demo\nacos\data\protocol\raft\naming_persistent_service_v2\meta-data, term=1, votedFor=2.0.0.1:7848, cost time=13 ms

2024-07-08 14:23:42,696 INFO Node <naming_persistent_service_v2/2.0.0.1:7848> become leader of group, term=1, conf=2.0.0.1:7848, oldConf=.

2024-07-08 14:23:42,697 INFO -Djraft.recyclers.maxCapacityPerThread: 4096.

2024-07-08 14:23:42,698 WARN RPC server is not started in RaftGroupService.

2024-07-08 14:23:42,698 INFO Start the RaftGroupService successfully.

2024-07-08 14:23:42,708 INFO The number of active nodes increment to 2.

2024-07-08 14:23:42,708 INFO onLeaderStart: term=1.

2024-07-08 14:23:42,745 INFO Creating new channel to: 2.0.0.1:7848.

2024-07-08 14:23:42,759 INFO Starts FSMCaller successfully.

2024-07-08 14:23:42,759 WARN No data for snapshot reader F:\WebAppDevlopment\RenYiBang\micro-server-demo\nacos\data\protocol\raft\naming_instance_metadata\snapshot.

2024-07-08 14:23:42,760 INFO Node <naming_instance_metadata/2.0.0.1:7848> init, term=0, lastLogId=LogId [index=0, term=0], conf=2.0.0.1:7848, oldConf=.

2024-07-08 14:23:42,760 INFO Node <naming_instance_metadata/2.0.0.1:7848> start vote and grant vote self, term=0.

2024-07-08 14:23:42,766 WARN Unable to fsync directory F:\WebAppDevlopment\RenYiBang\micro-server-demo\nacos\data\protocol\raft\naming_instance_metadata\meta-data on windows.

2024-07-08 14:23:42,766 INFO Save raft meta, path=F:\WebAppDevlopment\RenYiBang\micro-server-demo\nacos\data\protocol\raft\naming_instance_metadata\meta-data, term=1, votedFor=2.0.0.1:7848, cost time=4 ms

2024-07-08 14:23:42,766 INFO Node <naming_instance_metadata/2.0.0.1:7848> become leader of group, term=1, conf=2.0.0.1:7848, oldConf=.

2024-07-08 14:23:42,766 WARN RPC server is not started in RaftGroupService.

2024-07-08 14:23:42,766 INFO Start the RaftGroupService successfully.

2024-07-08 14:23:42,768 INFO onLeaderStart: term=1.

2024-07-08 14:23:42,768 INFO The number of active nodes increment to 3.

2024-07-08 14:23:42,770 INFO The channel 2.0.0.1:7848 is in state: CONNECTING.

2024-07-08 14:23:42,823 INFO Starts FSMCaller successfully.

2024-07-08 14:23:42,823 WARN No data for snapshot reader F:\WebAppDevlopment\RenYiBang\micro-server-demo\nacos\data\protocol\raft\naming_service_metadata\snapshot.

2024-07-08 14:23:42,823 INFO Node <naming_service_metadata/2.0.0.1:7848> init, term=0, lastLogId=LogId [index=0, term=0], conf=2.0.0.1:7848, oldConf=.

2024-07-08 14:23:42,824 INFO Node <naming_service_metadata/2.0.0.1:7848> start vote and grant vote self, term=0.

2024-07-08 14:23:42,828 WARN Unable to fsync directory F:\WebAppDevlopment\RenYiBang\micro-server-demo\nacos\data\protocol\raft\naming_service_metadata\meta-data on windows.

2024-07-08 14:23:42,829 INFO Save raft meta, path=F:\WebAppDevlopment\RenYiBang\micro-server-demo\nacos\data\protocol\raft\naming_service_metadata\meta-data, term=1, votedFor=2.0.0.1:7848, cost time=4 ms

2024-07-08 14:23:42,829 INFO Node <naming_service_metadata/2.0.0.1:7848> become leader of group, term=1, conf=2.0.0.1:7848, oldConf=.

2024-07-08 14:23:42,829 WARN RPC server is not started in RaftGroupService.

2024-07-08 14:23:42,829 INFO Start the RaftGroupService successfully.

2024-07-08 14:23:42,831 INFO onLeaderStart: term=1.

2024-07-08 14:23:42,865 INFO The channel 2.0.0.1:7848 is in state: READY.

2024-07-08 14:23:42,865 INFO The channel 2.0.0.1:7848 has successfully established.

2024-07-08 14:27:04,498 INFO SPI service [com.alipay.sofa.jraft.JRaftServiceFactory - com.alipay.sofa.jraft.core.DefaultJRaftServiceFactory] loading.

2024-07-08 14:27:04,578 INFO SPI service [com.alipay.sofa.jraft.rpc.RaftRpcFactory - com.alipay.sofa.jraft.rpc.impl.GrpcRaftRpcFactory] loading.

2024-07-08 14:27:04,664 INFO SPI service [com.alipay.sofa.jraft.util.timer.RaftTimerFactory - com.alipay.sofa.jraft.util.timer.DefaultRaftTimerFactory] loading.

2024-07-08 14:27:04,667 INFO The number of active nodes increment to 1.

2024-07-08 14:27:04,988 INFO Starts FSMCaller successfully.

2024-07-08 14:27:04,991 WARN No data for snapshot reader F:\WebAppDevlopment\RenYiBang\micro-server-demo\nacos\data\protocol\raft\naming_persistent_service_v2\snapshot.

2024-07-08 14:27:04,991 INFO Node <naming_persistent_service_v2/2.0.0.1:7848> target priority value has changed from: 0, to: -1.

2024-07-08 14:27:04,995 INFO Node <naming_persistent_service_v2/2.0.0.1:7848> init, term=1, lastLogId=LogId [index=1, term=1], conf=2.0.0.1:7848, oldConf=.

2024-07-08 14:27:04,996 INFO Node <naming_persistent_service_v2/2.0.0.1:7848> start vote and grant vote self, term=1.

2024-07-08 14:27:05,011 WARN Unable to fsync directory F:\WebAppDevlopment\RenYiBang\micro-server-demo\nacos\data\protocol\raft\naming_persistent_service_v2\meta-data on windows.

2024-07-08 14:27:05,013 INFO Save raft meta, path=F:\WebAppDevlopment\RenYiBang\micro-server-demo\nacos\data\protocol\raft\naming_persistent_service_v2\meta-data, term=2, votedFor=2.0.0.1:7848, cost time=12 ms

2024-07-08 14:27:05,013 INFO Node <naming_persistent_service_v2/2.0.0.1:7848> become leader of group, term=2, conf=2.0.0.1:7848, oldConf=.

2024-07-08 14:27:05,014 INFO -Djraft.recyclers.maxCapacityPerThread: 4096.

2024-07-08 14:27:05,015 WARN RPC server is not started in RaftGroupService.

2024-07-08 14:27:05,015 INFO Start the RaftGroupService successfully.

2024-07-08 14:27:05,026 INFO The number of active nodes increment to 2.

2024-07-08 14:27:05,026 INFO onLeaderStart: term=2.

2024-07-08 14:27:05,068 INFO Creating new channel to: 2.0.0.1:7848.

2024-07-08 14:27:05,078 INFO Starts FSMCaller successfully.

2024-07-08 14:27:05,078 WARN No data for snapshot reader F:\WebAppDevlopment\RenYiBang\micro-server-demo\nacos\data\protocol\raft\naming_instance_metadata\snapshot.

2024-07-08 14:27:05,078 INFO Node <naming_instance_metadata/2.0.0.1:7848> target priority value has changed from: 0, to: -1.

2024-07-08 14:27:05,079 INFO Node <naming_instance_metadata/2.0.0.1:7848> init, term=1, lastLogId=LogId [index=1, term=1], conf=2.0.0.1:7848, oldConf=.

2024-07-08 14:27:05,079 INFO Node <naming_instance_metadata/2.0.0.1:7848> start vote and grant vote self, term=1.

2024-07-08 14:27:05,083 WARN Unable to fsync directory F:\WebAppDevlopment\RenYiBang\micro-server-demo\nacos\data\protocol\raft\naming_instance_metadata\meta-data on windows.

2024-07-08 14:27:05,083 INFO Save raft meta, path=F:\WebAppDevlopment\RenYiBang\micro-server-demo\nacos\data\protocol\raft\naming_instance_metadata\meta-data, term=2, votedFor=2.0.0.1:7848, cost time=4 ms

2024-07-08 14:27:05,083 INFO Node <naming_instance_metadata/2.0.0.1:7848> become leader of group, term=2, conf=2.0.0.1:7848, oldConf=.

2024-07-08 14:27:05,083 WARN RPC server is not started in RaftGroupService.

2024-07-08 14:27:05,083 INFO Start the RaftGroupService successfully.

2024-07-08 14:27:05,085 INFO The number of active nodes increment to 3.

2024-07-08 14:27:05,086 INFO onLeaderStart: term=2.

2024-07-08 14:27:05,094 INFO The channel 2.0.0.1:7848 is in state: CONNECTING.

2024-07-08 14:27:05,140 INFO Starts FSMCaller successfully.

2024-07-08 14:27:05,140 WARN No data for snapshot reader F:\WebAppDevlopment\RenYiBang\micro-server-demo\nacos\data\protocol\raft\naming_service_metadata\snapshot.

2024-07-08 14:27:05,140 INFO Node <naming_service_metadata/2.0.0.1:7848> target priority value has changed from: 0, to: -1.

2024-07-08 14:27:05,140 INFO Node <naming_service_metadata/2.0.0.1:7848> init, term=1, lastLogId=LogId [index=1, term=1], conf=2.0.0.1:7848, oldConf=.

2024-07-08 14:27:05,140 INFO Node <naming_service_metadata/2.0.0.1:7848> start vote and grant vote self, term=1.

2024-07-08 14:27:05,145 WARN Unable to fsync directory F:\WebAppDevlopment\RenYiBang\micro-server-demo\nacos\data\protocol\raft\naming_service_metadata\meta-data on windows.

2024-07-08 14:27:05,145 INFO Save raft meta, path=F:\WebAppDevlopment\RenYiBang\micro-server-demo\nacos\data\protocol\raft\naming_service_metadata\meta-data, term=2, votedFor=2.0.0.1:7848, cost time=4 ms

2024-07-08 14:27:05,145 INFO Node <naming_service_metadata/2.0.0.1:7848> become leader of group, term=2, conf=2.0.0.1:7848, oldConf=.

2024-07-08 14:27:05,145 WARN RPC server is not started in RaftGroupService.

2024-07-08 14:27:05,145 INFO Start the RaftGroupService successfully.

2024-07-08 14:27:05,148 INFO onLeaderStart: term=2.

2024-07-08 14:27:05,189 INFO The channel 2.0.0.1:7848 is in state: READY.

2024-07-08 14:27:05,189 INFO The channel 2.0.0.1:7848 has successfully established.

2024-07-08 14:27:28,330 INFO SPI service [com.alipay.sofa.jraft.JRaftServiceFactory - com.alipay.sofa.jraft.core.DefaultJRaftServiceFactory] loading.

2024-07-08 14:27:28,404 INFO SPI service [com.alipay.sofa.jraft.rpc.RaftRpcFactory - com.alipay.sofa.jraft.rpc.impl.GrpcRaftRpcFactory] loading.

2024-07-08 14:27:28,487 INFO SPI service [com.alipay.sofa.jraft.util.timer.RaftTimerFactory - com.alipay.sofa.jraft.util.timer.DefaultRaftTimerFactory] loading.

2024-07-08 14:27:28,490 INFO The number of active nodes increment to 1.

2024-07-08 14:27:28,811 INFO Truncated prefix logs in data path: F:\WebAppDevlopment\RenYiBang\micro-server-demo\nacos\data\protocol\raft\naming_persistent_service_v2\log from log index 0 to 1, cost 0 ms.

2024-07-08 14:27:28,813 INFO Starts FSMCaller successfully.

2024-07-08 14:27:28,818 WARN No data for snapshot reader F:\WebAppDevlopment\RenYiBang\micro-server-demo\nacos\data\protocol\raft\naming_persistent_service_v2\snapshot.

2024-07-08 14:27:28,818 INFO Node <naming_persistent_service_v2/2.0.0.1:7848> target priority value has changed from: 0, to: -1.

2024-07-08 14:27:28,823 INFO Node <naming_persistent_service_v2/2.0.0.1:7848> init, term=2, lastLogId=LogId [index=2, term=2], conf=2.0.0.1:7848, oldConf=.

2024-07-08 14:27:28,825 INFO Node <naming_persistent_service_v2/2.0.0.1:7848> start vote and grant vote self, term=2.

2024-07-08 14:27:28,840 WARN Unable to fsync directory F:\WebAppDevlopment\RenYiBang\micro-server-demo\nacos\data\protocol\raft\naming_persistent_service_v2\meta-data on windows.

2024-07-08 14:27:28,840 INFO Save raft meta, path=F:\WebAppDevlopment\RenYiBang\micro-server-demo\nacos\data\protocol\raft\naming_persistent_service_v2\meta-data, term=3, votedFor=2.0.0.1:7848, cost time=13 ms

2024-07-08 14:27:28,840 INFO Node <naming_persistent_service_v2/2.0.0.1:7848> become leader of group, term=3, conf=2.0.0.1:7848, oldConf=.

2024-07-08 14:27:28,841 INFO -Djraft.recyclers.maxCapacityPerThread: 4096.

2024-07-08 14:27:28,843 WARN RPC server is not started in RaftGroupService.

2024-07-08 14:27:28,843 INFO Start the RaftGroupService successfully.

2024-07-08 14:27:28,851 INFO onLeaderStart: term=3.

2024-07-08 14:27:28,853 INFO The number of active nodes increment to 2.

2024-07-08 14:27:28,896 INFO Creating new channel to: 2.0.0.1:7848.

2024-07-08 14:27:28,912 INFO Truncated prefix logs in data path: F:\WebAppDevlopment\RenYiBang\micro-server-demo\nacos\data\protocol\raft\naming_instance_metadata\log from log index 0 to 1, cost 0 ms.

2024-07-08 14:27:28,913 INFO Starts FSMCaller successfully.

2024-07-08 14:27:28,914 WARN No data for snapshot reader F:\WebAppDevlopment\RenYiBang\micro-server-demo\nacos\data\protocol\raft\naming_instance_metadata\snapshot.

2024-07-08 14:27:28,914 INFO Node <naming_instance_metadata/2.0.0.1:7848> target priority value has changed from: 0, to: -1.

2024-07-08 14:27:28,916 INFO Node <naming_instance_metadata/2.0.0.1:7848> init, term=2, lastLogId=LogId [index=2, term=2], conf=2.0.0.1:7848, oldConf=.

2024-07-08 14:27:28,916 INFO Node <naming_instance_metadata/2.0.0.1:7848> start vote and grant vote self, term=2.

2024-07-08 14:27:28,920 WARN Unable to fsync directory F:\WebAppDevlopment\RenYiBang\micro-server-demo\nacos\data\protocol\raft\naming_instance_metadata\meta-data on windows.

2024-07-08 14:27:28,920 INFO Save raft meta, path=F:\WebAppDevlopment\RenYiBang\micro-server-demo\nacos\data\protocol\raft\naming_instance_metadata\meta-data, term=3, votedFor=2.0.0.1:7848, cost time=4 ms

2024-07-08 14:27:28,920 INFO Node <naming_instance_metadata/2.0.0.1:7848> become leader of group, term=3, conf=2.0.0.1:7848, oldConf=.

2024-07-08 14:27:28,920 WARN RPC server is not started in RaftGroupService.

2024-07-08 14:27:28,920 INFO Start the RaftGroupService successfully.

2024-07-08 14:27:28,923 INFO The number of active nodes increment to 3.

2024-07-08 14:27:28,923 INFO onLeaderStart: term=3.

2024-07-08 14:27:28,923 INFO The channel 2.0.0.1:7848 is in state: CONNECTING.

2024-07-08 14:27:28,987 INFO Truncated prefix logs in data path: F:\WebAppDevlopment\RenYiBang\micro-server-demo\nacos\data\protocol\raft\naming_service_metadata\log from log index 0 to 1, cost 0 ms.

2024-07-08 14:27:28,988 INFO Starts FSMCaller successfully.

2024-07-08 14:27:28,988 WARN No data for snapshot reader F:\WebAppDevlopment\RenYiBang\micro-server-demo\nacos\data\protocol\raft\naming_service_metadata\snapshot.

2024-07-08 14:27:28,988 INFO Node <naming_service_metadata/2.0.0.1:7848> target priority value has changed from: 0, to: -1.

2024-07-08 14:27:28,989 INFO Node <naming_service_metadata/2.0.0.1:7848> init, term=2, lastLogId=LogId [index=2, term=2], conf=2.0.0.1:7848, oldConf=.

2024-07-08 14:27:28,989 INFO Node <naming_service_metadata/2.0.0.1:7848> start vote and grant vote self, term=2.

2024-07-08 14:27:28,993 WARN Unable to fsync directory F:\WebAppDevlopment\RenYiBang\micro-server-demo\nacos\data\protocol\raft\naming_service_metadata\meta-data on windows.

2024-07-08 14:27:28,993 INFO Save raft meta, path=F:\WebAppDevlopment\RenYiBang\micro-server-demo\nacos\data\protocol\raft\naming_service_metadata\meta-data, term=3, votedFor=2.0.0.1:7848, cost time=5 ms

2024-07-08 14:27:28,994 INFO Node <naming_service_metadata/2.0.0.1:7848> become leader of group, term=3, conf=2.0.0.1:7848, oldConf=.

2024-07-08 14:27:28,994 WARN RPC server is not started in RaftGroupService.

2024-07-08 14:27:28,994 INFO Start the RaftGroupService successfully.

2024-07-08 14:27:28,996 INFO onLeaderStart: term=3.

2024-07-08 14:27:29,030 INFO The channel 2.0.0.1:7848 is in state: READY.

2024-07-08 14:27:29,030 INFO The channel 2.0.0.1:7848 has successfully established.

2024-07-08 14:46:48,428 WARN Unable to fsync directory F:\WebAppDevlopment\RenYiBang\micro-server-demo\nacos\data\protocol\raft\naming_instance_metadata\snapshot\temp on windows.

2024-07-08 14:46:48,428 INFO Deleting snapshot F:\WebAppDevlopment\RenYiBang\micro-server-demo\nacos\data\protocol\raft\naming_instance_metadata\snapshot\snapshot_3.

2024-07-08 14:46:48,428 INFO Renaming F:\WebAppDevlopment\RenYiBang\micro-server-demo\nacos\data\protocol\raft\naming_instance_metadata\snapshot\temp to F:\WebAppDevlopment\RenYiBang\micro-server-demo\nacos\data\protocol\raft\naming_instance_metadata\snapshot\snapshot_3.

2024-07-08 14:46:48,428 WARN Unable to fsync directory F:\WebAppDevlopment\RenYiBang\micro-server-demo\nacos\data\protocol\raft\naming_instance_metadata\snapshot on windows.

2024-07-08 14:48:11,969 WARN Unable to fsync directory F:\WebAppDevlopment\RenYiBang\micro-server-demo\nacos\data\protocol\raft\naming_persistent_service_v2\snapshot\temp on windows.

2024-07-08 14:48:11,969 INFO Deleting snapshot F:\WebAppDevlopment\RenYiBang\micro-server-demo\nacos\data\protocol\raft\naming_persistent_service_v2\snapshot\snapshot_3.

2024-07-08 14:48:11,969 INFO Renaming F:\WebAppDevlopment\RenYiBang\micro-server-demo\nacos\data\protocol\raft\naming_persistent_service_v2\snapshot\temp to F:\WebAppDevlopment\RenYiBang\micro-server-demo\nacos\data\protocol\raft\naming_persistent_service_v2\snapshot\snapshot_3.

2024-07-08 14:48:11,969 WARN Unable to fsync directory F:\WebAppDevlopment\RenYiBang\micro-server-demo\nacos\data\protocol\raft\naming_persistent_service_v2\snapshot on windows.

2024-07-08 14:51:36,161 WARN Unable to fsync directory F:\WebAppDevlopment\RenYiBang\micro-server-demo\nacos\data\protocol\raft\naming_service_metadata\snapshot\temp on windows.

2024-07-08 14:51:36,161 INFO Deleting snapshot F:\WebAppDevlopment\RenYiBang\micro-server-demo\nacos\data\protocol\raft\naming_service_metadata\snapshot\snapshot_3.

2024-07-08 14:51:36,161 INFO Renaming F:\WebAppDevlopment\RenYiBang\micro-server-demo\nacos\data\protocol\raft\naming_service_metadata\snapshot\temp to F:\WebAppDevlopment\RenYiBang\micro-server-demo\nacos\data\protocol\raft\naming_service_metadata\snapshot\snapshot_3.

2024-07-08 14:51:36,161 WARN Unable to fsync directory F:\WebAppDevlopment\RenYiBang\micro-server-demo\nacos\data\protocol\raft\naming_service_metadata\snapshot on windows.

2024-07-08 15:11:11,582 INFO SPI service [com.alipay.sofa.jraft.JRaftServiceFactory - com.alipay.sofa.jraft.core.DefaultJRaftServiceFactory] loading.

2024-07-08 15:11:11,655 INFO SPI service [com.alipay.sofa.jraft.rpc.RaftRpcFactory - com.alipay.sofa.jraft.rpc.impl.GrpcRaftRpcFactory] loading.

2024-07-08 15:11:11,744 INFO SPI service [com.alipay.sofa.jraft.util.timer.RaftTimerFactory - com.alipay.sofa.jraft.util.timer.DefaultRaftTimerFactory] loading.

2024-07-08 15:11:11,748 INFO The number of active nodes increment to 1.

2024-07-08 15:11:12,023 ERROR Fail to init RocksDBLogStorage, path=F:\WebAppDevlopment\RenYiBang\micro-server-demo\nacos\data\protocol\raft\naming_persistent_service_v2\log.

org.rocksdb.RocksDBException: CURRENT file corrupted
	at org.rocksdb.RocksDB.open(Native Method)
	at org.rocksdb.RocksDB.open(RocksDB.java:307)
	at com.alipay.sofa.jraft.storage.impl.RocksDBLogStorage.openDB(RocksDBLogStorage.java:312)
	at com.alipay.sofa.jraft.storage.impl.RocksDBLogStorage.initAndLoad(RocksDBLogStorage.java:230)
	at com.alipay.sofa.jraft.storage.impl.RocksDBLogStorage.init(RocksDBLogStorage.java:209)
	at com.alipay.sofa.jraft.storage.impl.RocksDBLogStorage.init(RocksDBLogStorage.java:72)
	at com.alipay.sofa.jraft.storage.impl.LogManagerImpl.init(LogManagerImpl.java:184)
	at com.alipay.sofa.jraft.storage.impl.LogManagerImpl.init(LogManagerImpl.java:76)
	at com.alipay.sofa.jraft.core.NodeImpl.initLogStorage(NodeImpl.java:591)
	at com.alipay.sofa.jraft.core.NodeImpl.init(NodeImpl.java:1005)
	at com.alipay.sofa.jraft.core.NodeImpl.init(NodeImpl.java:141)
	at com.alipay.sofa.jraft.RaftServiceFactory.createAndInitRaftNode(RaftServiceFactory.java:47)
	at com.alipay.sofa.jraft.RaftGroupService.start(RaftGroupService.java:129)
	at com.alibaba.nacos.core.distributed.raft.JRaftServer.createMultiRaftGroup(JRaftServer.java:260)
	at com.alibaba.nacos.core.distributed.raft.JRaftProtocol.addRequestProcessors(JRaftProtocol.java:163)
	at com.alibaba.nacos.naming.core.v2.service.impl.PersistentClientOperationServiceImpl.<init>(PersistentClientOperationServiceImpl.java:96)
	at java.base/jdk.internal.reflect.DirectConstructorHandleAccessor.newInstance(DirectConstructorHandleAccessor.java:62)
	at java.base/java.lang.reflect.Constructor.newInstanceWithCaller(Constructor.java:502)
	at java.base/java.lang.reflect.Constructor.newInstance(Constructor.java:486)
	at org.springframework.beans.BeanUtils.instantiateClass(BeanUtils.java:211)
	at org.springframework.beans.factory.support.SimpleInstantiationStrategy.instantiate(SimpleInstantiationStrategy.java:117)
	at org.springframework.beans.factory.support.ConstructorResolver.instantiate(ConstructorResolver.java:311)
	at org.springframework.beans.factory.support.ConstructorResolver.autowireConstructor(ConstructorResolver.java:296)
	at org.springframework.beans.factory.support.AbstractAutowireCapableBeanFactory.autowireConstructor(AbstractAutowireCapableBeanFactory.java:1372)
	at org.springframework.beans.factory.support.AbstractAutowireCapableBeanFactory.createBeanInstance(AbstractAutowireCapableBeanFactory.java:1222)
	at org.springframework.beans.factory.support.AbstractAutowireCapableBeanFactory.doCreateBean(AbstractAutowireCapableBeanFactory.java:582)
	at org.springframework.beans.factory.support.AbstractAutowireCapableBeanFactory.createBean(AbstractAutowireCapableBeanFactory.java:542)
	at org.springframework.beans.factory.support.AbstractBeanFactory.lambda$doGetBean$0(AbstractBeanFactory.java:335)
	at org.springframework.beans.factory.support.DefaultSingletonBeanRegistry.getSingleton(DefaultSingletonBeanRegistry.java:234)
	at org.springframework.beans.factory.support.AbstractBeanFactory.doGetBean(AbstractBeanFactory.java:333)
	at org.springframework.beans.factory.support.AbstractBeanFactory.getBean(AbstractBeanFactory.java:208)
	at org.springframework.beans.factory.config.DependencyDescriptor.resolveCandidate(DependencyDescriptor.java:276)
	at org.springframework.beans.factory.support.DefaultListableBeanFactory.doResolveDependency(DefaultListableBeanFactory.java:1391)
	at org.springframework.beans.factory.support.DefaultListableBeanFactory.resolveDependency(DefaultListableBeanFactory.java:1311)
	at org.springframework.beans.factory.support.ConstructorResolver.resolveAutowiredArgument(ConstructorResolver.java:887)
	at org.springframework.beans.factory.support.ConstructorResolver.createArgumentArray(ConstructorResolver.java:791)
	at org.springframework.beans.factory.support.ConstructorResolver.autowireConstructor(ConstructorResolver.java:229)
	at org.springframework.beans.factory.support.AbstractAutowireCapableBeanFactory.autowireConstructor(AbstractAutowireCapableBeanFactory.java:1372)
	at org.springframework.beans.factory.support.AbstractAutowireCapableBeanFactory.createBeanInstance(AbstractAutowireCapableBeanFactory.java:1222)
	at org.springframework.beans.factory.support.AbstractAutowireCapableBeanFactory.doCreateBean(AbstractAutowireCapableBeanFactory.java:582)
	at org.springframework.beans.factory.support.AbstractAutowireCapableBeanFactory.createBean(AbstractAutowireCapableBeanFactory.java:542)
	at org.springframework.beans.factory.support.AbstractBeanFactory.lambda$doGetBean$0(AbstractBeanFactory.java:335)
	at org.springframework.beans.factory.support.DefaultSingletonBeanRegistry.getSingleton(DefaultSingletonBeanRegistry.java:234)
	at org.springframework.beans.factory.support.AbstractBeanFactory.doGetBean(AbstractBeanFactory.java:333)
	at org.springframework.beans.factory.support.AbstractBeanFactory.getBean(AbstractBeanFactory.java:208)
	at org.springframework.beans.factory.config.DependencyDescriptor.resolveCandidate(DependencyDescriptor.java:276)
	at org.springframework.beans.factory.support.DefaultListableBeanFactory.doResolveDependency(DefaultListableBeanFactory.java:1391)
	at org.springframework.beans.factory.support.DefaultListableBeanFactory.resolveDependency(DefaultListableBeanFactory.java:1311)
	at org.springframework.beans.factory.support.ConstructorResolver.resolveAutowiredArgument(ConstructorResolver.java:887)
	at org.springframework.beans.factory.support.ConstructorResolver.createArgumentArray(ConstructorResolver.java:791)
	at org.springframework.beans.factory.support.ConstructorResolver.autowireConstructor(ConstructorResolver.java:229)
	at org.springframework.beans.factory.support.AbstractAutowireCapableBeanFactory.autowireConstructor(AbstractAutowireCapableBeanFactory.java:1372)
	at org.springframework.beans.factory.support.AbstractAutowireCapableBeanFactory.createBeanInstance(AbstractAutowireCapableBeanFactory.java:1222)
	at org.springframework.beans.factory.support.AbstractAutowireCapableBeanFactory.doCreateBean(AbstractAutowireCapableBeanFactory.java:582)
	at org.springframework.beans.factory.support.AbstractAutowireCapableBeanFactory.createBean(AbstractAutowireCapableBeanFactory.java:542)
	at org.springframework.beans.factory.support.AbstractBeanFactory.lambda$doGetBean$0(AbstractBeanFactory.java:335)
	at org.springframework.beans.factory.support.DefaultSingletonBeanRegistry.getSingleton(DefaultSingletonBeanRegistry.java:234)
	at org.springframework.beans.factory.support.AbstractBeanFactory.doGetBean(AbstractBeanFactory.java:333)
	at org.springframework.beans.factory.support.AbstractBeanFactory.getBean(AbstractBeanFactory.java:208)
	at org.springframework.beans.factory.support.DefaultListableBeanFactory.preInstantiateSingletons(DefaultListableBeanFactory.java:955)
	at org.springframework.context.support.AbstractApplicationContext.finishBeanFactoryInitialization(AbstractApplicationContext.java:918)
	at org.springframework.context.support.AbstractApplicationContext.refresh(AbstractApplicationContext.java:583)
	at org.springframework.boot.web.servlet.context.ServletWebServerApplicationContext.refresh(ServletWebServerApplicationContext.java:145)
	at org.springframework.boot.SpringApplication.refresh(SpringApplication.java:745)
	at org.springframework.boot.SpringApplication.refreshContext(SpringApplication.java:423)
	at org.springframework.boot.SpringApplication.run(SpringApplication.java:307)
	at org.springframework.boot.SpringApplication.run(SpringApplication.java:1317)
	at org.springframework.boot.SpringApplication.run(SpringApplication.java:1306)
	at com.alibaba.nacos.Nacos.main(Nacos.java:35)
	at java.base/jdk.internal.reflect.DirectMethodHandleAccessor.invoke(DirectMethodHandleAccessor.java:103)
	at java.base/java.lang.reflect.Method.invoke(Method.java:580)
	at org.springframework.boot.loader.MainMethodRunner.run(MainMethodRunner.java:49)
	at org.springframework.boot.loader.Launcher.launch(Launcher.java:108)
	at org.springframework.boot.loader.Launcher.launch(Launcher.java:58)
	at org.springframework.boot.loader.PropertiesLauncher.main(PropertiesLauncher.java:467)
2024-07-08 15:11:12,023 ERROR Fail to init logStorage

2024-07-08 15:11:12,023 ERROR Node <naming_persistent_service_v2/2.0.0.1:7848> initLogStorage failed.

2024-07-08 15:11:12,025 INFO ThreadPool is terminated: JRaft-RPC-Processor, com.alipay.sofa.jraft.util.MetricThreadPoolExecutor@6edf29c1[Shutting down, pool size = 0, active threads = 0, queued tasks = 0, completed tasks = 0].

2024-07-08 15:15:59,491 INFO SPI service [com.alipay.sofa.jraft.JRaftServiceFactory - com.alipay.sofa.jraft.core.DefaultJRaftServiceFactory] loading.

2024-07-08 15:15:59,558 INFO SPI service [com.alipay.sofa.jraft.rpc.RaftRpcFactory - com.alipay.sofa.jraft.rpc.impl.GrpcRaftRpcFactory] loading.

2024-07-08 15:15:59,640 INFO SPI service [com.alipay.sofa.jraft.util.timer.RaftTimerFactory - com.alipay.sofa.jraft.util.timer.DefaultRaftTimerFactory] loading.

2024-07-08 15:15:59,642 INFO The number of active nodes increment to 1.

2024-07-08 15:15:59,918 ERROR Fail to init RocksDBLogStorage, path=F:\WebAppDevlopment\RenYiBang\micro-server-demo\nacos\data\protocol\raft\naming_persistent_service_v2\log.

org.rocksdb.RocksDBException: CURRENT file corrupted
	at org.rocksdb.RocksDB.open(Native Method)
	at org.rocksdb.RocksDB.open(RocksDB.java:307)
	at com.alipay.sofa.jraft.storage.impl.RocksDBLogStorage.openDB(RocksDBLogStorage.java:312)
	at com.alipay.sofa.jraft.storage.impl.RocksDBLogStorage.initAndLoad(RocksDBLogStorage.java:230)
	at com.alipay.sofa.jraft.storage.impl.RocksDBLogStorage.init(RocksDBLogStorage.java:209)
	at com.alipay.sofa.jraft.storage.impl.RocksDBLogStorage.init(RocksDBLogStorage.java:72)
	at com.alipay.sofa.jraft.storage.impl.LogManagerImpl.init(LogManagerImpl.java:184)
	at com.alipay.sofa.jraft.storage.impl.LogManagerImpl.init(LogManagerImpl.java:76)
	at com.alipay.sofa.jraft.core.NodeImpl.initLogStorage(NodeImpl.java:591)
	at com.alipay.sofa.jraft.core.NodeImpl.init(NodeImpl.java:1005)
	at com.alipay.sofa.jraft.core.NodeImpl.init(NodeImpl.java:141)
	at com.alipay.sofa.jraft.RaftServiceFactory.createAndInitRaftNode(RaftServiceFactory.java:47)
	at com.alipay.sofa.jraft.RaftGroupService.start(RaftGroupService.java:129)
	at com.alibaba.nacos.core.distributed.raft.JRaftServer.createMultiRaftGroup(JRaftServer.java:260)
	at com.alibaba.nacos.core.distributed.raft.JRaftProtocol.addRequestProcessors(JRaftProtocol.java:163)
	at com.alibaba.nacos.naming.core.v2.service.impl.PersistentClientOperationServiceImpl.<init>(PersistentClientOperationServiceImpl.java:96)
	at java.base/jdk.internal.reflect.DirectConstructorHandleAccessor.newInstance(DirectConstructorHandleAccessor.java:62)
	at java.base/java.lang.reflect.Constructor.newInstanceWithCaller(Constructor.java:502)
	at java.base/java.lang.reflect.Constructor.newInstance(Constructor.java:486)
	at org.springframework.beans.BeanUtils.instantiateClass(BeanUtils.java:211)
	at org.springframework.beans.factory.support.SimpleInstantiationStrategy.instantiate(SimpleInstantiationStrategy.java:117)
	at org.springframework.beans.factory.support.ConstructorResolver.instantiate(ConstructorResolver.java:311)
	at org.springframework.beans.factory.support.ConstructorResolver.autowireConstructor(ConstructorResolver.java:296)
	at org.springframework.beans.factory.support.AbstractAutowireCapableBeanFactory.autowireConstructor(AbstractAutowireCapableBeanFactory.java:1372)
	at org.springframework.beans.factory.support.AbstractAutowireCapableBeanFactory.createBeanInstance(AbstractAutowireCapableBeanFactory.java:1222)
	at org.springframework.beans.factory.support.AbstractAutowireCapableBeanFactory.doCreateBean(AbstractAutowireCapableBeanFactory.java:582)
	at org.springframework.beans.factory.support.AbstractAutowireCapableBeanFactory.createBean(AbstractAutowireCapableBeanFactory.java:542)
	at org.springframework.beans.factory.support.AbstractBeanFactory.lambda$doGetBean$0(AbstractBeanFactory.java:335)
	at org.springframework.beans.factory.support.DefaultSingletonBeanRegistry.getSingleton(DefaultSingletonBeanRegistry.java:234)
	at org.springframework.beans.factory.support.AbstractBeanFactory.doGetBean(AbstractBeanFactory.java:333)
	at org.springframework.beans.factory.support.AbstractBeanFactory.getBean(AbstractBeanFactory.java:208)
	at org.springframework.beans.factory.config.DependencyDescriptor.resolveCandidate(DependencyDescriptor.java:276)
	at org.springframework.beans.factory.support.DefaultListableBeanFactory.doResolveDependency(DefaultListableBeanFactory.java:1391)
	at org.springframework.beans.factory.support.DefaultListableBeanFactory.resolveDependency(DefaultListableBeanFactory.java:1311)
	at org.springframework.beans.factory.support.ConstructorResolver.resolveAutowiredArgument(ConstructorResolver.java:887)
	at org.springframework.beans.factory.support.ConstructorResolver.createArgumentArray(ConstructorResolver.java:791)
	at org.springframework.beans.factory.support.ConstructorResolver.autowireConstructor(ConstructorResolver.java:229)
	at org.springframework.beans.factory.support.AbstractAutowireCapableBeanFactory.autowireConstructor(AbstractAutowireCapableBeanFactory.java:1372)
	at org.springframework.beans.factory.support.AbstractAutowireCapableBeanFactory.createBeanInstance(AbstractAutowireCapableBeanFactory.java:1222)
	at org.springframework.beans.factory.support.AbstractAutowireCapableBeanFactory.doCreateBean(AbstractAutowireCapableBeanFactory.java:582)
	at org.springframework.beans.factory.support.AbstractAutowireCapableBeanFactory.createBean(AbstractAutowireCapableBeanFactory.java:542)
	at org.springframework.beans.factory.support.AbstractBeanFactory.lambda$doGetBean$0(AbstractBeanFactory.java:335)
	at org.springframework.beans.factory.support.DefaultSingletonBeanRegistry.getSingleton(DefaultSingletonBeanRegistry.java:234)
	at org.springframework.beans.factory.support.AbstractBeanFactory.doGetBean(AbstractBeanFactory.java:333)
	at org.springframework.beans.factory.support.AbstractBeanFactory.getBean(AbstractBeanFactory.java:208)
	at org.springframework.beans.factory.config.DependencyDescriptor.resolveCandidate(DependencyDescriptor.java:276)
	at org.springframework.beans.factory.support.DefaultListableBeanFactory.doResolveDependency(DefaultListableBeanFactory.java:1391)
	at org.springframework.beans.factory.support.DefaultListableBeanFactory.resolveDependency(DefaultListableBeanFactory.java:1311)
	at org.springframework.beans.factory.support.ConstructorResolver.resolveAutowiredArgument(ConstructorResolver.java:887)
	at org.springframework.beans.factory.support.ConstructorResolver.createArgumentArray(ConstructorResolver.java:791)
	at org.springframework.beans.factory.support.ConstructorResolver.autowireConstructor(ConstructorResolver.java:229)
	at org.springframework.beans.factory.support.AbstractAutowireCapableBeanFactory.autowireConstructor(AbstractAutowireCapableBeanFactory.java:1372)
	at org.springframework.beans.factory.support.AbstractAutowireCapableBeanFactory.createBeanInstance(AbstractAutowireCapableBeanFactory.java:1222)
	at org.springframework.beans.factory.support.AbstractAutowireCapableBeanFactory.doCreateBean(AbstractAutowireCapableBeanFactory.java:582)
	at org.springframework.beans.factory.support.AbstractAutowireCapableBeanFactory.createBean(AbstractAutowireCapableBeanFactory.java:542)
	at org.springframework.beans.factory.support.AbstractBeanFactory.lambda$doGetBean$0(AbstractBeanFactory.java:335)
	at org.springframework.beans.factory.support.DefaultSingletonBeanRegistry.getSingleton(DefaultSingletonBeanRegistry.java:234)
	at org.springframework.beans.factory.support.AbstractBeanFactory.doGetBean(AbstractBeanFactory.java:333)
	at org.springframework.beans.factory.support.AbstractBeanFactory.getBean(AbstractBeanFactory.java:208)
	at org.springframework.beans.factory.support.DefaultListableBeanFactory.preInstantiateSingletons(DefaultListableBeanFactory.java:955)
	at org.springframework.context.support.AbstractApplicationContext.finishBeanFactoryInitialization(AbstractApplicationContext.java:918)
	at org.springframework.context.support.AbstractApplicationContext.refresh(AbstractApplicationContext.java:583)
	at org.springframework.boot.web.servlet.context.ServletWebServerApplicationContext.refresh(ServletWebServerApplicationContext.java:145)
	at org.springframework.boot.SpringApplication.refresh(SpringApplication.java:745)
	at org.springframework.boot.SpringApplication.refreshContext(SpringApplication.java:423)
	at org.springframework.boot.SpringApplication.run(SpringApplication.java:307)
	at org.springframework.boot.SpringApplication.run(SpringApplication.java:1317)
	at org.springframework.boot.SpringApplication.run(SpringApplication.java:1306)
	at com.alibaba.nacos.Nacos.main(Nacos.java:35)
	at java.base/jdk.internal.reflect.DirectMethodHandleAccessor.invoke(DirectMethodHandleAccessor.java:103)
	at java.base/java.lang.reflect.Method.invoke(Method.java:580)
	at org.springframework.boot.loader.MainMethodRunner.run(MainMethodRunner.java:49)
	at org.springframework.boot.loader.Launcher.launch(Launcher.java:108)
	at org.springframework.boot.loader.Launcher.launch(Launcher.java:58)
	at org.springframework.boot.loader.PropertiesLauncher.main(PropertiesLauncher.java:467)
2024-07-08 15:15:59,918 ERROR Fail to init logStorage

2024-07-08 15:15:59,918 ERROR Node <naming_persistent_service_v2/2.0.0.1:7848> initLogStorage failed.

2024-07-08 15:15:59,919 INFO ThreadPool is terminated: JRaft-RPC-Processor, com.alipay.sofa.jraft.util.MetricThreadPoolExecutor@34780cd9[Shutting down, pool size = 0, active threads = 0, queued tasks = 0, completed tasks = 0].

2024-07-08 15:22:13,690 INFO SPI service [com.alipay.sofa.jraft.JRaftServiceFactory - com.alipay.sofa.jraft.core.DefaultJRaftServiceFactory] loading.

2024-07-08 15:22:13,764 INFO SPI service [com.alipay.sofa.jraft.rpc.RaftRpcFactory - com.alipay.sofa.jraft.rpc.impl.GrpcRaftRpcFactory] loading.

2024-07-08 15:22:13,856 INFO SPI service [com.alipay.sofa.jraft.util.timer.RaftTimerFactory - com.alipay.sofa.jraft.util.timer.DefaultRaftTimerFactory] loading.

2024-07-08 15:22:13,859 INFO The number of active nodes increment to 1.

2024-07-08 15:22:14,123 ERROR Fail to init RocksDBLogStorage, path=F:\WebAppDevlopment\RenYiBang\micro-server-demo\nacos\data\protocol\raft\naming_persistent_service_v2\log.

org.rocksdb.RocksDBException: CURRENT file corrupted
	at org.rocksdb.RocksDB.open(Native Method)
	at org.rocksdb.RocksDB.open(RocksDB.java:307)
	at com.alipay.sofa.jraft.storage.impl.RocksDBLogStorage.openDB(RocksDBLogStorage.java:312)
	at com.alipay.sofa.jraft.storage.impl.RocksDBLogStorage.initAndLoad(RocksDBLogStorage.java:230)
	at com.alipay.sofa.jraft.storage.impl.RocksDBLogStorage.init(RocksDBLogStorage.java:209)
	at com.alipay.sofa.jraft.storage.impl.RocksDBLogStorage.init(RocksDBLogStorage.java:72)
	at com.alipay.sofa.jraft.storage.impl.LogManagerImpl.init(LogManagerImpl.java:184)
	at com.alipay.sofa.jraft.storage.impl.LogManagerImpl.init(LogManagerImpl.java:76)
	at com.alipay.sofa.jraft.core.NodeImpl.initLogStorage(NodeImpl.java:591)
	at com.alipay.sofa.jraft.core.NodeImpl.init(NodeImpl.java:1005)
	at com.alipay.sofa.jraft.core.NodeImpl.init(NodeImpl.java:141)
	at com.alipay.sofa.jraft.RaftServiceFactory.createAndInitRaftNode(RaftServiceFactory.java:47)
	at com.alipay.sofa.jraft.RaftGroupService.start(RaftGroupService.java:129)
	at com.alibaba.nacos.core.distributed.raft.JRaftServer.createMultiRaftGroup(JRaftServer.java:260)
	at com.alibaba.nacos.core.distributed.raft.JRaftProtocol.addRequestProcessors(JRaftProtocol.java:163)
	at com.alibaba.nacos.naming.core.v2.service.impl.PersistentClientOperationServiceImpl.<init>(PersistentClientOperationServiceImpl.java:96)
	at java.base/jdk.internal.reflect.DirectConstructorHandleAccessor.newInstance(DirectConstructorHandleAccessor.java:62)
	at java.base/java.lang.reflect.Constructor.newInstanceWithCaller(Constructor.java:502)
	at java.base/java.lang.reflect.Constructor.newInstance(Constructor.java:486)
	at org.springframework.beans.BeanUtils.instantiateClass(BeanUtils.java:211)
	at org.springframework.beans.factory.support.SimpleInstantiationStrategy.instantiate(SimpleInstantiationStrategy.java:117)
	at org.springframework.beans.factory.support.ConstructorResolver.instantiate(ConstructorResolver.java:311)
	at org.springframework.beans.factory.support.ConstructorResolver.autowireConstructor(ConstructorResolver.java:296)
	at org.springframework.beans.factory.support.AbstractAutowireCapableBeanFactory.autowireConstructor(AbstractAutowireCapableBeanFactory.java:1372)
	at org.springframework.beans.factory.support.AbstractAutowireCapableBeanFactory.createBeanInstance(AbstractAutowireCapableBeanFactory.java:1222)
	at org.springframework.beans.factory.support.AbstractAutowireCapableBeanFactory.doCreateBean(AbstractAutowireCapableBeanFactory.java:582)
	at org.springframework.beans.factory.support.AbstractAutowireCapableBeanFactory.createBean(AbstractAutowireCapableBeanFactory.java:542)
	at org.springframework.beans.factory.support.AbstractBeanFactory.lambda$doGetBean$0(AbstractBeanFactory.java:335)
	at org.springframework.beans.factory.support.DefaultSingletonBeanRegistry.getSingleton(DefaultSingletonBeanRegistry.java:234)
	at org.springframework.beans.factory.support.AbstractBeanFactory.doGetBean(AbstractBeanFactory.java:333)
	at org.springframework.beans.factory.support.AbstractBeanFactory.getBean(AbstractBeanFactory.java:208)
	at org.springframework.beans.factory.config.DependencyDescriptor.resolveCandidate(DependencyDescriptor.java:276)
	at org.springframework.beans.factory.support.DefaultListableBeanFactory.doResolveDependency(DefaultListableBeanFactory.java:1391)
	at org.springframework.beans.factory.support.DefaultListableBeanFactory.resolveDependency(DefaultListableBeanFactory.java:1311)
	at org.springframework.beans.factory.support.ConstructorResolver.resolveAutowiredArgument(ConstructorResolver.java:887)
	at org.springframework.beans.factory.support.ConstructorResolver.createArgumentArray(ConstructorResolver.java:791)
	at org.springframework.beans.factory.support.ConstructorResolver.autowireConstructor(ConstructorResolver.java:229)
	at org.springframework.beans.factory.support.AbstractAutowireCapableBeanFactory.autowireConstructor(AbstractAutowireCapableBeanFactory.java:1372)
	at org.springframework.beans.factory.support.AbstractAutowireCapableBeanFactory.createBeanInstance(AbstractAutowireCapableBeanFactory.java:1222)
	at org.springframework.beans.factory.support.AbstractAutowireCapableBeanFactory.doCreateBean(AbstractAutowireCapableBeanFactory.java:582)
	at org.springframework.beans.factory.support.AbstractAutowireCapableBeanFactory.createBean(AbstractAutowireCapableBeanFactory.java:542)
	at org.springframework.beans.factory.support.AbstractBeanFactory.lambda$doGetBean$0(AbstractBeanFactory.java:335)
	at org.springframework.beans.factory.support.DefaultSingletonBeanRegistry.getSingleton(DefaultSingletonBeanRegistry.java:234)
	at org.springframework.beans.factory.support.AbstractBeanFactory.doGetBean(AbstractBeanFactory.java:333)
	at org.springframework.beans.factory.support.AbstractBeanFactory.getBean(AbstractBeanFactory.java:208)
	at org.springframework.beans.factory.config.DependencyDescriptor.resolveCandidate(DependencyDescriptor.java:276)
	at org.springframework.beans.factory.support.DefaultListableBeanFactory.doResolveDependency(DefaultListableBeanFactory.java:1391)
	at org.springframework.beans.factory.support.DefaultListableBeanFactory.resolveDependency(DefaultListableBeanFactory.java:1311)
	at org.springframework.beans.factory.support.ConstructorResolver.resolveAutowiredArgument(ConstructorResolver.java:887)
	at org.springframework.beans.factory.support.ConstructorResolver.createArgumentArray(ConstructorResolver.java:791)
	at org.springframework.beans.factory.support.ConstructorResolver.autowireConstructor(ConstructorResolver.java:229)
	at org.springframework.beans.factory.support.AbstractAutowireCapableBeanFactory.autowireConstructor(AbstractAutowireCapableBeanFactory.java:1372)
	at org.springframework.beans.factory.support.AbstractAutowireCapableBeanFactory.createBeanInstance(AbstractAutowireCapableBeanFactory.java:1222)
	at org.springframework.beans.factory.support.AbstractAutowireCapableBeanFactory.doCreateBean(AbstractAutowireCapableBeanFactory.java:582)
	at org.springframework.beans.factory.support.AbstractAutowireCapableBeanFactory.createBean(AbstractAutowireCapableBeanFactory.java:542)
	at org.springframework.beans.factory.support.AbstractBeanFactory.lambda$doGetBean$0(AbstractBeanFactory.java:335)
	at org.springframework.beans.factory.support.DefaultSingletonBeanRegistry.getSingleton(DefaultSingletonBeanRegistry.java:234)
	at org.springframework.beans.factory.support.AbstractBeanFactory.doGetBean(AbstractBeanFactory.java:333)
	at org.springframework.beans.factory.support.AbstractBeanFactory.getBean(AbstractBeanFactory.java:208)
	at org.springframework.beans.factory.support.DefaultListableBeanFactory.preInstantiateSingletons(DefaultListableBeanFactory.java:955)
	at org.springframework.context.support.AbstractApplicationContext.finishBeanFactoryInitialization(AbstractApplicationContext.java:918)
	at org.springframework.context.support.AbstractApplicationContext.refresh(AbstractApplicationContext.java:583)
	at org.springframework.boot.web.servlet.context.ServletWebServerApplicationContext.refresh(ServletWebServerApplicationContext.java:145)
	at org.springframework.boot.SpringApplication.refresh(SpringApplication.java:745)
	at org.springframework.boot.SpringApplication.refreshContext(SpringApplication.java:423)
	at org.springframework.boot.SpringApplication.run(SpringApplication.java:307)
	at org.springframework.boot.SpringApplication.run(SpringApplication.java:1317)
	at org.springframework.boot.SpringApplication.run(SpringApplication.java:1306)
	at com.alibaba.nacos.Nacos.main(Nacos.java:35)
	at java.base/jdk.internal.reflect.DirectMethodHandleAccessor.invoke(DirectMethodHandleAccessor.java:103)
	at java.base/java.lang.reflect.Method.invoke(Method.java:580)
	at org.springframework.boot.loader.MainMethodRunner.run(MainMethodRunner.java:49)
	at org.springframework.boot.loader.Launcher.launch(Launcher.java:108)
	at org.springframework.boot.loader.Launcher.launch(Launcher.java:58)
	at org.springframework.boot.loader.PropertiesLauncher.main(PropertiesLauncher.java:467)
2024-07-08 15:22:14,123 ERROR Fail to init logStorage

2024-07-08 15:22:14,123 ERROR Node <naming_persistent_service_v2/2.0.0.1:7848> initLogStorage failed.

2024-07-08 15:22:14,124 INFO ThreadPool is terminated: JRaft-RPC-Processor, com.alipay.sofa.jraft.util.MetricThreadPoolExecutor@6edf29c1[Shutting down, pool size = 0, active threads = 0, queued tasks = 0, completed tasks = 0].

2024-07-08 15:26:54,686 INFO SPI service [com.alipay.sofa.jraft.JRaftServiceFactory - com.alipay.sofa.jraft.core.DefaultJRaftServiceFactory] loading.

2024-07-08 15:26:54,748 INFO SPI service [com.alipay.sofa.jraft.rpc.RaftRpcFactory - com.alipay.sofa.jraft.rpc.impl.GrpcRaftRpcFactory] loading.

2024-07-08 15:26:54,831 INFO SPI service [com.alipay.sofa.jraft.util.timer.RaftTimerFactory - com.alipay.sofa.jraft.util.timer.DefaultRaftTimerFactory] loading.

2024-07-08 15:26:54,834 INFO The number of active nodes increment to 1.

2024-07-08 15:26:55,106 ERROR Fail to init RocksDBLogStorage, path=F:\WebAppDevlopment\RenYiBang\micro-server-demo\nacos\data\protocol\raft\naming_persistent_service_v2\log.

org.rocksdb.RocksDBException: CURRENT file corrupted
	at org.rocksdb.RocksDB.open(Native Method)
	at org.rocksdb.RocksDB.open(RocksDB.java:307)
	at com.alipay.sofa.jraft.storage.impl.RocksDBLogStorage.openDB(RocksDBLogStorage.java:312)
	at com.alipay.sofa.jraft.storage.impl.RocksDBLogStorage.initAndLoad(RocksDBLogStorage.java:230)
	at com.alipay.sofa.jraft.storage.impl.RocksDBLogStorage.init(RocksDBLogStorage.java:209)
	at com.alipay.sofa.jraft.storage.impl.RocksDBLogStorage.init(RocksDBLogStorage.java:72)
	at com.alipay.sofa.jraft.storage.impl.LogManagerImpl.init(LogManagerImpl.java:184)
	at com.alipay.sofa.jraft.storage.impl.LogManagerImpl.init(LogManagerImpl.java:76)
	at com.alipay.sofa.jraft.core.NodeImpl.initLogStorage(NodeImpl.java:591)
	at com.alipay.sofa.jraft.core.NodeImpl.init(NodeImpl.java:1005)
	at com.alipay.sofa.jraft.core.NodeImpl.init(NodeImpl.java:141)
	at com.alipay.sofa.jraft.RaftServiceFactory.createAndInitRaftNode(RaftServiceFactory.java:47)
	at com.alipay.sofa.jraft.RaftGroupService.start(RaftGroupService.java:129)
	at com.alibaba.nacos.core.distributed.raft.JRaftServer.createMultiRaftGroup(JRaftServer.java:260)
	at com.alibaba.nacos.core.distributed.raft.JRaftProtocol.addRequestProcessors(JRaftProtocol.java:163)
	at com.alibaba.nacos.naming.core.v2.service.impl.PersistentClientOperationServiceImpl.<init>(PersistentClientOperationServiceImpl.java:96)
	at java.base/jdk.internal.reflect.DirectConstructorHandleAccessor.newInstance(DirectConstructorHandleAccessor.java:62)
	at java.base/java.lang.reflect.Constructor.newInstanceWithCaller(Constructor.java:502)
	at java.base/java.lang.reflect.Constructor.newInstance(Constructor.java:486)
	at org.springframework.beans.BeanUtils.instantiateClass(BeanUtils.java:211)
	at org.springframework.beans.factory.support.SimpleInstantiationStrategy.instantiate(SimpleInstantiationStrategy.java:117)
	at org.springframework.beans.factory.support.ConstructorResolver.instantiate(ConstructorResolver.java:311)
	at org.springframework.beans.factory.support.ConstructorResolver.autowireConstructor(ConstructorResolver.java:296)
	at org.springframework.beans.factory.support.AbstractAutowireCapableBeanFactory.autowireConstructor(AbstractAutowireCapableBeanFactory.java:1372)
	at org.springframework.beans.factory.support.AbstractAutowireCapableBeanFactory.createBeanInstance(AbstractAutowireCapableBeanFactory.java:1222)
	at org.springframework.beans.factory.support.AbstractAutowireCapableBeanFactory.doCreateBean(AbstractAutowireCapableBeanFactory.java:582)
	at org.springframework.beans.factory.support.AbstractAutowireCapableBeanFactory.createBean(AbstractAutowireCapableBeanFactory.java:542)
	at org.springframework.beans.factory.support.AbstractBeanFactory.lambda$doGetBean$0(AbstractBeanFactory.java:335)
	at org.springframework.beans.factory.support.DefaultSingletonBeanRegistry.getSingleton(DefaultSingletonBeanRegistry.java:234)
	at org.springframework.beans.factory.support.AbstractBeanFactory.doGetBean(AbstractBeanFactory.java:333)
	at org.springframework.beans.factory.support.AbstractBeanFactory.getBean(AbstractBeanFactory.java:208)
	at org.springframework.beans.factory.config.DependencyDescriptor.resolveCandidate(DependencyDescriptor.java:276)
	at org.springframework.beans.factory.support.DefaultListableBeanFactory.doResolveDependency(DefaultListableBeanFactory.java:1391)
	at org.springframework.beans.factory.support.DefaultListableBeanFactory.resolveDependency(DefaultListableBeanFactory.java:1311)
	at org.springframework.beans.factory.support.ConstructorResolver.resolveAutowiredArgument(ConstructorResolver.java:887)
	at org.springframework.beans.factory.support.ConstructorResolver.createArgumentArray(ConstructorResolver.java:791)
	at org.springframework.beans.factory.support.ConstructorResolver.autowireConstructor(ConstructorResolver.java:229)
	at org.springframework.beans.factory.support.AbstractAutowireCapableBeanFactory.autowireConstructor(AbstractAutowireCapableBeanFactory.java:1372)
	at org.springframework.beans.factory.support.AbstractAutowireCapableBeanFactory.createBeanInstance(AbstractAutowireCapableBeanFactory.java:1222)
	at org.springframework.beans.factory.support.AbstractAutowireCapableBeanFactory.doCreateBean(AbstractAutowireCapableBeanFactory.java:582)
	at org.springframework.beans.factory.support.AbstractAutowireCapableBeanFactory.createBean(AbstractAutowireCapableBeanFactory.java:542)
	at org.springframework.beans.factory.support.AbstractBeanFactory.lambda$doGetBean$0(AbstractBeanFactory.java:335)
	at org.springframework.beans.factory.support.DefaultSingletonBeanRegistry.getSingleton(DefaultSingletonBeanRegistry.java:234)
	at org.springframework.beans.factory.support.AbstractBeanFactory.doGetBean(AbstractBeanFactory.java:333)
	at org.springframework.beans.factory.support.AbstractBeanFactory.getBean(AbstractBeanFactory.java:208)
	at org.springframework.beans.factory.config.DependencyDescriptor.resolveCandidate(DependencyDescriptor.java:276)
	at org.springframework.beans.factory.support.DefaultListableBeanFactory.doResolveDependency(DefaultListableBeanFactory.java:1391)
	at org.springframework.beans.factory.support.DefaultListableBeanFactory.resolveDependency(DefaultListableBeanFactory.java:1311)
	at org.springframework.beans.factory.support.ConstructorResolver.resolveAutowiredArgument(ConstructorResolver.java:887)
	at org.springframework.beans.factory.support.ConstructorResolver.createArgumentArray(ConstructorResolver.java:791)
	at org.springframework.beans.factory.support.ConstructorResolver.autowireConstructor(ConstructorResolver.java:229)
	at org.springframework.beans.factory.support.AbstractAutowireCapableBeanFactory.autowireConstructor(AbstractAutowireCapableBeanFactory.java:1372)
	at org.springframework.beans.factory.support.AbstractAutowireCapableBeanFactory.createBeanInstance(AbstractAutowireCapableBeanFactory.java:1222)
	at org.springframework.beans.factory.support.AbstractAutowireCapableBeanFactory.doCreateBean(AbstractAutowireCapableBeanFactory.java:582)
	at org.springframework.beans.factory.support.AbstractAutowireCapableBeanFactory.createBean(AbstractAutowireCapableBeanFactory.java:542)
	at org.springframework.beans.factory.support.AbstractBeanFactory.lambda$doGetBean$0(AbstractBeanFactory.java:335)
	at org.springframework.beans.factory.support.DefaultSingletonBeanRegistry.getSingleton(DefaultSingletonBeanRegistry.java:234)
	at org.springframework.beans.factory.support.AbstractBeanFactory.doGetBean(AbstractBeanFactory.java:333)
	at org.springframework.beans.factory.support.AbstractBeanFactory.getBean(AbstractBeanFactory.java:208)
	at org.springframework.beans.factory.support.DefaultListableBeanFactory.preInstantiateSingletons(DefaultListableBeanFactory.java:955)
	at org.springframework.context.support.AbstractApplicationContext.finishBeanFactoryInitialization(AbstractApplicationContext.java:918)
	at org.springframework.context.support.AbstractApplicationContext.refresh(AbstractApplicationContext.java:583)
	at org.springframework.boot.web.servlet.context.ServletWebServerApplicationContext.refresh(ServletWebServerApplicationContext.java:145)
	at org.springframework.boot.SpringApplication.refresh(SpringApplication.java:745)
	at org.springframework.boot.SpringApplication.refreshContext(SpringApplication.java:423)
	at org.springframework.boot.SpringApplication.run(SpringApplication.java:307)
	at org.springframework.boot.SpringApplication.run(SpringApplication.java:1317)
	at org.springframework.boot.SpringApplication.run(SpringApplication.java:1306)
	at com.alibaba.nacos.Nacos.main(Nacos.java:35)
	at java.base/jdk.internal.reflect.DirectMethodHandleAccessor.invoke(DirectMethodHandleAccessor.java:103)
	at java.base/java.lang.reflect.Method.invoke(Method.java:580)
	at org.springframework.boot.loader.MainMethodRunner.run(MainMethodRunner.java:49)
	at org.springframework.boot.loader.Launcher.launch(Launcher.java:108)
	at org.springframework.boot.loader.Launcher.launch(Launcher.java:58)
	at org.springframework.boot.loader.PropertiesLauncher.main(PropertiesLauncher.java:467)
2024-07-08 15:26:55,106 ERROR Fail to init logStorage

2024-07-08 15:26:55,106 ERROR Node <naming_persistent_service_v2/2.0.0.1:7848> initLogStorage failed.

2024-07-08 15:26:55,107 INFO ThreadPool is terminated: JRaft-RPC-Processor, com.alipay.sofa.jraft.util.MetricThreadPoolExecutor@34780cd9[Shutting down, pool size = 0, active threads = 0, queued tasks = 0, completed tasks = 0].

2024-07-08 15:34:11,534 INFO SPI service [com.alipay.sofa.jraft.JRaftServiceFactory - com.alipay.sofa.jraft.core.DefaultJRaftServiceFactory] loading.

2024-07-08 15:34:11,605 INFO SPI service [com.alipay.sofa.jraft.rpc.RaftRpcFactory - com.alipay.sofa.jraft.rpc.impl.GrpcRaftRpcFactory] loading.

2024-07-08 15:34:11,688 INFO SPI service [com.alipay.sofa.jraft.util.timer.RaftTimerFactory - com.alipay.sofa.jraft.util.timer.DefaultRaftTimerFactory] loading.

2024-07-08 15:34:11,689 INFO The number of active nodes increment to 1.

2024-07-08 15:34:11,977 ERROR Fail to init RocksDBLogStorage, path=F:\WebAppDevlopment\RenYiBang\micro-server-demo\nacos\data\protocol\raft\naming_persistent_service_v2\log.

org.rocksdb.RocksDBException: CURRENT file corrupted
	at org.rocksdb.RocksDB.open(Native Method)
	at org.rocksdb.RocksDB.open(RocksDB.java:307)
	at com.alipay.sofa.jraft.storage.impl.RocksDBLogStorage.openDB(RocksDBLogStorage.java:312)
	at com.alipay.sofa.jraft.storage.impl.RocksDBLogStorage.initAndLoad(RocksDBLogStorage.java:230)
	at com.alipay.sofa.jraft.storage.impl.RocksDBLogStorage.init(RocksDBLogStorage.java:209)
	at com.alipay.sofa.jraft.storage.impl.RocksDBLogStorage.init(RocksDBLogStorage.java:72)
	at com.alipay.sofa.jraft.storage.impl.LogManagerImpl.init(LogManagerImpl.java:184)
	at com.alipay.sofa.jraft.storage.impl.LogManagerImpl.init(LogManagerImpl.java:76)
	at com.alipay.sofa.jraft.core.NodeImpl.initLogStorage(NodeImpl.java:591)
	at com.alipay.sofa.jraft.core.NodeImpl.init(NodeImpl.java:1005)
	at com.alipay.sofa.jraft.core.NodeImpl.init(NodeImpl.java:141)
	at com.alipay.sofa.jraft.RaftServiceFactory.createAndInitRaftNode(RaftServiceFactory.java:47)
	at com.alipay.sofa.jraft.RaftGroupService.start(RaftGroupService.java:129)
	at com.alibaba.nacos.core.distributed.raft.JRaftServer.createMultiRaftGroup(JRaftServer.java:260)
	at com.alibaba.nacos.core.distributed.raft.JRaftProtocol.addRequestProcessors(JRaftProtocol.java:163)
	at com.alibaba.nacos.naming.core.v2.service.impl.PersistentClientOperationServiceImpl.<init>(PersistentClientOperationServiceImpl.java:96)
	at java.base/jdk.internal.reflect.DirectConstructorHandleAccessor.newInstance(DirectConstructorHandleAccessor.java:62)
	at java.base/java.lang.reflect.Constructor.newInstanceWithCaller(Constructor.java:502)
	at java.base/java.lang.reflect.Constructor.newInstance(Constructor.java:486)
	at org.springframework.beans.BeanUtils.instantiateClass(BeanUtils.java:211)
	at org.springframework.beans.factory.support.SimpleInstantiationStrategy.instantiate(SimpleInstantiationStrategy.java:117)
	at org.springframework.beans.factory.support.ConstructorResolver.instantiate(ConstructorResolver.java:311)
	at org.springframework.beans.factory.support.ConstructorResolver.autowireConstructor(ConstructorResolver.java:296)
	at org.springframework.beans.factory.support.AbstractAutowireCapableBeanFactory.autowireConstructor(AbstractAutowireCapableBeanFactory.java:1372)
	at org.springframework.beans.factory.support.AbstractAutowireCapableBeanFactory.createBeanInstance(AbstractAutowireCapableBeanFactory.java:1222)
	at org.springframework.beans.factory.support.AbstractAutowireCapableBeanFactory.doCreateBean(AbstractAutowireCapableBeanFactory.java:582)
	at org.springframework.beans.factory.support.AbstractAutowireCapableBeanFactory.createBean(AbstractAutowireCapableBeanFactory.java:542)
	at org.springframework.beans.factory.support.AbstractBeanFactory.lambda$doGetBean$0(AbstractBeanFactory.java:335)
	at org.springframework.beans.factory.support.DefaultSingletonBeanRegistry.getSingleton(DefaultSingletonBeanRegistry.java:234)
	at org.springframework.beans.factory.support.AbstractBeanFactory.doGetBean(AbstractBeanFactory.java:333)
	at org.springframework.beans.factory.support.AbstractBeanFactory.getBean(AbstractBeanFactory.java:208)
	at org.springframework.beans.factory.config.DependencyDescriptor.resolveCandidate(DependencyDescriptor.java:276)
	at org.springframework.beans.factory.support.DefaultListableBeanFactory.doResolveDependency(DefaultListableBeanFactory.java:1391)
	at org.springframework.beans.factory.support.DefaultListableBeanFactory.resolveDependency(DefaultListableBeanFactory.java:1311)
	at org.springframework.beans.factory.support.ConstructorResolver.resolveAutowiredArgument(ConstructorResolver.java:887)
	at org.springframework.beans.factory.support.ConstructorResolver.createArgumentArray(ConstructorResolver.java:791)
	at org.springframework.beans.factory.support.ConstructorResolver.autowireConstructor(ConstructorResolver.java:229)
	at org.springframework.beans.factory.support.AbstractAutowireCapableBeanFactory.autowireConstructor(AbstractAutowireCapableBeanFactory.java:1372)
	at org.springframework.beans.factory.support.AbstractAutowireCapableBeanFactory.createBeanInstance(AbstractAutowireCapableBeanFactory.java:1222)
	at org.springframework.beans.factory.support.AbstractAutowireCapableBeanFactory.doCreateBean(AbstractAutowireCapableBeanFactory.java:582)
	at org.springframework.beans.factory.support.AbstractAutowireCapableBeanFactory.createBean(AbstractAutowireCapableBeanFactory.java:542)
	at org.springframework.beans.factory.support.AbstractBeanFactory.lambda$doGetBean$0(AbstractBeanFactory.java:335)
	at org.springframework.beans.factory.support.DefaultSingletonBeanRegistry.getSingleton(DefaultSingletonBeanRegistry.java:234)
	at org.springframework.beans.factory.support.AbstractBeanFactory.doGetBean(AbstractBeanFactory.java:333)
	at org.springframework.beans.factory.support.AbstractBeanFactory.getBean(AbstractBeanFactory.java:208)
	at org.springframework.beans.factory.config.DependencyDescriptor.resolveCandidate(DependencyDescriptor.java:276)
	at org.springframework.beans.factory.support.DefaultListableBeanFactory.doResolveDependency(DefaultListableBeanFactory.java:1391)
	at org.springframework.beans.factory.support.DefaultListableBeanFactory.resolveDependency(DefaultListableBeanFactory.java:1311)
	at org.springframework.beans.factory.support.ConstructorResolver.resolveAutowiredArgument(ConstructorResolver.java:887)
	at org.springframework.beans.factory.support.ConstructorResolver.createArgumentArray(ConstructorResolver.java:791)
	at org.springframework.beans.factory.support.ConstructorResolver.autowireConstructor(ConstructorResolver.java:229)
	at org.springframework.beans.factory.support.AbstractAutowireCapableBeanFactory.autowireConstructor(AbstractAutowireCapableBeanFactory.java:1372)
	at org.springframework.beans.factory.support.AbstractAutowireCapableBeanFactory.createBeanInstance(AbstractAutowireCapableBeanFactory.java:1222)
	at org.springframework.beans.factory.support.AbstractAutowireCapableBeanFactory.doCreateBean(AbstractAutowireCapableBeanFactory.java:582)
	at org.springframework.beans.factory.support.AbstractAutowireCapableBeanFactory.createBean(AbstractAutowireCapableBeanFactory.java:542)
	at org.springframework.beans.factory.support.AbstractBeanFactory.lambda$doGetBean$0(AbstractBeanFactory.java:335)
	at org.springframework.beans.factory.support.DefaultSingletonBeanRegistry.getSingleton(DefaultSingletonBeanRegistry.java:234)
	at org.springframework.beans.factory.support.AbstractBeanFactory.doGetBean(AbstractBeanFactory.java:333)
	at org.springframework.beans.factory.support.AbstractBeanFactory.getBean(AbstractBeanFactory.java:208)
	at org.springframework.beans.factory.support.DefaultListableBeanFactory.preInstantiateSingletons(DefaultListableBeanFactory.java:955)
	at org.springframework.context.support.AbstractApplicationContext.finishBeanFactoryInitialization(AbstractApplicationContext.java:918)
	at org.springframework.context.support.AbstractApplicationContext.refresh(AbstractApplicationContext.java:583)
	at org.springframework.boot.web.servlet.context.ServletWebServerApplicationContext.refresh(ServletWebServerApplicationContext.java:145)
	at org.springframework.boot.SpringApplication.refresh(SpringApplication.java:745)
	at org.springframework.boot.SpringApplication.refreshContext(SpringApplication.java:423)
	at org.springframework.boot.SpringApplication.run(SpringApplication.java:307)
	at org.springframework.boot.SpringApplication.run(SpringApplication.java:1317)
	at org.springframework.boot.SpringApplication.run(SpringApplication.java:1306)
	at com.alibaba.nacos.Nacos.main(Nacos.java:35)
	at java.base/jdk.internal.reflect.DirectMethodHandleAccessor.invoke(DirectMethodHandleAccessor.java:103)
	at java.base/java.lang.reflect.Method.invoke(Method.java:580)
	at org.springframework.boot.loader.MainMethodRunner.run(MainMethodRunner.java:49)
	at org.springframework.boot.loader.Launcher.launch(Launcher.java:108)
	at org.springframework.boot.loader.Launcher.launch(Launcher.java:58)
	at org.springframework.boot.loader.PropertiesLauncher.main(PropertiesLauncher.java:467)
2024-07-08 15:34:11,977 ERROR Fail to init logStorage

2024-07-08 15:34:11,977 ERROR Node <naming_persistent_service_v2/2.0.0.1:7848> initLogStorage failed.

2024-07-08 15:34:11,979 INFO ThreadPool is terminated: JRaft-RPC-Processor, com.alipay.sofa.jraft.util.MetricThreadPoolExecutor@6edf29c1[Shutting down, pool size = 0, active threads = 0, queued tasks = 0, completed tasks = 0].

2024-07-08 15:43:00,322 INFO SPI service [com.alipay.sofa.jraft.JRaftServiceFactory - com.alipay.sofa.jraft.core.DefaultJRaftServiceFactory] loading.

2024-07-08 15:43:00,402 INFO SPI service [com.alipay.sofa.jraft.rpc.RaftRpcFactory - com.alipay.sofa.jraft.rpc.impl.GrpcRaftRpcFactory] loading.

2024-07-08 15:43:00,487 INFO SPI service [com.alipay.sofa.jraft.util.timer.RaftTimerFactory - com.alipay.sofa.jraft.util.timer.DefaultRaftTimerFactory] loading.

2024-07-08 15:43:00,490 INFO The number of active nodes increment to 1.

2024-07-08 15:43:00,763 ERROR Fail to init RocksDBLogStorage, path=F:\WebAppDevlopment\RenYiBang\micro-server-demo\nacos\data\protocol\raft\naming_persistent_service_v2\log.

org.rocksdb.RocksDBException: CURRENT file corrupted
	at org.rocksdb.RocksDB.open(Native Method)
	at org.rocksdb.RocksDB.open(RocksDB.java:307)
	at com.alipay.sofa.jraft.storage.impl.RocksDBLogStorage.openDB(RocksDBLogStorage.java:312)
	at com.alipay.sofa.jraft.storage.impl.RocksDBLogStorage.initAndLoad(RocksDBLogStorage.java:230)
	at com.alipay.sofa.jraft.storage.impl.RocksDBLogStorage.init(RocksDBLogStorage.java:209)
	at com.alipay.sofa.jraft.storage.impl.RocksDBLogStorage.init(RocksDBLogStorage.java:72)
	at com.alipay.sofa.jraft.storage.impl.LogManagerImpl.init(LogManagerImpl.java:184)
	at com.alipay.sofa.jraft.storage.impl.LogManagerImpl.init(LogManagerImpl.java:76)
	at com.alipay.sofa.jraft.core.NodeImpl.initLogStorage(NodeImpl.java:591)
	at com.alipay.sofa.jraft.core.NodeImpl.init(NodeImpl.java:1005)
	at com.alipay.sofa.jraft.core.NodeImpl.init(NodeImpl.java:141)
	at com.alipay.sofa.jraft.RaftServiceFactory.createAndInitRaftNode(RaftServiceFactory.java:47)
	at com.alipay.sofa.jraft.RaftGroupService.start(RaftGroupService.java:129)
	at com.alibaba.nacos.core.distributed.raft.JRaftServer.createMultiRaftGroup(JRaftServer.java:260)
	at com.alibaba.nacos.core.distributed.raft.JRaftProtocol.addRequestProcessors(JRaftProtocol.java:163)
	at com.alibaba.nacos.naming.core.v2.service.impl.PersistentClientOperationServiceImpl.<init>(PersistentClientOperationServiceImpl.java:96)
	at java.base/jdk.internal.reflect.DirectConstructorHandleAccessor.newInstance(DirectConstructorHandleAccessor.java:62)
	at java.base/java.lang.reflect.Constructor.newInstanceWithCaller(Constructor.java:502)
	at java.base/java.lang.reflect.Constructor.newInstance(Constructor.java:486)
	at org.springframework.beans.BeanUtils.instantiateClass(BeanUtils.java:211)
	at org.springframework.beans.factory.support.SimpleInstantiationStrategy.instantiate(SimpleInstantiationStrategy.java:117)
	at org.springframework.beans.factory.support.ConstructorResolver.instantiate(ConstructorResolver.java:311)
	at org.springframework.beans.factory.support.ConstructorResolver.autowireConstructor(ConstructorResolver.java:296)
	at org.springframework.beans.factory.support.AbstractAutowireCapableBeanFactory.autowireConstructor(AbstractAutowireCapableBeanFactory.java:1372)
	at org.springframework.beans.factory.support.AbstractAutowireCapableBeanFactory.createBeanInstance(AbstractAutowireCapableBeanFactory.java:1222)
	at org.springframework.beans.factory.support.AbstractAutowireCapableBeanFactory.doCreateBean(AbstractAutowireCapableBeanFactory.java:582)
	at org.springframework.beans.factory.support.AbstractAutowireCapableBeanFactory.createBean(AbstractAutowireCapableBeanFactory.java:542)
	at org.springframework.beans.factory.support.AbstractBeanFactory.lambda$doGetBean$0(AbstractBeanFactory.java:335)
	at org.springframework.beans.factory.support.DefaultSingletonBeanRegistry.getSingleton(DefaultSingletonBeanRegistry.java:234)
	at org.springframework.beans.factory.support.AbstractBeanFactory.doGetBean(AbstractBeanFactory.java:333)
	at org.springframework.beans.factory.support.AbstractBeanFactory.getBean(AbstractBeanFactory.java:208)
	at org.springframework.beans.factory.config.DependencyDescriptor.resolveCandidate(DependencyDescriptor.java:276)
	at org.springframework.beans.factory.support.DefaultListableBeanFactory.doResolveDependency(DefaultListableBeanFactory.java:1391)
	at org.springframework.beans.factory.support.DefaultListableBeanFactory.resolveDependency(DefaultListableBeanFactory.java:1311)
	at org.springframework.beans.factory.support.ConstructorResolver.resolveAutowiredArgument(ConstructorResolver.java:887)
	at org.springframework.beans.factory.support.ConstructorResolver.createArgumentArray(ConstructorResolver.java:791)
	at org.springframework.beans.factory.support.ConstructorResolver.autowireConstructor(ConstructorResolver.java:229)
	at org.springframework.beans.factory.support.AbstractAutowireCapableBeanFactory.autowireConstructor(AbstractAutowireCapableBeanFactory.java:1372)
	at org.springframework.beans.factory.support.AbstractAutowireCapableBeanFactory.createBeanInstance(AbstractAutowireCapableBeanFactory.java:1222)
	at org.springframework.beans.factory.support.AbstractAutowireCapableBeanFactory.doCreateBean(AbstractAutowireCapableBeanFactory.java:582)
	at org.springframework.beans.factory.support.AbstractAutowireCapableBeanFactory.createBean(AbstractAutowireCapableBeanFactory.java:542)
	at org.springframework.beans.factory.support.AbstractBeanFactory.lambda$doGetBean$0(AbstractBeanFactory.java:335)
	at org.springframework.beans.factory.support.DefaultSingletonBeanRegistry.getSingleton(DefaultSingletonBeanRegistry.java:234)
	at org.springframework.beans.factory.support.AbstractBeanFactory.doGetBean(AbstractBeanFactory.java:333)
	at org.springframework.beans.factory.support.AbstractBeanFactory.getBean(AbstractBeanFactory.java:208)
	at org.springframework.beans.factory.config.DependencyDescriptor.resolveCandidate(DependencyDescriptor.java:276)
	at org.springframework.beans.factory.support.DefaultListableBeanFactory.doResolveDependency(DefaultListableBeanFactory.java:1391)
	at org.springframework.beans.factory.support.DefaultListableBeanFactory.resolveDependency(DefaultListableBeanFactory.java:1311)
	at org.springframework.beans.factory.support.ConstructorResolver.resolveAutowiredArgument(ConstructorResolver.java:887)
	at org.springframework.beans.factory.support.ConstructorResolver.createArgumentArray(ConstructorResolver.java:791)
	at org.springframework.beans.factory.support.ConstructorResolver.autowireConstructor(ConstructorResolver.java:229)
	at org.springframework.beans.factory.support.AbstractAutowireCapableBeanFactory.autowireConstructor(AbstractAutowireCapableBeanFactory.java:1372)
	at org.springframework.beans.factory.support.AbstractAutowireCapableBeanFactory.createBeanInstance(AbstractAutowireCapableBeanFactory.java:1222)
	at org.springframework.beans.factory.support.AbstractAutowireCapableBeanFactory.doCreateBean(AbstractAutowireCapableBeanFactory.java:582)
	at org.springframework.beans.factory.support.AbstractAutowireCapableBeanFactory.createBean(AbstractAutowireCapableBeanFactory.java:542)
	at org.springframework.beans.factory.support.AbstractBeanFactory.lambda$doGetBean$0(AbstractBeanFactory.java:335)
	at org.springframework.beans.factory.support.DefaultSingletonBeanRegistry.getSingleton(DefaultSingletonBeanRegistry.java:234)
	at org.springframework.beans.factory.support.AbstractBeanFactory.doGetBean(AbstractBeanFactory.java:333)
	at org.springframework.beans.factory.support.AbstractBeanFactory.getBean(AbstractBeanFactory.java:208)
	at org.springframework.beans.factory.support.DefaultListableBeanFactory.preInstantiateSingletons(DefaultListableBeanFactory.java:955)
	at org.springframework.context.support.AbstractApplicationContext.finishBeanFactoryInitialization(AbstractApplicationContext.java:918)
	at org.springframework.context.support.AbstractApplicationContext.refresh(AbstractApplicationContext.java:583)
	at org.springframework.boot.web.servlet.context.ServletWebServerApplicationContext.refresh(ServletWebServerApplicationContext.java:145)
	at org.springframework.boot.SpringApplication.refresh(SpringApplication.java:745)
	at org.springframework.boot.SpringApplication.refreshContext(SpringApplication.java:423)
	at org.springframework.boot.SpringApplication.run(SpringApplication.java:307)
	at org.springframework.boot.SpringApplication.run(SpringApplication.java:1317)
	at org.springframework.boot.SpringApplication.run(SpringApplication.java:1306)
	at com.alibaba.nacos.Nacos.main(Nacos.java:35)
	at java.base/jdk.internal.reflect.DirectMethodHandleAccessor.invoke(DirectMethodHandleAccessor.java:103)
	at java.base/java.lang.reflect.Method.invoke(Method.java:580)
	at org.springframework.boot.loader.MainMethodRunner.run(MainMethodRunner.java:49)
	at org.springframework.boot.loader.Launcher.launch(Launcher.java:108)
	at org.springframework.boot.loader.Launcher.launch(Launcher.java:58)
	at org.springframework.boot.loader.PropertiesLauncher.main(PropertiesLauncher.java:467)
2024-07-08 15:43:00,763 ERROR Fail to init logStorage

2024-07-08 15:43:00,763 ERROR Node <naming_persistent_service_v2/2.0.0.1:7848> initLogStorage failed.

2024-07-08 15:43:00,764 INFO ThreadPool is terminated: JRaft-RPC-Processor, com.alipay.sofa.jraft.util.MetricThreadPoolExecutor@72fd8a3c[Shutting down, pool size = 0, active threads = 0, queued tasks = 0, completed tasks = 0].

2024-07-08 15:43:36,479 INFO SPI service [com.alipay.sofa.jraft.JRaftServiceFactory - com.alipay.sofa.jraft.core.DefaultJRaftServiceFactory] loading.

2024-07-08 15:43:36,557 INFO SPI service [com.alipay.sofa.jraft.rpc.RaftRpcFactory - com.alipay.sofa.jraft.rpc.impl.GrpcRaftRpcFactory] loading.

2024-07-08 15:43:36,643 INFO SPI service [com.alipay.sofa.jraft.util.timer.RaftTimerFactory - com.alipay.sofa.jraft.util.timer.DefaultRaftTimerFactory] loading.

2024-07-08 15:43:36,645 INFO The number of active nodes increment to 1.

2024-07-08 15:43:36,932 ERROR Fail to init RocksDBLogStorage, path=F:\WebAppDevlopment\RenYiBang\micro-server-demo\nacos\data\protocol\raft\naming_persistent_service_v2\log.

org.rocksdb.RocksDBException: CURRENT file corrupted
	at org.rocksdb.RocksDB.open(Native Method)
	at org.rocksdb.RocksDB.open(RocksDB.java:307)
	at com.alipay.sofa.jraft.storage.impl.RocksDBLogStorage.openDB(RocksDBLogStorage.java:312)
	at com.alipay.sofa.jraft.storage.impl.RocksDBLogStorage.initAndLoad(RocksDBLogStorage.java:230)
	at com.alipay.sofa.jraft.storage.impl.RocksDBLogStorage.init(RocksDBLogStorage.java:209)
	at com.alipay.sofa.jraft.storage.impl.RocksDBLogStorage.init(RocksDBLogStorage.java:72)
	at com.alipay.sofa.jraft.storage.impl.LogManagerImpl.init(LogManagerImpl.java:184)
	at com.alipay.sofa.jraft.storage.impl.LogManagerImpl.init(LogManagerImpl.java:76)
	at com.alipay.sofa.jraft.core.NodeImpl.initLogStorage(NodeImpl.java:591)
	at com.alipay.sofa.jraft.core.NodeImpl.init(NodeImpl.java:1005)
	at com.alipay.sofa.jraft.core.NodeImpl.init(NodeImpl.java:141)
	at com.alipay.sofa.jraft.RaftServiceFactory.createAndInitRaftNode(RaftServiceFactory.java:47)
	at com.alipay.sofa.jraft.RaftGroupService.start(RaftGroupService.java:129)
	at com.alibaba.nacos.core.distributed.raft.JRaftServer.createMultiRaftGroup(JRaftServer.java:260)
	at com.alibaba.nacos.core.distributed.raft.JRaftProtocol.addRequestProcessors(JRaftProtocol.java:163)
	at com.alibaba.nacos.naming.core.v2.service.impl.PersistentClientOperationServiceImpl.<init>(PersistentClientOperationServiceImpl.java:96)
	at java.base/jdk.internal.reflect.DirectConstructorHandleAccessor.newInstance(DirectConstructorHandleAccessor.java:62)
	at java.base/java.lang.reflect.Constructor.newInstanceWithCaller(Constructor.java:502)
	at java.base/java.lang.reflect.Constructor.newInstance(Constructor.java:486)
	at org.springframework.beans.BeanUtils.instantiateClass(BeanUtils.java:211)
	at org.springframework.beans.factory.support.SimpleInstantiationStrategy.instantiate(SimpleInstantiationStrategy.java:117)
	at org.springframework.beans.factory.support.ConstructorResolver.instantiate(ConstructorResolver.java:311)
	at org.springframework.beans.factory.support.ConstructorResolver.autowireConstructor(ConstructorResolver.java:296)
	at org.springframework.beans.factory.support.AbstractAutowireCapableBeanFactory.autowireConstructor(AbstractAutowireCapableBeanFactory.java:1372)
	at org.springframework.beans.factory.support.AbstractAutowireCapableBeanFactory.createBeanInstance(AbstractAutowireCapableBeanFactory.java:1222)
	at org.springframework.beans.factory.support.AbstractAutowireCapableBeanFactory.doCreateBean(AbstractAutowireCapableBeanFactory.java:582)
	at org.springframework.beans.factory.support.AbstractAutowireCapableBeanFactory.createBean(AbstractAutowireCapableBeanFactory.java:542)
	at org.springframework.beans.factory.support.AbstractBeanFactory.lambda$doGetBean$0(AbstractBeanFactory.java:335)
	at org.springframework.beans.factory.support.DefaultSingletonBeanRegistry.getSingleton(DefaultSingletonBeanRegistry.java:234)
	at org.springframework.beans.factory.support.AbstractBeanFactory.doGetBean(AbstractBeanFactory.java:333)
	at org.springframework.beans.factory.support.AbstractBeanFactory.getBean(AbstractBeanFactory.java:208)
	at org.springframework.beans.factory.config.DependencyDescriptor.resolveCandidate(DependencyDescriptor.java:276)
	at org.springframework.beans.factory.support.DefaultListableBeanFactory.doResolveDependency(DefaultListableBeanFactory.java:1391)
	at org.springframework.beans.factory.support.DefaultListableBeanFactory.resolveDependency(DefaultListableBeanFactory.java:1311)
	at org.springframework.beans.factory.support.ConstructorResolver.resolveAutowiredArgument(ConstructorResolver.java:887)
	at org.springframework.beans.factory.support.ConstructorResolver.createArgumentArray(ConstructorResolver.java:791)
	at org.springframework.beans.factory.support.ConstructorResolver.autowireConstructor(ConstructorResolver.java:229)
	at org.springframework.beans.factory.support.AbstractAutowireCapableBeanFactory.autowireConstructor(AbstractAutowireCapableBeanFactory.java:1372)
	at org.springframework.beans.factory.support.AbstractAutowireCapableBeanFactory.createBeanInstance(AbstractAutowireCapableBeanFactory.java:1222)
	at org.springframework.beans.factory.support.AbstractAutowireCapableBeanFactory.doCreateBean(AbstractAutowireCapableBeanFactory.java:582)
	at org.springframework.beans.factory.support.AbstractAutowireCapableBeanFactory.createBean(AbstractAutowireCapableBeanFactory.java:542)
	at org.springframework.beans.factory.support.AbstractBeanFactory.lambda$doGetBean$0(AbstractBeanFactory.java:335)
	at org.springframework.beans.factory.support.DefaultSingletonBeanRegistry.getSingleton(DefaultSingletonBeanRegistry.java:234)
	at org.springframework.beans.factory.support.AbstractBeanFactory.doGetBean(AbstractBeanFactory.java:333)
	at org.springframework.beans.factory.support.AbstractBeanFactory.getBean(AbstractBeanFactory.java:208)
	at org.springframework.beans.factory.config.DependencyDescriptor.resolveCandidate(DependencyDescriptor.java:276)
	at org.springframework.beans.factory.support.DefaultListableBeanFactory.doResolveDependency(DefaultListableBeanFactory.java:1391)
	at org.springframework.beans.factory.support.DefaultListableBeanFactory.resolveDependency(DefaultListableBeanFactory.java:1311)
	at org.springframework.beans.factory.support.ConstructorResolver.resolveAutowiredArgument(ConstructorResolver.java:887)
	at org.springframework.beans.factory.support.ConstructorResolver.createArgumentArray(ConstructorResolver.java:791)
	at org.springframework.beans.factory.support.ConstructorResolver.autowireConstructor(ConstructorResolver.java:229)
	at org.springframework.beans.factory.support.AbstractAutowireCapableBeanFactory.autowireConstructor(AbstractAutowireCapableBeanFactory.java:1372)
	at org.springframework.beans.factory.support.AbstractAutowireCapableBeanFactory.createBeanInstance(AbstractAutowireCapableBeanFactory.java:1222)
	at org.springframework.beans.factory.support.AbstractAutowireCapableBeanFactory.doCreateBean(AbstractAutowireCapableBeanFactory.java:582)
	at org.springframework.beans.factory.support.AbstractAutowireCapableBeanFactory.createBean(AbstractAutowireCapableBeanFactory.java:542)
	at org.springframework.beans.factory.support.AbstractBeanFactory.lambda$doGetBean$0(AbstractBeanFactory.java:335)
	at org.springframework.beans.factory.support.DefaultSingletonBeanRegistry.getSingleton(DefaultSingletonBeanRegistry.java:234)
	at org.springframework.beans.factory.support.AbstractBeanFactory.doGetBean(AbstractBeanFactory.java:333)
	at org.springframework.beans.factory.support.AbstractBeanFactory.getBean(AbstractBeanFactory.java:208)
	at org.springframework.beans.factory.support.DefaultListableBeanFactory.preInstantiateSingletons(DefaultListableBeanFactory.java:955)
	at org.springframework.context.support.AbstractApplicationContext.finishBeanFactoryInitialization(AbstractApplicationContext.java:918)
	at org.springframework.context.support.AbstractApplicationContext.refresh(AbstractApplicationContext.java:583)
	at org.springframework.boot.web.servlet.context.ServletWebServerApplicationContext.refresh(ServletWebServerApplicationContext.java:145)
	at org.springframework.boot.SpringApplication.refresh(SpringApplication.java:745)
	at org.springframework.boot.SpringApplication.refreshContext(SpringApplication.java:423)
	at org.springframework.boot.SpringApplication.run(SpringApplication.java:307)
	at org.springframework.boot.SpringApplication.run(SpringApplication.java:1317)
	at org.springframework.boot.SpringApplication.run(SpringApplication.java:1306)
	at com.alibaba.nacos.Nacos.main(Nacos.java:35)
	at java.base/jdk.internal.reflect.DirectMethodHandleAccessor.invoke(DirectMethodHandleAccessor.java:103)
	at java.base/java.lang.reflect.Method.invoke(Method.java:580)
	at org.springframework.boot.loader.MainMethodRunner.run(MainMethodRunner.java:49)
	at org.springframework.boot.loader.Launcher.launch(Launcher.java:108)
	at org.springframework.boot.loader.Launcher.launch(Launcher.java:58)
	at org.springframework.boot.loader.PropertiesLauncher.main(PropertiesLauncher.java:467)
2024-07-08 15:43:36,933 ERROR Fail to init logStorage

2024-07-08 15:43:36,933 ERROR Node <naming_persistent_service_v2/2.0.0.1:7848> initLogStorage failed.

2024-07-08 15:43:36,934 INFO ThreadPool is terminated: JRaft-RPC-Processor, com.alipay.sofa.jraft.util.MetricThreadPoolExecutor@6edf29c1[Shutting down, pool size = 0, active threads = 0, queued tasks = 0, completed tasks = 0].

