2024-07-08 14:23:41,657 INFO [long-pulling] client count 0

2024-07-08 14:23:51,665 INFO [long-pulling] client count 0

2024-07-08 14:23:51,743 INFO toNotifyTaskSize = 0

2024-07-08 14:23:51,744 INFO toClientNotifyTaskSize = 0

2024-07-08 14:23:51,745 INFO groupCount = 0, subscriberClientCount = 0, subscriberCount = 0

2024-07-08 14:24:01,673 INFO [long-pulling] client count 0

2024-07-08 14:24:01,752 INFO groupCount = 0, subscriberClientCount = 0, subscriberCount = 0

2024-07-08 14:24:01,752 INFO toNotifyTaskSize = 0

2024-07-08 14:24:01,752 INFO toClientNotifyTaskSize = 0

2024-07-08 14:24:11,688 INFO [long-pulling] client count 0

2024-07-08 14:24:11,766 INFO groupCount = 0, subscriberClientCount = 0, subscriberCount = 0

2024-07-08 14:24:11,766 INFO toNotifyTaskSize = 0

2024-07-08 14:24:11,768 INFO toClientNotifyTaskSize = 0

2024-07-08 14:24:21,697 INFO [long-pulling] client count 0

2024-07-08 14:24:21,775 INFO toNotifyTaskSize = 0

2024-07-08 14:24:21,775 INFO groupCount = 0, subscriberClientCount = 0, subscriberCount = 0

2024-07-08 14:24:21,775 INFO toClientNotifyTaskSize = 0

2024-07-08 14:24:31,698 INFO [long-pulling] client count 0

2024-07-08 14:24:31,778 INFO toNotifyTaskSize = 0

2024-07-08 14:24:31,778 INFO groupCount = 0, subscriberClientCount = 0, subscriberCount = 0

2024-07-08 14:24:31,778 INFO toClientNotifyTaskSize = 0

2024-07-08 14:24:41,708 INFO [long-pulling] client count 0

2024-07-08 14:24:41,785 INFO toNotifyTaskSize = 0

2024-07-08 14:24:41,785 INFO toClientNotifyTaskSize = 0

2024-07-08 14:24:41,785 INFO groupCount = 0, subscriberClientCount = 0, subscriberCount = 0

2024-07-08 14:24:51,711 INFO [long-pulling] client count 0

2024-07-08 14:24:51,789 INFO toNotifyTaskSize = 0

2024-07-08 14:24:51,789 INFO groupCount = 0, subscriberClientCount = 0, subscriberCount = 0

2024-07-08 14:24:51,789 INFO toClientNotifyTaskSize = 0

2024-07-08 14:25:01,718 INFO [long-pulling] client count 0

2024-07-08 14:25:01,797 INFO toNotifyTaskSize = 0

2024-07-08 14:25:01,797 INFO toClientNotifyTaskSize = 0

2024-07-08 14:25:01,797 INFO groupCount = 0, subscriberClientCount = 0, subscriberCount = 0

2024-07-08 14:25:11,718 INFO [long-pulling] client count 0

2024-07-08 14:25:11,812 INFO toNotifyTaskSize = 0

2024-07-08 14:25:11,812 INFO groupCount = 0, subscriberClientCount = 0, subscriberCount = 0

2024-07-08 14:25:11,812 INFO toClientNotifyTaskSize = 0

2024-07-08 14:25:21,724 INFO [long-pulling] client count 0

2024-07-08 14:25:21,819 INFO groupCount = 0, subscriberClientCount = 0, subscriberCount = 0

2024-07-08 14:25:21,819 INFO toNotifyTaskSize = 0

2024-07-08 14:25:21,819 INFO toClientNotifyTaskSize = 0

2024-07-08 14:25:31,741 INFO [long-pulling] client count 0

2024-07-08 14:25:31,835 INFO groupCount = 0, subscriberClientCount = 0, subscriberCount = 0

2024-07-08 14:25:31,835 INFO toNotifyTaskSize = 0

2024-07-08 14:25:31,835 INFO toClientNotifyTaskSize = 0

2024-07-08 14:25:41,743 INFO [long-pulling] client count 0

2024-07-08 14:25:41,838 INFO groupCount = 0, subscriberClientCount = 0, subscriberCount = 0

2024-07-08 14:25:41,838 INFO toNotifyTaskSize = 0

2024-07-08 14:25:41,838 INFO toClientNotifyTaskSize = 0

2024-07-08 14:25:51,750 INFO [long-pulling] client count 0

2024-07-08 14:25:51,845 INFO toNotifyTaskSize = 0

2024-07-08 14:25:51,845 INFO toClientNotifyTaskSize = 0

2024-07-08 14:25:51,845 INFO groupCount = 0, subscriberClientCount = 0, subscriberCount = 0

2024-07-08 14:26:01,765 INFO [long-pulling] client count 0

2024-07-08 14:26:01,858 INFO groupCount = 0, subscriberClientCount = 0, subscriberCount = 0

2024-07-08 14:26:01,858 INFO toNotifyTaskSize = 0

2024-07-08 14:26:01,858 INFO toClientNotifyTaskSize = 0

2024-07-08 14:26:11,767 INFO [long-pulling] client count 0

2024-07-08 14:26:11,862 INFO toNotifyTaskSize = 0

2024-07-08 14:26:11,862 INFO toClientNotifyTaskSize = 0

2024-07-08 14:26:11,862 INFO groupCount = 0, subscriberClientCount = 0, subscriberCount = 0

2024-07-08 14:26:21,769 INFO [long-pulling] client count 0

2024-07-08 14:26:21,864 INFO toNotifyTaskSize = 0

2024-07-08 14:26:21,864 INFO toClientNotifyTaskSize = 0

2024-07-08 14:26:21,864 INFO groupCount = 0, subscriberClientCount = 0, subscriberCount = 0

2024-07-08 14:26:31,783 INFO [long-pulling] client count 0

2024-07-08 14:26:31,879 INFO toNotifyTaskSize = 0

2024-07-08 14:26:31,879 INFO toClientNotifyTaskSize = 0

2024-07-08 14:26:31,879 INFO groupCount = 0, subscriberClientCount = 0, subscriberCount = 0

2024-07-08 14:26:41,798 INFO [long-pulling] client count 0

2024-07-08 14:26:41,898 INFO groupCount = 0, subscriberClientCount = 0, subscriberCount = 0

2024-07-08 14:26:41,899 INFO toNotifyTaskSize = 0

2024-07-08 14:26:41,899 INFO toClientNotifyTaskSize = 0

2024-07-08 14:27:03,959 INFO [long-pulling] client count 0

2024-07-08 14:27:13,972 INFO [long-pulling] client count 0

2024-07-08 14:27:14,050 INFO toNotifyTaskSize = 0

2024-07-08 14:27:14,050 INFO toClientNotifyTaskSize = 0

2024-07-08 14:27:14,052 INFO groupCount = 0, subscriberClientCount = 0, subscriberCount = 0

2024-07-08 14:27:27,743 INFO [long-pulling] client count 0

2024-07-08 14:27:37,760 INFO [long-pulling] client count 0

2024-07-08 14:27:37,854 INFO toNotifyTaskSize = 0

2024-07-08 14:27:37,854 INFO toClientNotifyTaskSize = 0

2024-07-08 14:27:37,855 INFO groupCount = 0, subscriberClientCount = 0, subscriberCount = 0

2024-07-08 14:27:47,775 INFO [long-pulling] client count 0

2024-07-08 14:27:47,866 INFO groupCount = 0, subscriberClientCount = 0, subscriberCount = 0

2024-07-08 14:27:47,866 INFO toNotifyTaskSize = 0

2024-07-08 14:27:47,866 INFO toClientNotifyTaskSize = 0

2024-07-08 14:27:57,786 INFO [long-pulling] client count 0

2024-07-08 14:27:57,880 INFO toNotifyTaskSize = 0

2024-07-08 14:27:57,880 INFO groupCount = 0, subscriberClientCount = 0, subscriberCount = 0

2024-07-08 14:27:57,880 INFO toClientNotifyTaskSize = 0

2024-07-08 14:28:07,800 INFO [long-pulling] client count 0

2024-07-08 14:28:07,893 INFO groupCount = 0, subscriberClientCount = 0, subscriberCount = 0

2024-07-08 14:28:07,893 INFO toNotifyTaskSize = 0

2024-07-08 14:28:07,893 INFO toClientNotifyTaskSize = 0

2024-07-08 14:28:17,804 INFO [long-pulling] client count 0

2024-07-08 14:28:17,897 INFO groupCount = 0, subscriberClientCount = 0, subscriberCount = 0

2024-07-08 14:28:17,897 INFO toNotifyTaskSize = 0

2024-07-08 14:28:17,897 INFO toClientNotifyTaskSize = 0

2024-07-08 14:28:27,812 INFO [long-pulling] client count 0

2024-07-08 14:28:27,905 INFO groupCount = 0, subscriberClientCount = 0, subscriberCount = 0

2024-07-08 14:28:27,905 INFO toNotifyTaskSize = 0

2024-07-08 14:28:27,905 INFO toClientNotifyTaskSize = 0

2024-07-08 14:28:37,818 INFO [long-pulling] client count 0

2024-07-08 14:28:37,912 INFO groupCount = 0, subscriberClientCount = 0, subscriberCount = 0

2024-07-08 14:28:37,912 INFO toNotifyTaskSize = 0

2024-07-08 14:28:37,912 INFO toClientNotifyTaskSize = 0

2024-07-08 14:28:47,821 INFO [long-pulling] client count 0

2024-07-08 14:28:47,917 INFO groupCount = 0, subscriberClientCount = 0, subscriberCount = 0

2024-07-08 14:28:47,920 INFO toNotifyTaskSize = 0

2024-07-08 14:28:47,920 INFO toClientNotifyTaskSize = 0

2024-07-08 14:28:57,828 INFO [long-pulling] client count 0

2024-07-08 14:28:57,922 INFO groupCount = 0, subscriberClientCount = 0, subscriberCount = 0

2024-07-08 14:28:57,922 INFO toNotifyTaskSize = 0

2024-07-08 14:28:57,922 INFO toClientNotifyTaskSize = 0

2024-07-08 14:29:07,841 INFO [long-pulling] client count 0

2024-07-08 14:29:07,935 INFO toNotifyTaskSize = 0

2024-07-08 14:29:07,935 INFO toClientNotifyTaskSize = 0

2024-07-08 14:29:07,935 INFO groupCount = 0, subscriberClientCount = 0, subscriberCount = 0

2024-07-08 14:29:17,848 INFO [long-pulling] client count 0

2024-07-08 14:29:17,943 INFO toNotifyTaskSize = 0

2024-07-08 14:29:17,943 INFO groupCount = 0, subscriberClientCount = 0, subscriberCount = 0

2024-07-08 14:29:17,943 INFO toClientNotifyTaskSize = 0

2024-07-08 14:29:27,849 INFO [long-pulling] client count 0

2024-07-08 14:29:27,958 INFO groupCount = 0, subscriberClientCount = 0, subscriberCount = 0

2024-07-08 14:29:27,958 INFO toNotifyTaskSize = 0

2024-07-08 14:29:27,958 INFO toClientNotifyTaskSize = 0

2024-07-08 14:29:37,861 INFO [long-pulling] client count 0

2024-07-08 14:29:37,970 INFO groupCount = 0, subscriberClientCount = 0, subscriberCount = 0

2024-07-08 14:29:37,970 INFO toNotifyTaskSize = 0

2024-07-08 14:29:37,970 INFO toClientNotifyTaskSize = 0

2024-07-08 14:29:47,864 INFO [long-pulling] client count 0

2024-07-08 14:29:47,974 INFO groupCount = 0, subscriberClientCount = 0, subscriberCount = 0

2024-07-08 14:29:47,974 INFO toNotifyTaskSize = 0

2024-07-08 14:29:47,974 INFO toClientNotifyTaskSize = 0

2024-07-08 14:29:57,874 INFO [long-pulling] client count 0

2024-07-08 14:29:57,985 INFO toNotifyTaskSize = 0

2024-07-08 14:29:57,985 INFO toClientNotifyTaskSize = 0

2024-07-08 14:29:57,986 INFO groupCount = 0, subscriberClientCount = 0, subscriberCount = 0

2024-07-08 14:30:07,889 INFO [long-pulling] client count 0

2024-07-08 14:30:07,997 INFO groupCount = 0, subscriberClientCount = 0, subscriberCount = 0

2024-07-08 14:30:07,997 INFO toNotifyTaskSize = 0

2024-07-08 14:30:07,997 INFO toClientNotifyTaskSize = 0

2024-07-08 14:30:17,894 INFO [long-pulling] client count 0

2024-07-08 14:30:18,003 INFO toNotifyTaskSize = 0

2024-07-08 14:30:18,003 INFO toClientNotifyTaskSize = 0

2024-07-08 14:30:18,003 INFO groupCount = 0, subscriberClientCount = 0, subscriberCount = 0

2024-07-08 14:30:27,899 INFO [long-pulling] client count 0

2024-07-08 14:30:28,011 INFO groupCount = 0, subscriberClientCount = 0, subscriberCount = 0

2024-07-08 14:30:28,011 INFO toNotifyTaskSize = 0

2024-07-08 14:30:28,011 INFO toClientNotifyTaskSize = 0

2024-07-08 14:30:37,913 INFO [long-pulling] client count 0

2024-07-08 14:30:38,022 INFO toNotifyTaskSize = 0

2024-07-08 14:30:38,022 INFO toClientNotifyTaskSize = 0

2024-07-08 14:30:38,022 INFO groupCount = 0, subscriberClientCount = 0, subscriberCount = 0

2024-07-08 14:30:47,917 INFO [long-pulling] client count 0

2024-07-08 14:30:48,026 INFO toNotifyTaskSize = 0

2024-07-08 14:30:48,026 INFO groupCount = 0, subscriberClientCount = 0, subscriberCount = 0

2024-07-08 14:30:48,026 INFO toClientNotifyTaskSize = 0

2024-07-08 14:30:57,927 INFO [long-pulling] client count 0

2024-07-08 14:30:58,034 INFO groupCount = 0, subscriberClientCount = 0, subscriberCount = 0

2024-07-08 14:30:58,034 INFO toNotifyTaskSize = 0

2024-07-08 14:30:58,034 INFO toClientNotifyTaskSize = 0

2024-07-08 14:31:07,935 INFO [long-pulling] client count 0

2024-07-08 14:31:08,043 INFO groupCount = 0, subscriberClientCount = 0, subscriberCount = 0

2024-07-08 14:31:08,043 INFO toNotifyTaskSize = 0

2024-07-08 14:31:08,043 INFO toClientNotifyTaskSize = 0

2024-07-08 14:31:17,938 INFO [long-pulling] client count 0

2024-07-08 14:31:18,048 INFO toNotifyTaskSize = 0

2024-07-08 14:31:18,048 INFO toClientNotifyTaskSize = 0

2024-07-08 14:31:18,048 INFO groupCount = 0, subscriberClientCount = 0, subscriberCount = 0

2024-07-08 14:31:27,943 INFO [long-pulling] client count 0

2024-07-08 14:31:28,051 INFO toNotifyTaskSize = 0

2024-07-08 14:31:28,051 INFO groupCount = 0, subscriberClientCount = 0, subscriberCount = 0

2024-07-08 14:31:28,051 INFO toClientNotifyTaskSize = 0

2024-07-08 14:31:37,945 INFO [long-pulling] client count 0

2024-07-08 14:31:38,056 INFO groupCount = 0, subscriberClientCount = 0, subscriberCount = 0

2024-07-08 14:31:38,056 INFO toNotifyTaskSize = 0

2024-07-08 14:31:38,056 INFO toClientNotifyTaskSize = 0

2024-07-08 14:31:47,948 INFO [long-pulling] client count 0

2024-07-08 14:31:48,058 INFO toNotifyTaskSize = 0

2024-07-08 14:31:48,058 INFO toClientNotifyTaskSize = 0

2024-07-08 14:31:48,058 INFO groupCount = 0, subscriberClientCount = 0, subscriberCount = 0

2024-07-08 14:31:57,962 INFO [long-pulling] client count 0

2024-07-08 14:31:58,071 INFO groupCount = 0, subscriberClientCount = 0, subscriberCount = 0

2024-07-08 14:31:58,071 INFO toNotifyTaskSize = 0

2024-07-08 14:31:58,071 INFO toClientNotifyTaskSize = 0

2024-07-08 14:32:07,976 INFO [long-pulling] client count 0

2024-07-08 14:32:08,083 INFO toNotifyTaskSize = 0

2024-07-08 14:32:08,083 INFO toClientNotifyTaskSize = 0

2024-07-08 14:32:08,083 INFO groupCount = 0, subscriberClientCount = 0, subscriberCount = 0

2024-07-08 14:32:17,989 INFO [long-pulling] client count 0

2024-07-08 14:32:18,098 INFO toNotifyTaskSize = 0

2024-07-08 14:32:18,098 INFO groupCount = 0, subscriberClientCount = 0, subscriberCount = 0

2024-07-08 14:32:18,098 INFO toClientNotifyTaskSize = 0

2024-07-08 14:32:28,002 INFO [long-pulling] client count 0

2024-07-08 14:32:28,110 INFO toNotifyTaskSize = 0

2024-07-08 14:32:28,110 INFO groupCount = 0, subscriberClientCount = 0, subscriberCount = 0

2024-07-08 14:32:28,110 INFO toClientNotifyTaskSize = 0

2024-07-08 14:32:38,016 INFO [long-pulling] client count 0

2024-07-08 14:32:38,112 INFO toNotifyTaskSize = 0

2024-07-08 14:32:38,112 INFO toClientNotifyTaskSize = 0

2024-07-08 14:32:38,112 INFO groupCount = 0, subscriberClientCount = 0, subscriberCount = 0

2024-07-08 14:32:48,022 INFO [long-pulling] client count 0

2024-07-08 14:32:48,115 INFO toNotifyTaskSize = 0

2024-07-08 14:32:48,115 INFO groupCount = 0, subscriberClientCount = 0, subscriberCount = 0

2024-07-08 14:32:48,115 INFO toClientNotifyTaskSize = 0

2024-07-08 14:32:58,029 INFO [long-pulling] client count 0

2024-07-08 14:32:58,123 INFO toNotifyTaskSize = 0

2024-07-08 14:32:58,123 INFO toClientNotifyTaskSize = 0

2024-07-08 14:32:58,123 INFO groupCount = 0, subscriberClientCount = 0, subscriberCount = 0

2024-07-08 14:33:08,031 INFO [long-pulling] client count 0

2024-07-08 14:33:08,124 INFO groupCount = 0, subscriberClientCount = 0, subscriberCount = 0

2024-07-08 14:33:08,124 INFO toNotifyTaskSize = 0

2024-07-08 14:33:08,124 INFO toClientNotifyTaskSize = 0

2024-07-08 14:33:18,044 INFO [long-pulling] client count 0

2024-07-08 14:33:18,136 INFO groupCount = 0, subscriberClientCount = 0, subscriberCount = 0

2024-07-08 14:33:18,136 INFO toNotifyTaskSize = 0

2024-07-08 14:33:18,136 INFO toClientNotifyTaskSize = 0

2024-07-08 14:33:28,057 INFO [long-pulling] client count 0

2024-07-08 14:33:28,151 INFO groupCount = 0, subscriberClientCount = 0, subscriberCount = 0

2024-07-08 14:33:28,151 INFO toNotifyTaskSize = 0

2024-07-08 14:33:28,151 INFO toClientNotifyTaskSize = 0

2024-07-08 14:33:38,065 INFO [long-pulling] client count 0

2024-07-08 14:33:38,158 INFO groupCount = 0, subscriberClientCount = 0, subscriberCount = 0

2024-07-08 14:33:38,158 INFO toNotifyTaskSize = 0

2024-07-08 14:33:38,158 INFO toClientNotifyTaskSize = 0

2024-07-08 14:33:48,074 INFO [long-pulling] client count 0

2024-07-08 14:33:48,167 INFO groupCount = 0, subscriberClientCount = 0, subscriberCount = 0

2024-07-08 14:33:48,167 INFO toNotifyTaskSize = 0

2024-07-08 14:33:48,167 INFO toClientNotifyTaskSize = 0

2024-07-08 14:33:58,078 INFO [long-pulling] client count 0

2024-07-08 14:33:58,170 INFO groupCount = 0, subscriberClientCount = 0, subscriberCount = 0

2024-07-08 14:33:58,170 INFO toNotifyTaskSize = 0

2024-07-08 14:33:58,170 INFO toClientNotifyTaskSize = 0

2024-07-08 14:34:08,091 INFO [long-pulling] client count 0

2024-07-08 14:34:08,184 INFO toNotifyTaskSize = 0

2024-07-08 14:34:08,184 INFO groupCount = 0, subscriberClientCount = 0, subscriberCount = 0

2024-07-08 14:34:08,184 INFO toClientNotifyTaskSize = 0

2024-07-08 14:34:18,104 INFO [long-pulling] client count 0

2024-07-08 14:34:18,196 INFO groupCount = 0, subscriberClientCount = 0, subscriberCount = 0

2024-07-08 14:34:18,196 INFO toNotifyTaskSize = 0

2024-07-08 14:34:18,196 INFO toClientNotifyTaskSize = 0

2024-07-08 14:34:28,106 INFO [long-pulling] client count 0

2024-07-08 14:34:28,199 INFO groupCount = 0, subscriberClientCount = 0, subscriberCount = 0

2024-07-08 14:34:28,199 INFO toNotifyTaskSize = 0

2024-07-08 14:34:28,199 INFO toClientNotifyTaskSize = 0

2024-07-08 14:34:38,120 INFO [long-pulling] client count 0

2024-07-08 14:34:38,214 INFO toNotifyTaskSize = 0

2024-07-08 14:34:38,214 INFO toClientNotifyTaskSize = 0

2024-07-08 14:34:38,214 INFO groupCount = 0, subscriberClientCount = 0, subscriberCount = 0

2024-07-08 14:34:48,121 INFO [long-pulling] client count 0

2024-07-08 14:34:48,216 INFO toNotifyTaskSize = 0

2024-07-08 14:34:48,216 INFO toClientNotifyTaskSize = 0

2024-07-08 14:34:48,216 INFO groupCount = 0, subscriberClientCount = 0, subscriberCount = 0

2024-07-08 14:34:58,122 INFO [long-pulling] client count 0

2024-07-08 14:34:58,230 INFO toNotifyTaskSize = 0

2024-07-08 14:34:58,230 INFO groupCount = 0, subscriberClientCount = 0, subscriberCount = 0

2024-07-08 14:34:58,230 INFO toClientNotifyTaskSize = 0

2024-07-08 14:35:08,134 INFO [long-pulling] client count 0

2024-07-08 14:35:08,244 INFO groupCount = 0, subscriberClientCount = 0, subscriberCount = 0

2024-07-08 14:35:08,244 INFO toNotifyTaskSize = 0

2024-07-08 14:35:08,244 INFO toClientNotifyTaskSize = 0

2024-07-08 14:35:18,146 INFO [long-pulling] client count 0

2024-07-08 14:35:18,254 INFO groupCount = 0, subscriberClientCount = 0, subscriberCount = 0

2024-07-08 14:35:18,254 INFO toNotifyTaskSize = 0

2024-07-08 14:35:18,254 INFO toClientNotifyTaskSize = 0

2024-07-08 14:35:28,156 INFO [long-pulling] client count 0

2024-07-08 14:35:28,264 INFO groupCount = 0, subscriberClientCount = 0, subscriberCount = 0

2024-07-08 14:35:28,264 INFO toNotifyTaskSize = 0

2024-07-08 14:35:28,264 INFO toClientNotifyTaskSize = 0

2024-07-08 14:35:38,166 INFO [long-pulling] client count 0

2024-07-08 14:35:38,275 INFO groupCount = 0, subscriberClientCount = 0, subscriberCount = 0

2024-07-08 14:35:38,275 INFO toNotifyTaskSize = 0

2024-07-08 14:35:38,275 INFO toClientNotifyTaskSize = 0

2024-07-08 14:35:48,181 INFO [long-pulling] client count 0

2024-07-08 14:35:48,291 INFO toNotifyTaskSize = 0

2024-07-08 14:35:48,291 INFO toClientNotifyTaskSize = 0

2024-07-08 14:35:48,291 INFO groupCount = 0, subscriberClientCount = 0, subscriberCount = 0

2024-07-08 14:35:58,197 INFO [long-pulling] client count 0

2024-07-08 14:35:58,304 INFO groupCount = 0, subscriberClientCount = 0, subscriberCount = 0

2024-07-08 14:35:58,304 INFO toNotifyTaskSize = 0

2024-07-08 14:35:58,304 INFO toClientNotifyTaskSize = 0

2024-07-08 14:36:08,205 INFO [long-pulling] client count 0

2024-07-08 14:36:08,316 INFO groupCount = 0, subscriberClientCount = 0, subscriberCount = 0

2024-07-08 14:36:08,316 INFO toNotifyTaskSize = 0

2024-07-08 14:36:08,316 INFO toClientNotifyTaskSize = 0

2024-07-08 14:36:18,213 INFO [long-pulling] client count 0

2024-07-08 14:36:18,322 INFO toNotifyTaskSize = 0

2024-07-08 14:36:18,322 INFO toClientNotifyTaskSize = 0

2024-07-08 14:36:18,322 INFO groupCount = 0, subscriberClientCount = 0, subscriberCount = 0

2024-07-08 14:36:28,216 INFO [long-pulling] client count 0

2024-07-08 14:36:28,326 INFO toNotifyTaskSize = 0

2024-07-08 14:36:28,326 INFO toClientNotifyTaskSize = 0

2024-07-08 14:36:28,326 INFO groupCount = 0, subscriberClientCount = 0, subscriberCount = 0

2024-07-08 14:36:38,225 INFO [long-pulling] client count 0

2024-07-08 14:36:38,335 INFO toNotifyTaskSize = 0

2024-07-08 14:36:38,335 INFO toClientNotifyTaskSize = 0

2024-07-08 14:36:38,335 INFO groupCount = 0, subscriberClientCount = 0, subscriberCount = 0

2024-07-08 14:36:48,234 INFO [long-pulling] client count 0

2024-07-08 14:36:48,342 INFO toNotifyTaskSize = 0

2024-07-08 14:36:48,342 INFO toClientNotifyTaskSize = 0

2024-07-08 14:36:48,342 INFO groupCount = 0, subscriberClientCount = 0, subscriberCount = 0

2024-07-08 14:36:58,236 INFO [long-pulling] client count 0

2024-07-08 14:36:58,343 INFO toNotifyTaskSize = 0

2024-07-08 14:36:58,343 INFO toClientNotifyTaskSize = 0

2024-07-08 14:36:58,343 INFO groupCount = 0, subscriberClientCount = 0, subscriberCount = 0

2024-07-08 14:37:08,242 INFO [long-pulling] client count 0

2024-07-08 14:37:08,351 INFO toNotifyTaskSize = 0

2024-07-08 14:37:08,351 INFO groupCount = 0, subscriberClientCount = 0, subscriberCount = 0

2024-07-08 14:37:08,351 INFO toClientNotifyTaskSize = 0

2024-07-08 14:37:18,258 INFO [long-pulling] client count 0

2024-07-08 14:37:18,353 INFO toNotifyTaskSize = 0

2024-07-08 14:37:18,353 INFO toClientNotifyTaskSize = 0

2024-07-08 14:37:18,353 INFO groupCount = 0, subscriberClientCount = 0, subscriberCount = 0

2024-07-08 14:37:28,259 INFO [long-pulling] client count 0

2024-07-08 14:37:28,368 INFO toNotifyTaskSize = 0

2024-07-08 14:37:28,368 INFO groupCount = 0, subscriberClientCount = 0, subscriberCount = 0

2024-07-08 14:37:28,368 INFO toClientNotifyTaskSize = 0

2024-07-08 14:37:38,263 INFO [long-pulling] client count 0

2024-07-08 14:37:38,373 INFO groupCount = 0, subscriberClientCount = 0, subscriberCount = 0

2024-07-08 14:37:38,373 INFO toNotifyTaskSize = 0

2024-07-08 14:37:38,373 INFO toClientNotifyTaskSize = 0

2024-07-08 14:37:48,266 INFO [long-pulling] client count 0

2024-07-08 14:37:48,375 INFO groupCount = 0, subscriberClientCount = 0, subscriberCount = 0

2024-07-08 14:37:48,375 INFO toNotifyTaskSize = 0

2024-07-08 14:37:48,375 INFO toClientNotifyTaskSize = 0

2024-07-08 14:37:58,274 INFO [long-pulling] client count 0

2024-07-08 14:37:58,381 INFO groupCount = 0, subscriberClientCount = 0, subscriberCount = 0

2024-07-08 14:37:58,381 INFO toNotifyTaskSize = 0

2024-07-08 14:37:58,381 INFO toClientNotifyTaskSize = 0

2024-07-08 14:38:08,280 INFO [long-pulling] client count 0

2024-07-08 14:38:08,388 INFO groupCount = 0, subscriberClientCount = 0, subscriberCount = 0

2024-07-08 14:38:08,388 INFO toNotifyTaskSize = 0

2024-07-08 14:38:08,388 INFO toClientNotifyTaskSize = 0

2024-07-08 14:38:18,288 INFO [long-pulling] client count 0

2024-07-08 14:38:18,396 INFO groupCount = 0, subscriberClientCount = 0, subscriberCount = 0

2024-07-08 14:38:18,396 INFO toNotifyTaskSize = 0

2024-07-08 14:38:18,396 INFO toClientNotifyTaskSize = 0

2024-07-08 14:38:28,299 INFO [long-pulling] client count 0

2024-07-08 14:38:28,407 INFO groupCount = 0, subscriberClientCount = 0, subscriberCount = 0

2024-07-08 14:38:28,407 INFO toNotifyTaskSize = 0

2024-07-08 14:38:28,407 INFO toClientNotifyTaskSize = 0

2024-07-08 14:38:38,302 INFO [long-pulling] client count 0

2024-07-08 14:38:38,409 INFO toNotifyTaskSize = 0

2024-07-08 14:38:38,409 INFO toClientNotifyTaskSize = 0

2024-07-08 14:38:38,409 INFO groupCount = 0, subscriberClientCount = 0, subscriberCount = 0

2024-07-08 14:38:48,306 INFO [long-pulling] client count 0

2024-07-08 14:38:48,416 INFO toNotifyTaskSize = 0

2024-07-08 14:38:48,416 INFO toClientNotifyTaskSize = 0

2024-07-08 14:38:48,416 INFO groupCount = 0, subscriberClientCount = 0, subscriberCount = 0

2024-07-08 14:38:58,316 INFO [long-pulling] client count 0

2024-07-08 14:38:58,427 INFO groupCount = 0, subscriberClientCount = 0, subscriberCount = 0

2024-07-08 14:38:58,427 INFO toNotifyTaskSize = 0

2024-07-08 14:38:58,428 INFO toClientNotifyTaskSize = 0

2024-07-08 14:39:08,319 INFO [long-pulling] client count 0

2024-07-08 14:39:08,443 INFO groupCount = 0, subscriberClientCount = 0, subscriberCount = 0

2024-07-08 14:39:08,443 INFO toNotifyTaskSize = 0

2024-07-08 14:39:08,443 INFO toClientNotifyTaskSize = 0

2024-07-08 14:39:18,331 INFO [long-pulling] client count 0

2024-07-08 14:39:18,456 INFO toNotifyTaskSize = 0

2024-07-08 14:39:18,456 INFO groupCount = 0, subscriberClientCount = 0, subscriberCount = 0

2024-07-08 14:39:18,456 INFO toClientNotifyTaskSize = 0

2024-07-08 14:39:28,347 INFO [long-pulling] client count 0

2024-07-08 14:39:28,456 INFO toNotifyTaskSize = 0

2024-07-08 14:39:28,456 INFO toClientNotifyTaskSize = 0

2024-07-08 14:39:28,456 INFO groupCount = 0, subscriberClientCount = 0, subscriberCount = 0

2024-07-08 14:39:38,359 INFO [long-pulling] client count 0

2024-07-08 14:39:38,465 INFO toNotifyTaskSize = 0

2024-07-08 14:39:38,465 INFO groupCount = 0, subscriberClientCount = 0, subscriberCount = 0

2024-07-08 14:39:38,465 INFO toClientNotifyTaskSize = 0

2024-07-08 14:39:48,371 INFO [long-pulling] client count 0

2024-07-08 14:39:48,466 INFO toNotifyTaskSize = 0

2024-07-08 14:39:48,466 INFO toClientNotifyTaskSize = 0

2024-07-08 14:39:48,466 INFO groupCount = 0, subscriberClientCount = 0, subscriberCount = 0

2024-07-08 14:39:58,375 INFO [long-pulling] client count 0

2024-07-08 14:39:58,468 INFO toNotifyTaskSize = 0

2024-07-08 14:39:58,468 INFO toClientNotifyTaskSize = 0

2024-07-08 14:39:58,468 INFO groupCount = 0, subscriberClientCount = 0, subscriberCount = 0

2024-07-08 14:40:08,385 INFO [long-pulling] client count 0

2024-07-08 14:40:08,478 INFO toNotifyTaskSize = 0

2024-07-08 14:40:08,478 INFO groupCount = 0, subscriberClientCount = 0, subscriberCount = 0

2024-07-08 14:40:08,478 INFO toClientNotifyTaskSize = 0

2024-07-08 14:40:18,386 INFO [long-pulling] client count 0

2024-07-08 14:40:18,493 INFO toNotifyTaskSize = 0

2024-07-08 14:40:18,493 INFO toClientNotifyTaskSize = 0

2024-07-08 14:40:18,493 INFO groupCount = 0, subscriberClientCount = 0, subscriberCount = 0

2024-07-08 14:40:28,389 INFO [long-pulling] client count 0

2024-07-08 14:40:28,498 INFO groupCount = 0, subscriberClientCount = 0, subscriberCount = 0

2024-07-08 14:40:28,498 INFO toNotifyTaskSize = 0

2024-07-08 14:40:28,498 INFO toClientNotifyTaskSize = 0

2024-07-08 14:40:38,400 INFO [long-pulling] client count 0

2024-07-08 14:40:38,508 INFO groupCount = 0, subscriberClientCount = 0, subscriberCount = 0

2024-07-08 14:40:38,508 INFO toNotifyTaskSize = 0

2024-07-08 14:40:38,508 INFO toClientNotifyTaskSize = 0

2024-07-08 14:40:48,414 INFO [long-pulling] client count 0

2024-07-08 14:40:48,524 INFO toNotifyTaskSize = 0

2024-07-08 14:40:48,524 INFO toClientNotifyTaskSize = 0

2024-07-08 14:40:48,524 INFO groupCount = 0, subscriberClientCount = 0, subscriberCount = 0

2024-07-08 14:40:58,415 INFO [long-pulling] client count 0

2024-07-08 14:40:58,540 INFO groupCount = 0, subscriberClientCount = 0, subscriberCount = 0

2024-07-08 14:40:58,540 INFO toNotifyTaskSize = 0

2024-07-08 14:40:58,540 INFO toClientNotifyTaskSize = 0

2024-07-08 14:41:08,419 INFO [long-pulling] client count 0

2024-07-08 14:41:08,544 INFO toNotifyTaskSize = 0

2024-07-08 14:41:08,544 INFO groupCount = 0, subscriberClientCount = 0, subscriberCount = 0

2024-07-08 14:41:08,544 INFO toClientNotifyTaskSize = 0

2024-07-08 14:41:18,423 INFO [long-pulling] client count 0

2024-07-08 14:41:18,548 INFO toNotifyTaskSize = 0

2024-07-08 14:41:18,548 INFO toClientNotifyTaskSize = 0

2024-07-08 14:41:18,548 INFO groupCount = 0, subscriberClientCount = 0, subscriberCount = 0

2024-07-08 14:41:28,431 INFO [long-pulling] client count 0

2024-07-08 14:41:28,555 INFO toNotifyTaskSize = 0

2024-07-08 14:41:28,555 INFO toClientNotifyTaskSize = 0

2024-07-08 14:41:28,555 INFO groupCount = 0, subscriberClientCount = 0, subscriberCount = 0

2024-07-08 14:41:38,443 INFO [long-pulling] client count 0

2024-07-08 14:41:38,568 INFO toNotifyTaskSize = 0

2024-07-08 14:41:38,568 INFO toClientNotifyTaskSize = 0

2024-07-08 14:41:38,568 INFO groupCount = 0, subscriberClientCount = 0, subscriberCount = 0

2024-07-08 14:41:48,456 INFO [long-pulling] client count 0

2024-07-08 14:41:48,581 INFO groupCount = 0, subscriberClientCount = 0, subscriberCount = 0

2024-07-08 14:41:48,582 INFO toNotifyTaskSize = 0

2024-07-08 14:41:48,582 INFO toClientNotifyTaskSize = 0

2024-07-08 14:41:58,461 INFO [long-pulling] client count 0

2024-07-08 14:41:58,588 INFO toNotifyTaskSize = 0

2024-07-08 14:41:58,588 INFO toClientNotifyTaskSize = 0

2024-07-08 14:41:58,588 INFO groupCount = 0, subscriberClientCount = 0, subscriberCount = 0

2024-07-08 14:42:08,466 INFO [long-pulling] client count 0

2024-07-08 14:42:08,591 INFO toNotifyTaskSize = 0

2024-07-08 14:42:08,591 INFO groupCount = 0, subscriberClientCount = 0, subscriberCount = 0

2024-07-08 14:42:08,591 INFO toClientNotifyTaskSize = 0

2024-07-08 14:42:18,477 INFO [long-pulling] client count 0

2024-07-08 14:42:18,601 INFO toNotifyTaskSize = 0

2024-07-08 14:42:18,601 INFO toClientNotifyTaskSize = 0

2024-07-08 14:42:18,601 INFO groupCount = 0, subscriberClientCount = 0, subscriberCount = 0

2024-07-08 14:42:28,489 INFO [long-pulling] client count 0

2024-07-08 14:42:28,613 INFO groupCount = 0, subscriberClientCount = 0, subscriberCount = 0

2024-07-08 14:42:28,613 INFO toNotifyTaskSize = 0

2024-07-08 14:42:28,613 INFO toClientNotifyTaskSize = 0

2024-07-08 14:42:38,522 INFO [long-pulling] client count 0

2024-07-08 14:42:38,615 INFO toNotifyTaskSize = 0

2024-07-08 14:42:38,615 INFO toClientNotifyTaskSize = 0

2024-07-08 14:42:38,615 INFO groupCount = 0, subscriberClientCount = 0, subscriberCount = 0

2024-07-08 14:42:48,525 INFO [long-pulling] client count 0

2024-07-08 14:42:48,619 INFO toNotifyTaskSize = 0

2024-07-08 14:42:48,619 INFO toClientNotifyTaskSize = 0

2024-07-08 14:42:48,619 INFO groupCount = 0, subscriberClientCount = 0, subscriberCount = 0

2024-07-08 14:42:58,531 INFO [long-pulling] client count 0

2024-07-08 14:42:58,625 INFO toNotifyTaskSize = 0

2024-07-08 14:42:58,625 INFO toClientNotifyTaskSize = 0

2024-07-08 14:42:58,625 INFO groupCount = 0, subscriberClientCount = 0, subscriberCount = 0

2024-07-08 14:43:08,534 INFO [long-pulling] client count 0

2024-07-08 14:43:08,627 INFO toNotifyTaskSize = 0

2024-07-08 14:43:08,627 INFO toClientNotifyTaskSize = 0

2024-07-08 14:43:08,627 INFO groupCount = 0, subscriberClientCount = 0, subscriberCount = 0

2024-07-08 14:43:18,537 INFO [long-pulling] client count 0

2024-07-08 14:43:18,630 INFO toNotifyTaskSize = 0

2024-07-08 14:43:18,630 INFO toClientNotifyTaskSize = 0

2024-07-08 14:43:18,630 INFO groupCount = 0, subscriberClientCount = 0, subscriberCount = 0

2024-07-08 14:43:28,543 INFO [long-pulling] client count 0

2024-07-08 14:43:28,636 INFO toNotifyTaskSize = 0

2024-07-08 14:43:28,636 INFO groupCount = 0, subscriberClientCount = 0, subscriberCount = 0

2024-07-08 14:43:28,636 INFO toClientNotifyTaskSize = 0

2024-07-08 14:43:38,554 INFO [long-pulling] client count 0

2024-07-08 14:43:38,648 INFO groupCount = 0, subscriberClientCount = 0, subscriberCount = 0

2024-07-08 14:43:38,648 INFO toNotifyTaskSize = 0

2024-07-08 14:43:38,648 INFO toClientNotifyTaskSize = 0

2024-07-08 14:43:48,561 INFO [long-pulling] client count 0

2024-07-08 14:43:48,653 INFO groupCount = 0, subscriberClientCount = 0, subscriberCount = 0

2024-07-08 14:43:48,653 INFO toNotifyTaskSize = 0

2024-07-08 14:43:48,653 INFO toClientNotifyTaskSize = 0

2024-07-08 14:43:58,573 INFO [long-pulling] client count 0

2024-07-08 14:43:58,668 INFO groupCount = 0, subscriberClientCount = 0, subscriberCount = 0

2024-07-08 14:43:58,668 INFO toNotifyTaskSize = 0

2024-07-08 14:43:58,668 INFO toClientNotifyTaskSize = 0

2024-07-08 14:44:08,575 INFO [long-pulling] client count 0

2024-07-08 14:44:08,684 INFO groupCount = 0, subscriberClientCount = 0, subscriberCount = 0

2024-07-08 14:44:08,684 INFO toNotifyTaskSize = 0

2024-07-08 14:44:08,684 INFO toClientNotifyTaskSize = 0

2024-07-08 14:44:18,581 INFO [long-pulling] client count 0

2024-07-08 14:44:18,691 INFO toNotifyTaskSize = 0

2024-07-08 14:44:18,692 INFO toClientNotifyTaskSize = 0

2024-07-08 14:44:18,691 INFO groupCount = 0, subscriberClientCount = 0, subscriberCount = 0

2024-07-08 14:44:28,589 INFO [long-pulling] client count 0

2024-07-08 14:44:28,698 INFO toNotifyTaskSize = 0

2024-07-08 14:44:28,698 INFO toClientNotifyTaskSize = 0

2024-07-08 14:44:28,698 INFO groupCount = 0, subscriberClientCount = 0, subscriberCount = 0

2024-07-08 14:44:38,600 INFO [long-pulling] client count 0

2024-07-08 14:44:38,711 INFO toNotifyTaskSize = 0

2024-07-08 14:44:38,711 INFO groupCount = 0, subscriberClientCount = 0, subscriberCount = 0

2024-07-08 14:44:38,711 INFO toClientNotifyTaskSize = 0

2024-07-08 14:44:48,607 INFO [long-pulling] client count 0

2024-07-08 14:44:48,722 INFO groupCount = 0, subscriberClientCount = 0, subscriberCount = 0

2024-07-08 14:44:48,723 INFO toNotifyTaskSize = 0

2024-07-08 14:44:48,723 INFO toClientNotifyTaskSize = 0

2024-07-08 14:44:58,616 INFO [long-pulling] client count 0

2024-07-08 14:44:58,726 INFO groupCount = 0, subscriberClientCount = 0, subscriberCount = 0

2024-07-08 14:44:58,726 INFO toNotifyTaskSize = 0

2024-07-08 14:44:58,726 INFO toClientNotifyTaskSize = 0

2024-07-08 14:45:08,622 INFO [long-pulling] client count 0

2024-07-08 14:45:08,731 INFO toNotifyTaskSize = 0

2024-07-08 14:45:08,731 INFO toClientNotifyTaskSize = 0

2024-07-08 14:45:08,731 INFO groupCount = 0, subscriberClientCount = 0, subscriberCount = 0

2024-07-08 14:45:18,638 INFO [long-pulling] client count 0

2024-07-08 14:45:18,747 INFO toNotifyTaskSize = 0

2024-07-08 14:45:18,747 INFO groupCount = 0, subscriberClientCount = 0, subscriberCount = 0

2024-07-08 14:45:18,747 INFO toClientNotifyTaskSize = 0

2024-07-08 14:45:28,639 INFO [long-pulling] client count 0

2024-07-08 14:45:28,748 INFO groupCount = 0, subscriberClientCount = 0, subscriberCount = 0

2024-07-08 14:45:28,748 INFO toNotifyTaskSize = 0

2024-07-08 14:45:28,748 INFO toClientNotifyTaskSize = 0

2024-07-08 14:45:38,647 INFO [long-pulling] client count 0

2024-07-08 14:45:38,757 INFO toNotifyTaskSize = 0

2024-07-08 14:45:38,757 INFO groupCount = 0, subscriberClientCount = 0, subscriberCount = 0

2024-07-08 14:45:38,757 INFO toClientNotifyTaskSize = 0

2024-07-08 14:45:48,650 INFO [long-pulling] client count 0

2024-07-08 14:45:48,759 INFO groupCount = 0, subscriberClientCount = 0, subscriberCount = 0

2024-07-08 14:45:48,759 INFO toNotifyTaskSize = 0

2024-07-08 14:45:48,759 INFO toClientNotifyTaskSize = 0

2024-07-08 14:45:58,663 INFO [long-pulling] client count 0

2024-07-08 14:45:58,772 INFO groupCount = 0, subscriberClientCount = 0, subscriberCount = 0

2024-07-08 14:45:58,772 INFO toNotifyTaskSize = 0

2024-07-08 14:45:58,772 INFO toClientNotifyTaskSize = 0

2024-07-08 14:46:08,669 INFO [long-pulling] client count 0

2024-07-08 14:46:08,775 INFO groupCount = 0, subscriberClientCount = 0, subscriberCount = 0

2024-07-08 14:46:08,775 INFO toNotifyTaskSize = 0

2024-07-08 14:46:08,775 INFO toClientNotifyTaskSize = 0

2024-07-08 14:46:18,681 INFO [long-pulling] client count 0

2024-07-08 14:46:18,775 INFO groupCount = 0, subscriberClientCount = 0, subscriberCount = 0

2024-07-08 14:46:18,775 INFO toNotifyTaskSize = 0

2024-07-08 14:46:18,775 INFO toClientNotifyTaskSize = 0

2024-07-08 14:46:28,686 INFO [long-pulling] client count 0

2024-07-08 14:46:28,780 INFO groupCount = 0, subscriberClientCount = 0, subscriberCount = 0

2024-07-08 14:46:28,780 INFO toNotifyTaskSize = 0

2024-07-08 14:46:28,780 INFO toClientNotifyTaskSize = 0

2024-07-08 14:46:38,690 INFO [long-pulling] client count 0

2024-07-08 14:46:38,783 INFO toNotifyTaskSize = 0

2024-07-08 14:46:38,783 INFO groupCount = 0, subscriberClientCount = 0, subscriberCount = 0

2024-07-08 14:46:38,783 INFO toClientNotifyTaskSize = 0

2024-07-08 14:46:48,695 INFO [long-pulling] client count 0

2024-07-08 14:46:48,785 INFO groupCount = 0, subscriberClientCount = 0, subscriberCount = 0

2024-07-08 14:46:48,785 INFO toNotifyTaskSize = 0

2024-07-08 14:46:48,785 INFO toClientNotifyTaskSize = 0

2024-07-08 14:46:58,704 INFO [long-pulling] client count 0

2024-07-08 14:46:58,797 INFO groupCount = 0, subscriberClientCount = 0, subscriberCount = 0

2024-07-08 14:46:58,797 INFO toNotifyTaskSize = 0

2024-07-08 14:46:58,797 INFO toClientNotifyTaskSize = 0

2024-07-08 14:47:08,715 INFO [long-pulling] client count 0

2024-07-08 14:47:08,805 INFO groupCount = 0, subscriberClientCount = 0, subscriberCount = 0

2024-07-08 14:47:08,805 INFO toNotifyTaskSize = 0

2024-07-08 14:47:08,805 INFO toClientNotifyTaskSize = 0

2024-07-08 14:47:18,721 INFO [long-pulling] client count 0

2024-07-08 14:47:18,816 INFO toNotifyTaskSize = 0

2024-07-08 14:47:18,816 INFO toClientNotifyTaskSize = 0

2024-07-08 14:47:18,816 INFO groupCount = 0, subscriberClientCount = 0, subscriberCount = 0

2024-07-08 14:47:28,724 INFO [long-pulling] client count 0

2024-07-08 14:47:28,821 INFO toNotifyTaskSize = 0

2024-07-08 14:47:28,821 INFO toClientNotifyTaskSize = 0

2024-07-08 14:47:28,821 INFO groupCount = 0, subscriberClientCount = 0, subscriberCount = 0

2024-07-08 14:47:38,736 INFO [long-pulling] client count 0

2024-07-08 14:47:38,832 INFO toNotifyTaskSize = 0

2024-07-08 14:47:38,832 INFO toClientNotifyTaskSize = 0

2024-07-08 14:47:38,832 INFO groupCount = 0, subscriberClientCount = 0, subscriberCount = 0

2024-07-08 14:47:48,743 INFO [long-pulling] client count 0

2024-07-08 14:47:48,836 INFO groupCount = 0, subscriberClientCount = 0, subscriberCount = 0

2024-07-08 14:47:48,836 INFO toNotifyTaskSize = 0

2024-07-08 14:47:48,836 INFO toClientNotifyTaskSize = 0

2024-07-08 14:47:58,754 INFO [long-pulling] client count 0

2024-07-08 14:47:58,847 INFO groupCount = 0, subscriberClientCount = 0, subscriberCount = 0

2024-07-08 14:47:58,847 INFO toNotifyTaskSize = 0

2024-07-08 14:47:58,847 INFO toClientNotifyTaskSize = 0

2024-07-08 14:48:08,755 INFO [long-pulling] client count 0

2024-07-08 14:48:08,849 INFO groupCount = 0, subscriberClientCount = 0, subscriberCount = 0

2024-07-08 14:48:08,849 INFO toNotifyTaskSize = 0

2024-07-08 14:48:08,849 INFO toClientNotifyTaskSize = 0

2024-07-08 14:48:18,758 INFO [long-pulling] client count 0

2024-07-08 14:48:18,852 INFO groupCount = 0, subscriberClientCount = 0, subscriberCount = 0

2024-07-08 14:48:18,852 INFO toNotifyTaskSize = 0

2024-07-08 14:48:18,852 INFO toClientNotifyTaskSize = 0

2024-07-08 14:48:28,763 INFO [long-pulling] client count 0

2024-07-08 14:48:28,859 INFO toNotifyTaskSize = 0

2024-07-08 14:48:28,859 INFO toClientNotifyTaskSize = 0

2024-07-08 14:48:28,859 INFO groupCount = 0, subscriberClientCount = 0, subscriberCount = 0

2024-07-08 14:48:38,771 INFO [long-pulling] client count 0

2024-07-08 14:48:38,869 INFO toNotifyTaskSize = 0

2024-07-08 14:48:38,869 INFO toClientNotifyTaskSize = 0

2024-07-08 14:48:38,869 INFO groupCount = 0, subscriberClientCount = 0, subscriberCount = 0

2024-07-08 14:48:48,785 INFO [long-pulling] client count 0

2024-07-08 14:48:48,880 INFO toNotifyTaskSize = 0

2024-07-08 14:48:48,880 INFO toClientNotifyTaskSize = 0

2024-07-08 14:48:48,880 INFO groupCount = 0, subscriberClientCount = 0, subscriberCount = 0

2024-07-08 14:48:58,797 INFO [long-pulling] client count 0

2024-07-08 14:48:58,891 INFO groupCount = 0, subscriberClientCount = 0, subscriberCount = 0

2024-07-08 14:48:58,891 INFO toNotifyTaskSize = 0

2024-07-08 14:48:58,891 INFO toClientNotifyTaskSize = 0

2024-07-08 14:49:08,798 INFO [long-pulling] client count 0

2024-07-08 14:49:08,893 INFO toNotifyTaskSize = 0

2024-07-08 14:49:08,893 INFO toClientNotifyTaskSize = 0

2024-07-08 14:49:08,893 INFO groupCount = 0, subscriberClientCount = 0, subscriberCount = 0

2024-07-08 14:49:18,805 INFO [long-pulling] client count 0

2024-07-08 14:49:18,900 INFO toNotifyTaskSize = 0

2024-07-08 14:49:18,900 INFO toClientNotifyTaskSize = 0

2024-07-08 14:49:18,900 INFO groupCount = 0, subscriberClientCount = 0, subscriberCount = 0

2024-07-08 14:49:28,808 INFO [long-pulling] client count 0

2024-07-08 14:49:28,903 INFO toNotifyTaskSize = 0

2024-07-08 14:49:28,903 INFO groupCount = 0, subscriberClientCount = 0, subscriberCount = 0

2024-07-08 14:49:28,903 INFO toClientNotifyTaskSize = 0

2024-07-08 14:49:38,815 INFO [long-pulling] client count 0

2024-07-08 14:49:38,910 INFO groupCount = 0, subscriberClientCount = 0, subscriberCount = 0

2024-07-08 14:49:38,910 INFO toNotifyTaskSize = 0

2024-07-08 14:49:38,910 INFO toClientNotifyTaskSize = 0

2024-07-08 14:49:48,817 INFO [long-pulling] client count 0

2024-07-08 14:49:48,913 INFO groupCount = 0, subscriberClientCount = 0, subscriberCount = 0

2024-07-08 14:49:48,913 INFO toNotifyTaskSize = 0

2024-07-08 14:49:48,913 INFO toClientNotifyTaskSize = 0

2024-07-08 14:49:58,830 INFO [long-pulling] client count 0

2024-07-08 14:49:58,923 INFO groupCount = 0, subscriberClientCount = 0, subscriberCount = 0

2024-07-08 14:49:58,923 INFO toNotifyTaskSize = 0

2024-07-08 14:49:58,923 INFO toClientNotifyTaskSize = 0

2024-07-08 14:50:08,836 INFO [long-pulling] client count 0

2024-07-08 14:50:08,932 INFO groupCount = 0, subscriberClientCount = 0, subscriberCount = 0

2024-07-08 14:50:08,932 INFO toNotifyTaskSize = 0

2024-07-08 14:50:08,932 INFO toClientNotifyTaskSize = 0

2024-07-08 14:50:18,846 INFO [long-pulling] client count 0

2024-07-08 14:50:18,941 INFO groupCount = 0, subscriberClientCount = 0, subscriberCount = 0

2024-07-08 14:50:18,941 INFO toNotifyTaskSize = 0

2024-07-08 14:50:18,941 INFO toClientNotifyTaskSize = 0

2024-07-08 14:50:28,857 INFO [long-pulling] client count 0

2024-07-08 14:50:28,949 INFO toNotifyTaskSize = 0

2024-07-08 14:50:28,949 INFO groupCount = 0, subscriberClientCount = 0, subscriberCount = 0

2024-07-08 14:50:28,949 INFO toClientNotifyTaskSize = 0

2024-07-08 14:50:38,865 INFO [long-pulling] client count 0

2024-07-08 14:50:38,961 INFO toNotifyTaskSize = 0

2024-07-08 14:50:38,961 INFO toClientNotifyTaskSize = 0

2024-07-08 14:50:38,961 INFO groupCount = 0, subscriberClientCount = 0, subscriberCount = 0

2024-07-08 14:50:48,875 INFO [long-pulling] client count 0

2024-07-08 14:50:48,969 INFO groupCount = 0, subscriberClientCount = 0, subscriberCount = 0

2024-07-08 14:50:48,969 INFO toNotifyTaskSize = 0

2024-07-08 14:50:48,969 INFO toClientNotifyTaskSize = 0

2024-07-08 14:50:58,887 INFO [long-pulling] client count 0

2024-07-08 14:50:58,983 INFO toNotifyTaskSize = 0

2024-07-08 14:50:58,983 INFO groupCount = 0, subscriberClientCount = 0, subscriberCount = 0

2024-07-08 14:50:58,983 INFO toClientNotifyTaskSize = 0

2024-07-08 14:51:08,889 INFO [long-pulling] client count 0

2024-07-08 14:51:08,998 INFO toNotifyTaskSize = 0

2024-07-08 14:51:08,998 INFO toClientNotifyTaskSize = 0

2024-07-08 14:51:08,998 INFO groupCount = 0, subscriberClientCount = 0, subscriberCount = 0

2024-07-08 14:51:18,904 INFO [long-pulling] client count 0

2024-07-08 14:51:18,998 INFO toNotifyTaskSize = 0

2024-07-08 14:51:18,998 INFO toClientNotifyTaskSize = 0

2024-07-08 14:51:18,998 INFO groupCount = 0, subscriberClientCount = 0, subscriberCount = 0

2024-07-08 14:51:28,918 INFO [long-pulling] client count 0

2024-07-08 14:51:29,013 INFO groupCount = 0, subscriberClientCount = 0, subscriberCount = 0

2024-07-08 14:51:29,013 INFO toNotifyTaskSize = 0

2024-07-08 14:51:29,013 INFO toClientNotifyTaskSize = 0

2024-07-08 14:51:38,921 INFO [long-pulling] client count 0

2024-07-08 14:51:39,016 INFO toNotifyTaskSize = 0

2024-07-08 14:51:39,016 INFO toClientNotifyTaskSize = 0

2024-07-08 14:51:39,017 INFO groupCount = 0, subscriberClientCount = 0, subscriberCount = 0

2024-07-08 14:51:48,929 INFO [long-pulling] client count 0

2024-07-08 14:51:49,022 INFO groupCount = 0, subscriberClientCount = 0, subscriberCount = 0

2024-07-08 14:51:49,022 INFO toNotifyTaskSize = 0

2024-07-08 14:51:49,022 INFO toClientNotifyTaskSize = 0

2024-07-08 14:51:58,929 INFO [long-pulling] client count 0

2024-07-08 14:51:59,038 INFO toNotifyTaskSize = 0

2024-07-08 14:51:59,038 INFO toClientNotifyTaskSize = 0

2024-07-08 14:51:59,038 INFO groupCount = 0, subscriberClientCount = 0, subscriberCount = 0

2024-07-08 14:52:08,935 INFO [long-pulling] client count 0

2024-07-08 14:52:09,044 INFO groupCount = 0, subscriberClientCount = 0, subscriberCount = 0

2024-07-08 14:52:09,044 INFO toNotifyTaskSize = 0

2024-07-08 14:52:09,044 INFO toClientNotifyTaskSize = 0

2024-07-08 14:52:18,946 INFO [long-pulling] client count 0

2024-07-08 14:52:19,056 INFO groupCount = 0, subscriberClientCount = 0, subscriberCount = 0

2024-07-08 14:52:19,056 INFO toNotifyTaskSize = 0

2024-07-08 14:52:19,056 INFO toClientNotifyTaskSize = 0

2024-07-08 14:52:28,960 INFO [long-pulling] client count 0

2024-07-08 14:52:29,070 INFO toNotifyTaskSize = 0

2024-07-08 14:52:29,070 INFO groupCount = 0, subscriberClientCount = 0, subscriberCount = 0

2024-07-08 14:52:29,070 INFO toClientNotifyTaskSize = 0

2024-07-08 14:52:38,976 INFO [long-pulling] client count 0

2024-07-08 14:52:39,083 INFO groupCount = 0, subscriberClientCount = 0, subscriberCount = 0

2024-07-08 14:52:39,083 INFO toNotifyTaskSize = 0

2024-07-08 14:52:39,083 INFO toClientNotifyTaskSize = 0

2024-07-08 14:52:48,981 INFO [long-pulling] client count 0

2024-07-08 14:52:49,091 INFO groupCount = 0, subscriberClientCount = 0, subscriberCount = 0

2024-07-08 14:52:49,091 INFO toNotifyTaskSize = 0

2024-07-08 14:52:49,091 INFO toClientNotifyTaskSize = 0

2024-07-08 14:52:58,987 INFO [long-pulling] client count 0

2024-07-08 14:52:59,096 INFO toNotifyTaskSize = 0

2024-07-08 14:52:59,096 INFO toClientNotifyTaskSize = 0

2024-07-08 14:52:59,096 INFO groupCount = 0, subscriberClientCount = 0, subscriberCount = 0

2024-07-08 14:53:09,005 INFO [long-pulling] client count 0

2024-07-08 14:53:09,112 INFO toNotifyTaskSize = 0

2024-07-08 14:53:09,112 INFO toClientNotifyTaskSize = 0

2024-07-08 14:53:09,112 INFO groupCount = 0, subscriberClientCount = 0, subscriberCount = 0

2024-07-08 14:53:19,011 INFO [long-pulling] client count 0

2024-07-08 14:53:19,112 INFO toNotifyTaskSize = 0

2024-07-08 14:53:19,112 INFO groupCount = 0, subscriberClientCount = 0, subscriberCount = 0

2024-07-08 14:53:19,112 INFO toClientNotifyTaskSize = 0

2024-07-08 14:53:29,020 INFO [long-pulling] client count 0

2024-07-08 14:53:29,114 INFO toNotifyTaskSize = 0

2024-07-08 14:53:29,114 INFO groupCount = 0, subscriberClientCount = 0, subscriberCount = 0

2024-07-08 14:53:29,114 INFO toClientNotifyTaskSize = 0

2024-07-08 14:53:39,026 INFO [long-pulling] client count 0

2024-07-08 14:53:39,119 INFO toNotifyTaskSize = 0

2024-07-08 14:53:39,119 INFO toClientNotifyTaskSize = 0

2024-07-08 14:53:39,119 INFO groupCount = 0, subscriberClientCount = 0, subscriberCount = 0

2024-07-08 14:53:49,040 INFO [long-pulling] client count 0

2024-07-08 14:53:49,134 INFO groupCount = 0, subscriberClientCount = 0, subscriberCount = 0

2024-07-08 14:53:49,134 INFO toNotifyTaskSize = 0

2024-07-08 14:53:49,134 INFO toClientNotifyTaskSize = 0

2024-07-08 14:53:59,048 INFO [long-pulling] client count 0

2024-07-08 14:53:59,142 INFO groupCount = 0, subscriberClientCount = 0, subscriberCount = 0

2024-07-08 14:53:59,142 INFO toNotifyTaskSize = 0

2024-07-08 14:53:59,142 INFO toClientNotifyTaskSize = 0

2024-07-08 14:54:09,055 INFO [long-pulling] client count 0

2024-07-08 14:54:09,148 INFO toNotifyTaskSize = 0

2024-07-08 14:54:09,148 INFO groupCount = 0, subscriberClientCount = 0, subscriberCount = 0

2024-07-08 14:54:09,148 INFO toClientNotifyTaskSize = 0

2024-07-08 14:54:19,059 INFO [long-pulling] client count 0

2024-07-08 14:54:19,152 INFO toNotifyTaskSize = 0

2024-07-08 14:54:19,152 INFO groupCount = 0, subscriberClientCount = 0, subscriberCount = 0

2024-07-08 14:54:19,152 INFO toClientNotifyTaskSize = 0

2024-07-08 14:54:29,068 INFO [long-pulling] client count 0

2024-07-08 14:54:29,161 INFO toNotifyTaskSize = 0

2024-07-08 14:54:29,161 INFO toClientNotifyTaskSize = 0

2024-07-08 14:54:29,161 INFO groupCount = 0, subscriberClientCount = 0, subscriberCount = 0

2024-07-08 14:54:39,081 INFO [long-pulling] client count 0

2024-07-08 14:54:39,173 INFO toNotifyTaskSize = 0

2024-07-08 14:54:39,173 INFO toClientNotifyTaskSize = 0

2024-07-08 14:54:39,173 INFO groupCount = 0, subscriberClientCount = 0, subscriberCount = 0

2024-07-08 14:54:49,084 INFO [long-pulling] client count 0

2024-07-08 14:54:49,177 INFO groupCount = 0, subscriberClientCount = 0, subscriberCount = 0

2024-07-08 14:54:49,177 INFO toNotifyTaskSize = 0

2024-07-08 14:54:49,177 INFO toClientNotifyTaskSize = 0

2024-07-08 14:54:59,087 INFO [long-pulling] client count 0

2024-07-08 14:54:59,181 INFO groupCount = 0, subscriberClientCount = 0, subscriberCount = 0

2024-07-08 14:54:59,181 INFO toNotifyTaskSize = 0

2024-07-08 14:54:59,181 INFO toClientNotifyTaskSize = 0

2024-07-08 14:55:09,093 INFO [long-pulling] client count 0

2024-07-08 14:55:09,186 INFO groupCount = 0, subscriberClientCount = 0, subscriberCount = 0

2024-07-08 14:55:09,186 INFO toNotifyTaskSize = 0

2024-07-08 14:55:09,186 INFO toClientNotifyTaskSize = 0

2024-07-08 14:55:19,097 INFO [long-pulling] client count 0

2024-07-08 14:55:19,190 INFO toNotifyTaskSize = 0

2024-07-08 14:55:19,190 INFO toClientNotifyTaskSize = 0

2024-07-08 14:55:19,190 INFO groupCount = 0, subscriberClientCount = 0, subscriberCount = 0

2024-07-08 14:55:29,103 INFO [long-pulling] client count 0

2024-07-08 14:55:29,195 INFO toNotifyTaskSize = 0

2024-07-08 14:55:29,195 INFO toClientNotifyTaskSize = 0

2024-07-08 14:55:29,195 INFO groupCount = 0, subscriberClientCount = 0, subscriberCount = 0

2024-07-08 14:55:39,111 INFO [long-pulling] client count 0

2024-07-08 14:55:39,204 INFO groupCount = 0, subscriberClientCount = 0, subscriberCount = 0

2024-07-08 14:55:39,204 INFO toNotifyTaskSize = 0

2024-07-08 14:55:39,204 INFO toClientNotifyTaskSize = 0

2024-07-08 14:55:49,123 INFO [long-pulling] client count 0

2024-07-08 14:55:49,216 INFO toNotifyTaskSize = 0

2024-07-08 14:55:49,216 INFO groupCount = 0, subscriberClientCount = 0, subscriberCount = 0

2024-07-08 14:55:49,216 INFO toClientNotifyTaskSize = 0

2024-07-08 14:55:59,128 INFO [long-pulling] client count 0

2024-07-08 14:55:59,222 INFO groupCount = 0, subscriberClientCount = 0, subscriberCount = 0

2024-07-08 14:55:59,222 INFO toNotifyTaskSize = 0

2024-07-08 14:55:59,222 INFO toClientNotifyTaskSize = 0

2024-07-08 14:56:09,134 INFO [long-pulling] client count 0

2024-07-08 14:56:09,229 INFO groupCount = 0, subscriberClientCount = 0, subscriberCount = 0

2024-07-08 14:56:09,229 INFO toNotifyTaskSize = 0

2024-07-08 14:56:09,229 INFO toClientNotifyTaskSize = 0

2024-07-08 14:56:19,136 INFO [long-pulling] client count 0

2024-07-08 14:56:19,243 INFO groupCount = 0, subscriberClientCount = 0, subscriberCount = 0

2024-07-08 14:56:19,243 INFO toNotifyTaskSize = 0

2024-07-08 14:56:19,243 INFO toClientNotifyTaskSize = 0

2024-07-08 14:56:29,151 INFO [long-pulling] client count 0

2024-07-08 14:56:29,247 INFO toNotifyTaskSize = 0

2024-07-08 14:56:29,247 INFO toClientNotifyTaskSize = 0

2024-07-08 14:56:29,247 INFO groupCount = 0, subscriberClientCount = 0, subscriberCount = 0

2024-07-08 14:56:39,165 INFO [long-pulling] client count 0

2024-07-08 14:56:39,258 INFO toNotifyTaskSize = 0

2024-07-08 14:56:39,258 INFO groupCount = 0, subscriberClientCount = 0, subscriberCount = 0

2024-07-08 14:56:39,258 INFO toClientNotifyTaskSize = 0

2024-07-08 14:56:49,165 INFO [long-pulling] client count 0

2024-07-08 14:56:49,258 INFO groupCount = 0, subscriberClientCount = 0, subscriberCount = 0

2024-07-08 14:56:49,258 INFO toNotifyTaskSize = 0

2024-07-08 14:56:49,258 INFO toClientNotifyTaskSize = 0

2024-07-08 14:56:59,173 INFO [long-pulling] client count 0

2024-07-08 14:56:59,268 INFO toNotifyTaskSize = 0

2024-07-08 14:56:59,268 INFO toClientNotifyTaskSize = 0

2024-07-08 14:56:59,268 INFO groupCount = 0, subscriberClientCount = 0, subscriberCount = 0

2024-07-08 14:57:09,179 INFO [long-pulling] client count 0

2024-07-08 14:57:09,271 INFO groupCount = 0, subscriberClientCount = 0, subscriberCount = 0

2024-07-08 14:57:09,271 INFO toNotifyTaskSize = 0

2024-07-08 14:57:09,271 INFO toClientNotifyTaskSize = 0

2024-07-08 14:57:19,185 INFO [long-pulling] client count 0

2024-07-08 14:57:19,281 INFO toNotifyTaskSize = 0

2024-07-08 14:57:19,281 INFO toClientNotifyTaskSize = 0

2024-07-08 14:57:19,281 INFO groupCount = 0, subscriberClientCount = 0, subscriberCount = 0

2024-07-08 14:57:29,198 INFO [long-pulling] client count 0

2024-07-08 14:57:29,292 INFO groupCount = 0, subscriberClientCount = 0, subscriberCount = 0

2024-07-08 14:57:29,292 INFO toNotifyTaskSize = 0

2024-07-08 14:57:29,292 INFO toClientNotifyTaskSize = 0

2024-07-08 14:57:39,198 INFO [long-pulling] client count 0

2024-07-08 14:57:39,306 INFO toNotifyTaskSize = 0

2024-07-08 14:57:39,306 INFO groupCount = 0, subscriberClientCount = 0, subscriberCount = 0

2024-07-08 14:57:39,306 INFO toClientNotifyTaskSize = 0

2024-07-08 14:57:49,204 INFO [long-pulling] client count 0

2024-07-08 14:57:49,315 INFO groupCount = 0, subscriberClientCount = 0, subscriberCount = 0

2024-07-08 14:57:49,315 INFO toNotifyTaskSize = 0

2024-07-08 14:57:49,315 INFO toClientNotifyTaskSize = 0

2024-07-08 14:57:59,217 INFO [long-pulling] client count 0

2024-07-08 14:57:59,324 INFO toNotifyTaskSize = 0

2024-07-08 14:57:59,324 INFO toClientNotifyTaskSize = 0

2024-07-08 14:57:59,324 INFO groupCount = 0, subscriberClientCount = 0, subscriberCount = 0

2024-07-08 14:58:09,232 INFO [long-pulling] client count 0

2024-07-08 14:58:09,328 INFO toNotifyTaskSize = 0

2024-07-08 14:58:09,328 INFO toClientNotifyTaskSize = 0

2024-07-08 14:58:09,328 INFO groupCount = 0, subscriberClientCount = 0, subscriberCount = 0

2024-07-08 14:58:19,247 INFO [long-pulling] client count 0

2024-07-08 14:58:19,340 INFO toNotifyTaskSize = 0

2024-07-08 14:58:19,340 INFO groupCount = 0, subscriberClientCount = 0, subscriberCount = 0

2024-07-08 14:58:19,340 INFO toClientNotifyTaskSize = 0

2024-07-08 14:58:29,261 INFO [long-pulling] client count 0

2024-07-08 14:58:29,354 INFO toNotifyTaskSize = 0

2024-07-08 14:58:29,354 INFO groupCount = 0, subscriberClientCount = 0, subscriberCount = 0

2024-07-08 14:58:29,354 INFO toClientNotifyTaskSize = 0

2024-07-08 14:58:39,261 INFO [long-pulling] client count 0

2024-07-08 14:58:39,355 INFO toNotifyTaskSize = 0

2024-07-08 14:58:39,355 INFO groupCount = 0, subscriberClientCount = 0, subscriberCount = 0

2024-07-08 14:58:39,355 INFO toClientNotifyTaskSize = 0

2024-07-08 14:58:49,277 INFO [long-pulling] client count 0

2024-07-08 14:58:49,369 INFO toNotifyTaskSize = 0

2024-07-08 14:58:49,369 INFO groupCount = 0, subscriberClientCount = 0, subscriberCount = 0

2024-07-08 14:58:49,369 INFO toClientNotifyTaskSize = 0

2024-07-08 14:58:59,284 INFO [long-pulling] client count 0

2024-07-08 14:58:59,379 INFO toNotifyTaskSize = 0

2024-07-08 14:58:59,379 INFO toClientNotifyTaskSize = 0

2024-07-08 14:58:59,378 INFO groupCount = 0, subscriberClientCount = 0, subscriberCount = 0

2024-07-08 14:59:09,299 INFO [long-pulling] client count 0

2024-07-08 14:59:09,391 INFO toNotifyTaskSize = 0

2024-07-08 14:59:09,393 INFO toClientNotifyTaskSize = 0

2024-07-08 14:59:09,393 INFO groupCount = 0, subscriberClientCount = 0, subscriberCount = 0

2024-07-08 14:59:19,308 INFO [long-pulling] client count 0

2024-07-08 14:59:19,401 INFO toNotifyTaskSize = 0

2024-07-08 14:59:19,401 INFO toClientNotifyTaskSize = 0

2024-07-08 14:59:19,401 INFO groupCount = 0, subscriberClientCount = 0, subscriberCount = 0

2024-07-08 14:59:29,317 INFO [long-pulling] client count 0

2024-07-08 14:59:29,411 INFO groupCount = 0, subscriberClientCount = 0, subscriberCount = 0

2024-07-08 14:59:29,411 INFO toNotifyTaskSize = 0

2024-07-08 14:59:29,411 INFO toClientNotifyTaskSize = 0

2024-07-08 14:59:39,328 INFO [long-pulling] client count 0

2024-07-08 14:59:39,421 INFO toNotifyTaskSize = 0

2024-07-08 14:59:39,421 INFO groupCount = 0, subscriberClientCount = 0, subscriberCount = 0

2024-07-08 14:59:39,421 INFO toClientNotifyTaskSize = 0

2024-07-08 14:59:49,341 INFO [long-pulling] client count 0

2024-07-08 14:59:49,422 INFO groupCount = 0, subscriberClientCount = 0, subscriberCount = 0

2024-07-08 14:59:49,422 INFO toNotifyTaskSize = 0

2024-07-08 14:59:49,422 INFO toClientNotifyTaskSize = 0

2024-07-08 14:59:59,343 INFO [long-pulling] client count 0

2024-07-08 14:59:59,437 INFO toNotifyTaskSize = 0

2024-07-08 14:59:59,437 INFO toClientNotifyTaskSize = 0

2024-07-08 14:59:59,437 INFO groupCount = 0, subscriberClientCount = 0, subscriberCount = 0

2024-07-08 15:00:09,356 INFO [long-pulling] client count 0

2024-07-08 15:00:09,451 INFO toNotifyTaskSize = 0

2024-07-08 15:00:09,451 INFO toClientNotifyTaskSize = 0

2024-07-08 15:00:09,451 INFO groupCount = 0, subscriberClientCount = 0, subscriberCount = 0

2024-07-08 15:00:19,359 INFO [long-pulling] client count 0

2024-07-08 15:00:19,452 INFO toNotifyTaskSize = 0

2024-07-08 15:00:19,452 INFO toClientNotifyTaskSize = 0

2024-07-08 15:00:19,452 INFO groupCount = 0, subscriberClientCount = 0, subscriberCount = 0

2024-07-08 15:00:29,362 INFO [long-pulling] client count 0

2024-07-08 15:00:29,455 INFO toNotifyTaskSize = 0

2024-07-08 15:00:29,455 INFO toClientNotifyTaskSize = 0

2024-07-08 15:00:29,455 INFO groupCount = 0, subscriberClientCount = 0, subscriberCount = 0

2024-07-08 15:00:39,374 INFO [long-pulling] client count 0

2024-07-08 15:00:39,469 INFO groupCount = 0, subscriberClientCount = 0, subscriberCount = 0

2024-07-08 15:00:39,469 INFO toNotifyTaskSize = 0

2024-07-08 15:00:39,469 INFO toClientNotifyTaskSize = 0

2024-07-08 15:00:49,376 INFO [long-pulling] client count 0

2024-07-08 15:00:49,470 INFO groupCount = 0, subscriberClientCount = 0, subscriberCount = 0

2024-07-08 15:00:49,470 INFO toNotifyTaskSize = 0

2024-07-08 15:00:49,470 INFO toClientNotifyTaskSize = 0

2024-07-08 15:00:59,378 INFO [long-pulling] client count 0

2024-07-08 15:00:59,473 INFO toNotifyTaskSize = 0

2024-07-08 15:00:59,473 INFO toClientNotifyTaskSize = 0

2024-07-08 15:00:59,473 INFO groupCount = 0, subscriberClientCount = 0, subscriberCount = 0

2024-07-08 15:01:09,390 INFO [long-pulling] client count 0

2024-07-08 15:01:09,484 INFO groupCount = 0, subscriberClientCount = 0, subscriberCount = 0

2024-07-08 15:01:09,484 INFO toNotifyTaskSize = 0

2024-07-08 15:01:09,484 INFO toClientNotifyTaskSize = 0

2024-07-08 15:01:19,406 INFO [long-pulling] client count 0

2024-07-08 15:01:19,499 INFO toNotifyTaskSize = 0

2024-07-08 15:01:19,499 INFO toClientNotifyTaskSize = 0

2024-07-08 15:01:19,499 INFO groupCount = 0, subscriberClientCount = 0, subscriberCount = 0

2024-07-08 15:01:29,413 INFO [long-pulling] client count 0

2024-07-08 15:01:29,506 INFO toNotifyTaskSize = 0

2024-07-08 15:01:29,506 INFO toClientNotifyTaskSize = 0

2024-07-08 15:01:29,506 INFO groupCount = 0, subscriberClientCount = 0, subscriberCount = 0

2024-07-08 15:01:39,428 INFO [long-pulling] client count 0

2024-07-08 15:01:39,521 INFO groupCount = 0, subscriberClientCount = 0, subscriberCount = 0

2024-07-08 15:01:39,521 INFO toNotifyTaskSize = 0

2024-07-08 15:01:39,521 INFO toClientNotifyTaskSize = 0

2024-07-08 15:01:49,448 INFO [long-pulling] client count 0

2024-07-08 15:01:49,528 INFO groupCount = 0, subscriberClientCount = 0, subscriberCount = 0

2024-07-08 15:01:49,528 INFO toNotifyTaskSize = 0

2024-07-08 15:01:49,528 INFO toClientNotifyTaskSize = 0

2024-07-08 15:01:59,449 INFO [long-pulling] client count 0

2024-07-08 15:01:59,541 INFO groupCount = 0, subscriberClientCount = 0, subscriberCount = 0

2024-07-08 15:01:59,541 INFO toNotifyTaskSize = 0

2024-07-08 15:01:59,541 INFO toClientNotifyTaskSize = 0

2024-07-08 15:02:09,457 INFO [long-pulling] client count 0

2024-07-08 15:02:09,546 INFO toNotifyTaskSize = 0

2024-07-08 15:02:09,546 INFO toClientNotifyTaskSize = 0

2024-07-08 15:02:09,546 INFO groupCount = 0, subscriberClientCount = 0, subscriberCount = 0

2024-07-08 15:02:19,459 INFO [long-pulling] client count 0

2024-07-08 15:02:19,552 INFO groupCount = 0, subscriberClientCount = 0, subscriberCount = 0

2024-07-08 15:02:19,552 INFO toNotifyTaskSize = 0

2024-07-08 15:02:19,552 INFO toClientNotifyTaskSize = 0

2024-07-08 15:02:29,461 INFO [long-pulling] client count 0

2024-07-08 15:02:29,553 INFO toNotifyTaskSize = 0

2024-07-08 15:02:29,553 INFO toClientNotifyTaskSize = 0

2024-07-08 15:02:29,553 INFO groupCount = 0, subscriberClientCount = 0, subscriberCount = 0

2024-07-08 15:02:39,464 INFO [long-pulling] client count 0

2024-07-08 15:02:39,557 INFO groupCount = 0, subscriberClientCount = 0, subscriberCount = 0

2024-07-08 15:02:39,557 INFO toNotifyTaskSize = 0

2024-07-08 15:02:39,557 INFO toClientNotifyTaskSize = 0

2024-07-08 15:02:49,472 INFO [long-pulling] client count 0

2024-07-08 15:02:49,565 INFO groupCount = 0, subscriberClientCount = 0, subscriberCount = 0

2024-07-08 15:02:49,565 INFO toNotifyTaskSize = 0

2024-07-08 15:02:49,565 INFO toClientNotifyTaskSize = 0

2024-07-08 15:02:59,481 INFO [long-pulling] client count 0

2024-07-08 15:02:59,575 INFO toNotifyTaskSize = 0

2024-07-08 15:02:59,575 INFO toClientNotifyTaskSize = 0

2024-07-08 15:02:59,575 INFO groupCount = 0, subscriberClientCount = 0, subscriberCount = 0

2024-07-08 15:03:09,494 INFO [long-pulling] client count 0

2024-07-08 15:03:09,587 INFO toNotifyTaskSize = 0

2024-07-08 15:03:09,587 INFO toClientNotifyTaskSize = 0

2024-07-08 15:03:09,587 INFO groupCount = 0, subscriberClientCount = 0, subscriberCount = 0

2024-07-08 15:03:19,506 INFO [long-pulling] client count 0

2024-07-08 15:03:19,599 INFO toNotifyTaskSize = 0

2024-07-08 15:03:19,599 INFO toClientNotifyTaskSize = 0

2024-07-08 15:03:19,599 INFO groupCount = 0, subscriberClientCount = 0, subscriberCount = 0

2024-07-08 15:03:29,509 INFO [long-pulling] client count 0

2024-07-08 15:03:29,602 INFO groupCount = 0, subscriberClientCount = 0, subscriberCount = 0

2024-07-08 15:03:29,602 INFO toNotifyTaskSize = 0

2024-07-08 15:03:29,602 INFO toClientNotifyTaskSize = 0

2024-07-08 15:03:39,520 INFO [long-pulling] client count 0

2024-07-08 15:03:39,612 INFO groupCount = 0, subscriberClientCount = 0, subscriberCount = 0

2024-07-08 15:03:39,612 INFO toNotifyTaskSize = 0

2024-07-08 15:03:39,612 INFO toClientNotifyTaskSize = 0

2024-07-08 15:03:49,520 INFO [long-pulling] client count 0

2024-07-08 15:03:49,613 INFO groupCount = 0, subscriberClientCount = 0, subscriberCount = 0

2024-07-08 15:03:49,613 INFO toNotifyTaskSize = 0

2024-07-08 15:03:49,613 INFO toClientNotifyTaskSize = 0

2024-07-08 15:03:59,531 INFO [long-pulling] client count 0

2024-07-08 15:03:59,624 INFO toNotifyTaskSize = 0

2024-07-08 15:03:59,624 INFO groupCount = 0, subscriberClientCount = 0, subscriberCount = 0

2024-07-08 15:03:59,624 INFO toClientNotifyTaskSize = 0

2024-07-08 15:04:09,543 INFO [long-pulling] client count 0

2024-07-08 15:04:09,636 INFO toNotifyTaskSize = 0

2024-07-08 15:04:09,636 INFO toClientNotifyTaskSize = 0

2024-07-08 15:04:09,636 INFO groupCount = 0, subscriberClientCount = 0, subscriberCount = 0

2024-07-08 15:04:19,544 INFO [long-pulling] client count 0

2024-07-08 15:04:19,636 INFO toNotifyTaskSize = 0

2024-07-08 15:04:19,636 INFO toClientNotifyTaskSize = 0

2024-07-08 15:04:19,636 INFO groupCount = 0, subscriberClientCount = 0, subscriberCount = 0

2024-07-08 15:04:29,554 INFO [long-pulling] client count 0

2024-07-08 15:04:29,648 INFO groupCount = 0, subscriberClientCount = 0, subscriberCount = 0

2024-07-08 15:04:29,648 INFO toNotifyTaskSize = 0

2024-07-08 15:04:29,648 INFO toClientNotifyTaskSize = 0

2024-07-08 15:04:39,566 INFO [long-pulling] client count 0

2024-07-08 15:04:39,659 INFO toNotifyTaskSize = 0

2024-07-08 15:04:39,659 INFO groupCount = 0, subscriberClientCount = 0, subscriberCount = 0

2024-07-08 15:04:39,659 INFO toClientNotifyTaskSize = 0

2024-07-08 15:04:49,571 INFO [long-pulling] client count 0

2024-07-08 15:04:49,663 INFO toNotifyTaskSize = 0

2024-07-08 15:04:49,663 INFO toClientNotifyTaskSize = 0

2024-07-08 15:04:49,663 INFO groupCount = 0, subscriberClientCount = 0, subscriberCount = 0

2024-07-08 15:04:59,583 INFO [long-pulling] client count 0

2024-07-08 15:04:59,675 INFO groupCount = 0, subscriberClientCount = 0, subscriberCount = 0

2024-07-08 15:04:59,675 INFO toNotifyTaskSize = 0

2024-07-08 15:04:59,675 INFO toClientNotifyTaskSize = 0

2024-07-08 15:05:09,588 INFO [long-pulling] client count 0

2024-07-08 15:05:09,681 INFO groupCount = 0, subscriberClientCount = 0, subscriberCount = 0

2024-07-08 15:05:09,681 INFO toNotifyTaskSize = 0

2024-07-08 15:05:09,681 INFO toClientNotifyTaskSize = 0

2024-07-08 15:05:19,593 INFO [long-pulling] client count 0

2024-07-08 15:05:19,685 INFO toNotifyTaskSize = 0

2024-07-08 15:05:19,685 INFO toClientNotifyTaskSize = 0

2024-07-08 15:05:19,685 INFO groupCount = 0, subscriberClientCount = 0, subscriberCount = 0

2024-07-08 15:05:29,602 INFO [long-pulling] client count 0

2024-07-08 15:05:29,694 INFO toNotifyTaskSize = 0

2024-07-08 15:05:29,694 INFO groupCount = 0, subscriberClientCount = 0, subscriberCount = 0

2024-07-08 15:05:29,694 INFO toClientNotifyTaskSize = 0

2024-07-08 15:05:39,608 INFO [long-pulling] client count 0

2024-07-08 15:05:39,702 INFO toNotifyTaskSize = 0

2024-07-08 15:05:39,702 INFO toClientNotifyTaskSize = 0

2024-07-08 15:05:39,702 INFO groupCount = 0, subscriberClientCount = 0, subscriberCount = 0

2024-07-08 15:05:49,610 INFO [long-pulling] client count 0

2024-07-08 15:05:49,716 INFO groupCount = 0, subscriberClientCount = 0, subscriberCount = 0

2024-07-08 15:05:49,716 INFO toNotifyTaskSize = 0

2024-07-08 15:05:49,716 INFO toClientNotifyTaskSize = 0

2024-07-08 15:05:59,620 INFO [long-pulling] client count 0

2024-07-08 15:05:59,729 INFO toNotifyTaskSize = 0

2024-07-08 15:05:59,729 INFO groupCount = 0, subscriberClientCount = 0, subscriberCount = 0

2024-07-08 15:05:59,729 INFO toClientNotifyTaskSize = 0

2024-07-08 15:06:09,630 INFO [long-pulling] client count 0

2024-07-08 15:06:09,739 INFO groupCount = 0, subscriberClientCount = 0, subscriberCount = 0

2024-07-08 15:06:09,741 INFO toNotifyTaskSize = 0

2024-07-08 15:06:09,742 INFO toClientNotifyTaskSize = 0

2024-07-08 15:06:19,641 INFO [long-pulling] client count 0

2024-07-08 15:06:19,750 INFO groupCount = 0, subscriberClientCount = 0, subscriberCount = 0

2024-07-08 15:06:19,750 INFO toNotifyTaskSize = 0

2024-07-08 15:06:19,750 INFO toClientNotifyTaskSize = 0

2024-07-08 15:06:29,654 INFO [long-pulling] client count 0

2024-07-08 15:06:29,763 INFO toNotifyTaskSize = 0

2024-07-08 15:06:29,763 INFO toClientNotifyTaskSize = 0

2024-07-08 15:06:29,763 INFO groupCount = 0, subscriberClientCount = 0, subscriberCount = 0

2024-07-08 15:06:39,661 INFO [long-pulling] client count 0

2024-07-08 15:06:39,770 INFO groupCount = 0, subscriberClientCount = 0, subscriberCount = 0

2024-07-08 15:06:39,770 INFO toNotifyTaskSize = 0

2024-07-08 15:06:39,770 INFO toClientNotifyTaskSize = 0

2024-07-08 15:06:49,672 INFO [long-pulling] client count 0

2024-07-08 15:06:49,780 INFO toNotifyTaskSize = 0

2024-07-08 15:06:49,780 INFO toClientNotifyTaskSize = 0

2024-07-08 15:06:49,781 INFO groupCount = 0, subscriberClientCount = 0, subscriberCount = 0

2024-07-08 15:06:59,687 INFO [long-pulling] client count 0

2024-07-08 15:06:59,795 INFO toNotifyTaskSize = 0

2024-07-08 15:06:59,795 INFO toClientNotifyTaskSize = 0

2024-07-08 15:06:59,795 INFO groupCount = 0, subscriberClientCount = 0, subscriberCount = 0

2024-07-08 15:07:09,687 INFO [long-pulling] client count 0

2024-07-08 15:07:09,795 INFO toNotifyTaskSize = 0

2024-07-08 15:07:09,795 INFO groupCount = 0, subscriberClientCount = 0, subscriberCount = 0

2024-07-08 15:07:09,795 INFO toClientNotifyTaskSize = 0

