2024-07-08 14:23:40,041 INFO Current addressing mode selection : StandaloneMemberLookup

2024-07-08 14:23:41,737 INFO [ClusterRpcClientProxy] success to refresh cluster rpc client on start up,members =[] 

2024-07-08 14:23:43,474 INFO This node is ready to provide external services

2024-07-08 14:26:50,010 INFO Current addressing mode selection : AddressServerMemberLookup

2024-07-08 14:26:50,046 ERROR [serverlist] exception, error : caused: jmenv.tbsite.net;

2024-07-08 14:26:50,046 ERROR [serverlist] exception, error : caused: jmenv.tbsite.net;

2024-07-08 14:26:50,046 ERROR [serverlist] exception, error : caused: jmenv.tbsite.net;

2024-07-08 14:26:50,046 ERROR [serverlist] exception, error : caused: jmenv.tbsite.net;

2024-07-08 14:26:50,048 ERROR [serverlist] exception, error : caused: jmenv.tbsite.net;

2024-07-08 14:27:02,719 INFO Current addressing mode selection : StandaloneMemberLookup

2024-07-08 14:27:04,035 INFO [ClusterRpcClientProxy] success to refresh cluster rpc client on start up,members =[] 

2024-07-08 14:27:05,775 INFO This node is ready to provide external services

2024-07-08 14:27:26,463 INFO Current addressing mode selection : StandaloneMemberLookup

2024-07-08 14:27:27,847 INFO [ClusterRpcClientProxy] success to refresh cluster rpc client on start up,members =[] 

2024-07-08 14:27:29,653 INFO This node is ready to provide external services

<<<<<<< Updated upstream
2024-07-08 15:11:09,792 INFO Current addressing mode selection : StandaloneMemberLookup

2024-07-08 15:11:11,060 INFO [ClusterRpcClientProxy] success to refresh cluster rpc client on start up,members =[] 

2024-07-08 15:15:57,792 INFO Current addressing mode selection : StandaloneMemberLookup

2024-07-08 15:15:59,057 INFO [ClusterRpcClientProxy] success to refresh cluster rpc client on start up,members =[] 

2024-07-08 15:22:11,760 INFO Current addressing mode selection : StandaloneMemberLookup

2024-07-08 15:22:13,229 INFO [ClusterRpcClientProxy] success to refresh cluster rpc client on start up,members =[] 

2024-07-08 15:26:52,849 INFO Current addressing mode selection : StandaloneMemberLookup

2024-07-08 15:26:54,180 INFO [ClusterRpcClientProxy] success to refresh cluster rpc client on start up,members =[] 

2024-07-08 15:34:09,796 INFO Current addressing mode selection : StandaloneMemberLookup

2024-07-08 15:34:11,056 INFO [ClusterRpcClientProxy] success to refresh cluster rpc client on start up,members =[] 

2024-07-08 15:42:16,719 INFO Current addressing mode selection : AddressServerMemberLookup

2024-07-08 15:42:16,781 ERROR [serverlist] exception, error : caused: jmenv.tbsite.net;

2024-07-08 15:42:16,781 ERROR [serverlist] exception, error : caused: jmenv.tbsite.net;

2024-07-08 15:42:16,781 ERROR [serverlist] exception, error : caused: jmenv.tbsite.net;

2024-07-08 15:42:16,781 ERROR [serverlist] exception, error : caused: jmenv.tbsite.net;

2024-07-08 15:42:16,781 ERROR [serverlist] exception, error : caused: jmenv.tbsite.net;

2024-07-08 15:42:58,537 INFO Current addressing mode selection : StandaloneMemberLookup

2024-07-08 15:42:59,840 INFO [ClusterRpcClientProxy] success to refresh cluster rpc client on start up,members =[] 

2024-07-08 15:43:34,700 INFO Current addressing mode selection : StandaloneMemberLookup

2024-07-08 15:43:35,989 INFO [ClusterRpcClientProxy] success to refresh cluster rpc client on start up,members =[] 
=======
2024-07-08 16:53:41,611 INFO Current addressing mode selection : AddressServerMemberLookup

2024-07-08 16:53:42,659 ERROR [serverlist] exception, error : caused: jmenv.tbsite.net;

2024-07-08 16:53:42,660 ERROR [serverlist] exception, error : caused: jmenv.tbsite.net;

2024-07-08 16:53:42,660 ERROR [serverlist] exception, error : caused: jmenv.tbsite.net;

2024-07-08 16:53:42,661 ERROR [serverlist] exception, error : caused: jmenv.tbsite.net;

2024-07-08 16:53:42,661 ERROR [serverlist] exception, error : caused: jmenv.tbsite.net;
>>>>>>> Stashed changes

