2024-07-08 14:23:40,104 INFO [ClientConnectionEventListenerRegistry] registry listener - ConnectionBasedClientManager

2024-07-08 14:23:41,845 INFO [ClientConnectionEventListenerRegistry] registry listener - ConfigConnectionEventListener

2024-07-08 14:23:41,879 INFO [ClientConnectionEventListenerRegistry] registry listener - RpcAckCallbackInitorOrCleaner

2024-07-08 14:23:41,932 INFO Nacos GrpcSdkServer Rpc server starting at port 9848 and tls config:{"sslProvider":"","enableTls":false,"mutualAuthEnable":false,"trustAll":false,"compatibility":true}

2024-07-08 14:23:42,020 WARN Recommended use 'nacos.remote.server.grpc.sdk.max-inbound-message-size' property instead 'nacos.remote.server.grpc.maxinbound.message.size', now property value is 10485760

2024-07-08 14:23:42,117 INFO Nacos GrpcSdkServer Rpc server started at port 9848 and tls config:{"sslProvider":"","enableTls":false,"mutualAuthEnable":false,"trustAll":false,"compatibility":true}

2024-07-08 14:23:42,119 INFO Nacos GrpcClusterServer Rpc server starting at port 9849 and tls config:{"sslProvider":"","enableTls":false,"mutualAuthEnable":false,"trustAll":false,"compatibility":true}

2024-07-08 14:23:42,119 WARN Recommended use 'nacos.remote.server.grpc.cluster.max-inbound-message-size' property instead 'nacos.remote.server.grpc.maxinbound.message.size', now property value is 10485760

2024-07-08 14:23:42,121 INFO Nacos GrpcClusterServer Rpc server started at port 9849 and tls config:{"sslProvider":"","enableTls":false,"mutualAuthEnable":false,"trustAll":false,"compatibility":true}

2024-07-08 14:27:02,777 INFO [ClientConnectionEventListenerRegistry] registry listener - ConnectionBasedClientManager

2024-07-08 14:27:04,135 INFO [ClientConnectionEventListenerRegistry] registry listener - ConfigConnectionEventListener

2024-07-08 14:27:04,167 INFO [ClientConnectionEventListenerRegistry] registry listener - RpcAckCallbackInitorOrCleaner

2024-07-08 14:27:04,219 INFO Nacos GrpcSdkServer Rpc server starting at port 9848 and tls config:{"sslProvider":"","enableTls":false,"mutualAuthEnable":false,"trustAll":false,"compatibility":true}

2024-07-08 14:27:04,309 WARN Recommended use 'nacos.remote.server.grpc.sdk.max-inbound-message-size' property instead 'nacos.remote.server.grpc.maxinbound.message.size', now property value is 10485760

2024-07-08 14:27:04,405 INFO Nacos GrpcSdkServer Rpc server started at port 9848 and tls config:{"sslProvider":"","enableTls":false,"mutualAuthEnable":false,"trustAll":false,"compatibility":true}

2024-07-08 14:27:04,406 INFO Nacos GrpcClusterServer Rpc server starting at port 9849 and tls config:{"sslProvider":"","enableTls":false,"mutualAuthEnable":false,"trustAll":false,"compatibility":true}

2024-07-08 14:27:04,407 WARN Recommended use 'nacos.remote.server.grpc.cluster.max-inbound-message-size' property instead 'nacos.remote.server.grpc.maxinbound.message.size', now property value is 10485760

2024-07-08 14:27:04,408 INFO Nacos GrpcClusterServer Rpc server started at port 9849 and tls config:{"sslProvider":"","enableTls":false,"mutualAuthEnable":false,"trustAll":false,"compatibility":true}

2024-07-08 14:27:26,517 INFO [ClientConnectionEventListenerRegistry] registry listener - ConnectionBasedClientManager

2024-07-08 14:27:27,969 INFO [ClientConnectionEventListenerRegistry] registry listener - ConfigConnectionEventListener

2024-07-08 14:27:28,010 INFO [ClientConnectionEventListenerRegistry] registry listener - RpcAckCallbackInitorOrCleaner

2024-07-08 14:27:28,069 INFO Nacos GrpcSdkServer Rpc server starting at port 9848 and tls config:{"sslProvider":"","enableTls":false,"mutualAuthEnable":false,"trustAll":false,"compatibility":true}

2024-07-08 14:27:28,154 WARN Recommended use 'nacos.remote.server.grpc.sdk.max-inbound-message-size' property instead 'nacos.remote.server.grpc.maxinbound.message.size', now property value is 10485760

2024-07-08 14:27:28,258 INFO Nacos GrpcSdkServer Rpc server started at port 9848 and tls config:{"sslProvider":"","enableTls":false,"mutualAuthEnable":false,"trustAll":false,"compatibility":true}

2024-07-08 14:27:28,261 INFO Nacos GrpcClusterServer Rpc server starting at port 9849 and tls config:{"sslProvider":"","enableTls":false,"mutualAuthEnable":false,"trustAll":false,"compatibility":true}

2024-07-08 14:27:28,261 WARN Recommended use 'nacos.remote.server.grpc.cluster.max-inbound-message-size' property instead 'nacos.remote.server.grpc.maxinbound.message.size', now property value is 10485760

2024-07-08 14:27:28,262 INFO Nacos GrpcClusterServer Rpc server started at port 9849 and tls config:{"sslProvider":"","enableTls":false,"mutualAuthEnable":false,"trustAll":false,"compatibility":true}

2024-07-08 15:11:09,872 INFO [ClientConnectionEventListenerRegistry] registry listener - ConnectionBasedClientManager

2024-07-08 15:11:11,207 INFO [ClientConnectionEventListenerRegistry] registry listener - ConfigConnectionEventListener

2024-07-08 15:11:11,252 INFO [ClientConnectionEventListenerRegistry] registry listener - RpcAckCallbackInitorOrCleaner

2024-07-08 15:11:11,313 INFO Nacos GrpcSdkServer Rpc server starting at port 9848 and tls config:{"sslProvider":"","enableTls":false,"mutualAuthEnable":false,"trustAll":false,"compatibility":true}

2024-07-08 15:11:11,418 WARN Recommended use 'nacos.remote.server.grpc.sdk.max-inbound-message-size' property instead 'nacos.remote.server.grpc.maxinbound.message.size', now property value is 10485760

2024-07-08 15:11:11,512 INFO Nacos GrpcSdkServer Rpc server started at port 9848 and tls config:{"sslProvider":"","enableTls":false,"mutualAuthEnable":false,"trustAll":false,"compatibility":true}

2024-07-08 15:11:11,514 INFO Nacos GrpcClusterServer Rpc server starting at port 9849 and tls config:{"sslProvider":"","enableTls":false,"mutualAuthEnable":false,"trustAll":false,"compatibility":true}

2024-07-08 15:11:11,515 WARN Recommended use 'nacos.remote.server.grpc.cluster.max-inbound-message-size' property instead 'nacos.remote.server.grpc.maxinbound.message.size', now property value is 10485760

2024-07-08 15:11:11,516 INFO Nacos GrpcClusterServer Rpc server started at port 9849 and tls config:{"sslProvider":"","enableTls":false,"mutualAuthEnable":false,"trustAll":false,"compatibility":true}

2024-07-08 15:11:12,404 INFO Nacos GrpcSdkServer Rpc server stopping

2024-07-08 15:11:12,404 INFO Nacos GrpcClusterServer Rpc server stopping

2024-07-08 15:11:12,404 INFO Nacos GrpcSdkServer Rpc server stopped successfully...

2024-07-08 15:11:12,404 INFO Nacos GrpcClusterServer Rpc server stopped successfully...

2024-07-08 15:15:57,881 INFO [ClientConnectionEventListenerRegistry] registry listener - ConnectionBasedClientManager

2024-07-08 15:15:59,154 INFO [ClientConnectionEventListenerRegistry] registry listener - ConfigConnectionEventListener

2024-07-08 15:15:59,183 INFO [ClientConnectionEventListenerRegistry] registry listener - RpcAckCallbackInitorOrCleaner

2024-07-08 15:15:59,226 INFO Nacos GrpcSdkServer Rpc server starting at port 9848 and tls config:{"sslProvider":"","enableTls":false,"mutualAuthEnable":false,"trustAll":false,"compatibility":true}

2024-07-08 15:15:59,305 WARN Recommended use 'nacos.remote.server.grpc.sdk.max-inbound-message-size' property instead 'nacos.remote.server.grpc.maxinbound.message.size', now property value is 10485760

2024-07-08 15:15:59,402 INFO Nacos GrpcSdkServer Rpc server started at port 9848 and tls config:{"sslProvider":"","enableTls":false,"mutualAuthEnable":false,"trustAll":false,"compatibility":true}

2024-07-08 15:15:59,405 INFO Nacos GrpcClusterServer Rpc server starting at port 9849 and tls config:{"sslProvider":"","enableTls":false,"mutualAuthEnable":false,"trustAll":false,"compatibility":true}

2024-07-08 15:15:59,405 WARN Recommended use 'nacos.remote.server.grpc.cluster.max-inbound-message-size' property instead 'nacos.remote.server.grpc.maxinbound.message.size', now property value is 10485760

2024-07-08 15:15:59,406 INFO Nacos GrpcClusterServer Rpc server started at port 9849 and tls config:{"sslProvider":"","enableTls":false,"mutualAuthEnable":false,"trustAll":false,"compatibility":true}

2024-07-08 15:16:00,294 INFO Nacos GrpcSdkServer Rpc server stopping

2024-07-08 15:16:00,294 INFO Nacos GrpcClusterServer Rpc server stopping

2024-07-08 15:16:00,295 INFO Nacos GrpcSdkServer Rpc server stopped successfully...

2024-07-08 15:16:00,295 INFO Nacos GrpcClusterServer Rpc server stopped successfully...

2024-07-08 15:22:11,818 INFO [ClientConnectionEventListenerRegistry] registry listener - ConnectionBasedClientManager

2024-07-08 15:22:13,348 INFO [ClientConnectionEventListenerRegistry] registry listener - ConfigConnectionEventListener

2024-07-08 15:22:13,382 INFO [ClientConnectionEventListenerRegistry] registry listener - RpcAckCallbackInitorOrCleaner

2024-07-08 15:22:13,425 INFO Nacos GrpcSdkServer Rpc server starting at port 9848 and tls config:{"sslProvider":"","enableTls":false,"mutualAuthEnable":false,"trustAll":false,"compatibility":true}

2024-07-08 15:22:13,511 WARN Recommended use 'nacos.remote.server.grpc.sdk.max-inbound-message-size' property instead 'nacos.remote.server.grpc.maxinbound.message.size', now property value is 10485760

2024-07-08 15:22:13,606 INFO Nacos GrpcSdkServer Rpc server started at port 9848 and tls config:{"sslProvider":"","enableTls":false,"mutualAuthEnable":false,"trustAll":false,"compatibility":true}

2024-07-08 15:22:13,608 INFO Nacos GrpcClusterServer Rpc server starting at port 9849 and tls config:{"sslProvider":"","enableTls":false,"mutualAuthEnable":false,"trustAll":false,"compatibility":true}

2024-07-08 15:22:13,609 WARN Recommended use 'nacos.remote.server.grpc.cluster.max-inbound-message-size' property instead 'nacos.remote.server.grpc.maxinbound.message.size', now property value is 10485760

2024-07-08 15:22:13,610 INFO Nacos GrpcClusterServer Rpc server started at port 9849 and tls config:{"sslProvider":"","enableTls":false,"mutualAuthEnable":false,"trustAll":false,"compatibility":true}

2024-07-08 15:22:14,501 INFO Nacos GrpcClusterServer Rpc server stopping

2024-07-08 15:22:14,501 INFO Nacos GrpcClusterServer Rpc server stopped successfully...

2024-07-08 15:22:14,502 INFO Nacos GrpcSdkServer Rpc server stopping

2024-07-08 15:22:14,502 INFO Nacos GrpcSdkServer Rpc server stopped successfully...

2024-07-08 15:26:52,907 INFO [ClientConnectionEventListenerRegistry] registry listener - ConnectionBasedClientManager

2024-07-08 15:26:54,326 INFO [ClientConnectionEventListenerRegistry] registry listener - ConfigConnectionEventListener

2024-07-08 15:26:54,361 INFO [ClientConnectionEventListenerRegistry] registry listener - RpcAckCallbackInitorOrCleaner

2024-07-08 15:26:54,418 INFO Nacos GrpcSdkServer Rpc server starting at port 9848 and tls config:{"sslProvider":"","enableTls":false,"mutualAuthEnable":false,"trustAll":false,"compatibility":true}

2024-07-08 15:26:54,505 WARN Recommended use 'nacos.remote.server.grpc.sdk.max-inbound-message-size' property instead 'nacos.remote.server.grpc.maxinbound.message.size', now property value is 10485760

2024-07-08 15:26:54,611 INFO Nacos GrpcSdkServer Rpc server started at port 9848 and tls config:{"sslProvider":"","enableTls":false,"mutualAuthEnable":false,"trustAll":false,"compatibility":true}

2024-07-08 15:26:54,612 INFO Nacos GrpcClusterServer Rpc server starting at port 9849 and tls config:{"sslProvider":"","enableTls":false,"mutualAuthEnable":false,"trustAll":false,"compatibility":true}

2024-07-08 15:26:54,613 WARN Recommended use 'nacos.remote.server.grpc.cluster.max-inbound-message-size' property instead 'nacos.remote.server.grpc.maxinbound.message.size', now property value is 10485760

2024-07-08 15:26:54,614 INFO Nacos GrpcClusterServer Rpc server started at port 9849 and tls config:{"sslProvider":"","enableTls":false,"mutualAuthEnable":false,"trustAll":false,"compatibility":true}

2024-07-08 15:26:55,480 INFO Nacos GrpcClusterServer Rpc server stopping

2024-07-08 15:26:55,480 INFO Nacos GrpcClusterServer Rpc server stopped successfully...

2024-07-08 15:26:55,480 INFO Nacos GrpcSdkServer Rpc server stopping

2024-07-08 15:26:55,480 INFO Nacos GrpcSdkServer Rpc server stopped successfully...

2024-07-08 15:34:09,857 INFO [ClientConnectionEventListenerRegistry] registry listener - ConnectionBasedClientManager

2024-07-08 15:34:11,176 INFO [ClientConnectionEventListenerRegistry] registry listener - ConfigConnectionEventListener

2024-07-08 15:34:11,212 INFO [ClientConnectionEventListenerRegistry] registry listener - RpcAckCallbackInitorOrCleaner

2024-07-08 15:34:11,265 INFO Nacos GrpcSdkServer Rpc server starting at port 9848 and tls config:{"sslProvider":"","enableTls":false,"mutualAuthEnable":false,"trustAll":false,"compatibility":true}

2024-07-08 15:34:11,353 WARN Recommended use 'nacos.remote.server.grpc.sdk.max-inbound-message-size' property instead 'nacos.remote.server.grpc.maxinbound.message.size', now property value is 10485760

2024-07-08 15:34:11,460 INFO Nacos GrpcSdkServer Rpc server started at port 9848 and tls config:{"sslProvider":"","enableTls":false,"mutualAuthEnable":false,"trustAll":false,"compatibility":true}

2024-07-08 15:34:11,462 INFO Nacos GrpcClusterServer Rpc server starting at port 9849 and tls config:{"sslProvider":"","enableTls":false,"mutualAuthEnable":false,"trustAll":false,"compatibility":true}

2024-07-08 15:34:11,463 WARN Recommended use 'nacos.remote.server.grpc.cluster.max-inbound-message-size' property instead 'nacos.remote.server.grpc.maxinbound.message.size', now property value is 10485760

2024-07-08 15:34:11,464 INFO Nacos GrpcClusterServer Rpc server started at port 9849 and tls config:{"sslProvider":"","enableTls":false,"mutualAuthEnable":false,"trustAll":false,"compatibility":true}

2024-07-08 15:34:12,354 INFO Nacos GrpcClusterServer Rpc server stopping

2024-07-08 15:34:12,354 INFO Nacos GrpcClusterServer Rpc server stopped successfully...

2024-07-08 15:34:12,354 INFO Nacos GrpcSdkServer Rpc server stopping

2024-07-08 15:34:12,354 INFO Nacos GrpcSdkServer Rpc server stopped successfully...

2024-07-08 15:42:58,594 INFO [ClientConnectionEventListenerRegistry] registry listener - ConnectionBasedClientManager

2024-07-08 15:42:59,973 INFO [ClientConnectionEventListenerRegistry] registry listener - ConfigConnectionEventListener

2024-07-08 15:43:00,013 INFO [ClientConnectionEventListenerRegistry] registry listener - RpcAckCallbackInitorOrCleaner

2024-07-08 15:43:00,075 INFO Nacos GrpcSdkServer Rpc server starting at port 9848 and tls config:{"sslProvider":"","enableTls":false,"mutualAuthEnable":false,"trustAll":false,"compatibility":true}

2024-07-08 15:43:00,163 WARN Recommended use 'nacos.remote.server.grpc.sdk.max-inbound-message-size' property instead 'nacos.remote.server.grpc.maxinbound.message.size', now property value is 10485760

2024-07-08 15:43:00,257 INFO Nacos GrpcSdkServer Rpc server started at port 9848 and tls config:{"sslProvider":"","enableTls":false,"mutualAuthEnable":false,"trustAll":false,"compatibility":true}

2024-07-08 15:43:00,259 INFO Nacos GrpcClusterServer Rpc server starting at port 9849 and tls config:{"sslProvider":"","enableTls":false,"mutualAuthEnable":false,"trustAll":false,"compatibility":true}

2024-07-08 15:43:00,259 WARN Recommended use 'nacos.remote.server.grpc.cluster.max-inbound-message-size' property instead 'nacos.remote.server.grpc.maxinbound.message.size', now property value is 10485760

2024-07-08 15:43:00,261 INFO Nacos GrpcClusterServer Rpc server started at port 9849 and tls config:{"sslProvider":"","enableTls":false,"mutualAuthEnable":false,"trustAll":false,"compatibility":true}

2024-07-08 15:43:01,141 INFO Nacos GrpcClusterServer Rpc server stopping

2024-07-08 15:43:01,141 INFO Nacos GrpcSdkServer Rpc server stopping

2024-07-08 15:43:01,141 INFO Nacos GrpcClusterServer Rpc server stopped successfully...

2024-07-08 15:43:01,141 INFO Nacos GrpcSdkServer Rpc server stopped successfully...

2024-07-08 15:43:34,760 INFO [ClientConnectionEventListenerRegistry] registry listener - ConnectionBasedClientManager

2024-07-08 15:43:36,124 INFO [ClientConnectionEventListenerRegistry] registry listener - ConfigConnectionEventListener

2024-07-08 15:43:36,162 INFO [ClientConnectionEventListenerRegistry] registry listener - RpcAckCallbackInitorOrCleaner

2024-07-08 15:43:36,215 INFO Nacos GrpcSdkServer Rpc server starting at port 9848 and tls config:{"sslProvider":"","enableTls":false,"mutualAuthEnable":false,"trustAll":false,"compatibility":true}

2024-07-08 15:43:36,301 WARN Recommended use 'nacos.remote.server.grpc.sdk.max-inbound-message-size' property instead 'nacos.remote.server.grpc.maxinbound.message.size', now property value is 10485760

2024-07-08 15:43:36,400 INFO Nacos GrpcSdkServer Rpc server started at port 9848 and tls config:{"sslProvider":"","enableTls":false,"mutualAuthEnable":false,"trustAll":false,"compatibility":true}

2024-07-08 15:43:36,402 INFO Nacos GrpcClusterServer Rpc server starting at port 9849 and tls config:{"sslProvider":"","enableTls":false,"mutualAuthEnable":false,"trustAll":false,"compatibility":true}

2024-07-08 15:43:36,403 WARN Recommended use 'nacos.remote.server.grpc.cluster.max-inbound-message-size' property instead 'nacos.remote.server.grpc.maxinbound.message.size', now property value is 10485760

2024-07-08 15:43:36,404 INFO Nacos GrpcClusterServer Rpc server started at port 9849 and tls config:{"sslProvider":"","enableTls":false,"mutualAuthEnable":false,"trustAll":false,"compatibility":true}

2024-07-08 15:43:37,308 INFO Nacos GrpcClusterServer Rpc server stopping

2024-07-08 15:43:37,309 INFO Nacos GrpcClusterServer Rpc server stopped successfully...

2024-07-08 15:43:37,309 INFO Nacos GrpcSdkServer Rpc server stopping

2024-07-08 15:43:37,309 INFO Nacos GrpcSdkServer Rpc server stopped successfully...

